Vivado Simulator v2022.2
Copyright 1986-1999, 2001-2022 Xilinx, Inc. All Rights Reserved.
Running: /software/xilinx-tools-2022/Vivado/2022.2/bin/unwrapped/lnx64.o/xelab -debug typical alu_tb -s alu_sim 
Multi-threading is on. Using 94 slave threads.
Starting static elaboration
Pass Through NonSizing Optimizer
Completed static elaboration
Starting simulation data flow analysis
WARNING: [XSIM 43-4328] File: /home/khyang/harvard/cs1410_lab/lab2/lab2_server/tb/alu_tb.sv Line: 80 : Sensitivity on input argument "test_x" of task "test_and" may never get triggered.
WARNING: [XSIM 43-4328] File: /home/khyang/harvard/cs1410_lab/lab2/lab2_server/tb/alu_tb.sv Line: 81 : Sensitivity on input argument "test_y" of task "test_and" may never get triggered.
WARNING: [XSIM 43-4328] File: /home/khyang/harvard/cs1410_lab/lab2/lab2_server/tb/alu_tb.sv Line: 145 : Sensitivity on input argument "test_x" of task "test_add" may never get triggered.
WARNING: [XSIM 43-4328] File: /home/khyang/harvard/cs1410_lab/lab2/lab2_server/tb/alu_tb.sv Line: 146 : Sensitivity on input argument "test_y" of task "test_add" may never get triggered.
WARNING: [XSIM 43-4328] File: /home/khyang/harvard/cs1410_lab/lab2/lab2_server/tb/alu_tb.sv Line: 208 : Sensitivity on input argument "test_x" of task "test_sub" may never get triggered.
WARNING: [XSIM 43-4328] File: /home/khyang/harvard/cs1410_lab/lab2/lab2_server/tb/alu_tb.sv Line: 209 : Sensitivity on input argument "test_y" of task "test_sub" may never get triggered.
WARNING: [XSIM 43-4328] File: /home/khyang/harvard/cs1410_lab/lab2/lab2_server/tb/alu_tb.sv Line: 267 : Sensitivity on input argument "test_x" of task "test_slt" may never get triggered.
WARNING: [XSIM 43-4328] File: /home/khyang/harvard/cs1410_lab/lab2/lab2_server/tb/alu_tb.sv Line: 268 : Sensitivity on input argument "test_y" of task "test_slt" may never get triggered.
WARNING: [XSIM 43-4328] File: /home/khyang/harvard/cs1410_lab/lab2/lab2_server/tb/alu_tb.sv Line: 327 : Sensitivity on input argument "test_x" of task "test_srl" may never get triggered.
WARNING: [XSIM 43-4328] File: /home/khyang/harvard/cs1410_lab/lab2/lab2_server/tb/alu_tb.sv Line: 328 : Sensitivity on input argument "test_y" of task "test_srl" may never get triggered.
WARNING: [XSIM 43-4328] File: /home/khyang/harvard/cs1410_lab/lab2/lab2_server/tb/alu_tb.sv Line: 387 : Sensitivity on input argument "test_x" of task "test_sra" may never get triggered.
WARNING: [XSIM 43-4328] File: /home/khyang/harvard/cs1410_lab/lab2/lab2_server/tb/alu_tb.sv Line: 388 : Sensitivity on input argument "test_y" of task "test_sra" may never get triggered.
WARNING: [XSIM 43-4328] File: /home/khyang/harvard/cs1410_lab/lab2/lab2_server/tb/alu_tb.sv Line: 447 : Sensitivity on input argument "test_x" of task "test_sll" may never get triggered.
WARNING: [XSIM 43-4328] File: /home/khyang/harvard/cs1410_lab/lab2/lab2_server/tb/alu_tb.sv Line: 448 : Sensitivity on input argument "test_y" of task "test_sll" may never get triggered.
Completed simulation data flow analysis
Time Resolution for simulation is 1ps
Compiling module work.and32
Compiling module work.cla4
Compiling module work.cla16_default
Compiling module work.cla32_default
Compiling module work.not32
Compiling module work.slt_32bit
Compiling module work.mux_2x1
Compiling module work.srl_default
Compiling module work.sra_default
Compiling module work.sll_default
Compiling module work.mux_4x1
Compiling module work.mux_8x1
Compiling module work.mux_8x32_default
Compiling module work.STUDENT_alu
Compiling module work.alu_tb
Built simulation snapshot alu_sim
