#-----------------------------------------------------------
# xsim v2022.2 (64-bit)
# SW Build 3671981 on Fri Oct 14 04:59:54 MDT 2022
# IP Build 3669848 on Fri Oct 14 08:30:02 MDT 2022
# Start of session at: Fri Oct 10 00:31:47 2025
# Process ID: 1037734
# Current directory: /home/khyang/harvard/cs1410_lab/lab2/lab2_server
# Command line: xsim -mode tcl -source {xsim.dir/full_adder_sim/xsim_script.tcl}
# Log file: /home/khyang/harvard/cs1410_lab/lab2/lab2_server/xsim.log
# Journal file: /home/khyang/harvard/cs1410_lab/lab2/lab2_server/xsim.jou
# Running On: sec-academic-1.int.seas.harvard.edu, OS: Linux, CPU Frequency: 1199.935 MHz, CPU Physical cores: 27, Host memory: 539830 MB
#-----------------------------------------------------------
source xsim.dir/full_adder_sim/xsim_script.tcl
# xsim {full_adder_sim} -autoloadwcfg -runall
Time resolution is 1 ps
run -all
Starting full_adder testbench...
=====================================

Testing all input combinations...

=====================================
Test Results Summary:
Total tests run:           8
Errors:           0
ALL TESTS PASSED! ✓
=====================================
$finish called at time : 80 ns : File "/home/khyang/harvard/cs1410_lab/lab2/lab2_server/tb/full_adder_tb.sv" Line 124
exit
INFO: [Common 17-206] Exiting xsim at Fri Oct 10 00:31:51 2025...
