#-----------------------------------------------------------
# xsim v2022.2 (64-bit)
# SW Build 3671981 on Fri Oct 14 04:59:54 MDT 2022
# IP Build 3669848 on Fri Oct 14 08:30:02 MDT 2022
# Start of session at: Fri Oct 10 17:14:52 2025
# Process ID: 1023602
# Current directory: /home/khyang/harvard/cs1410_lab/lab2/lab2_server
# Command line: xsim -mode tcl -source {xsim.dir/alu_sim/xsim_script.tcl}
# Log file: /home/khyang/harvard/cs1410_lab/lab2/lab2_server/xsim.log
# Journal file: /home/khyang/harvard/cs1410_lab/lab2/lab2_server/xsim.jou
# Running On: sec-academic-1.int.seas.harvard.edu, OS: Linux, CPU Frequency: 1199.998 MHz, CPU Physical cores: 24, Host memory: 539830 MB
#-----------------------------------------------------------
source xsim.dir/alu_sim/xsim_script.tcl
# xsim {alu_sim} -autoloadwcfg -runall
Time resolution is 1 ps
run -all
Starting ALU testbench for implemented operations...
=====================================

Testing AND operation...

Testing ADD operation...
ERROR: ADD operation failed at time                80000
  Operation: ADD (3'b001)
  Input x = 0x00000000 (00000000000000000000000000000000) =           0
  Input y = 0x00000000 (00000000000000000000000000000000) =           0
  Expected z = 0x00000000 (00000000000000000000000000000000) =           0
  Got      z = 0xxxxxxxxX (xxxxxxxxxxxxxxxxxxxxxxxxxxxxxxx0) =           X
ERROR: ADD zero flag failed at time                80000
  Operation: ADD (3'b001)
  Input x = 0x00000000 (00000000000000000000000000000000) =           0
  Input y = 0x00000000 (00000000000000000000000000000000) =           0
  Result z = 0xxxxxxxxX (xxxxxxxxxxxxxxxxxxxxxxxxxxxxxxx0) =           X
  Expected zero = 1, Got = x
ERROR: ADD operation failed at time                90000
  Operation: ADD (3'b001)
  Input x = 0x00000001 (00000000000000000000000000000001) =           1
  Input y = 0x00000001 (00000000000000000000000000000001) =           1
  Expected z = 0x00000002 (00000000000000000000000000000010) =           2
  Got      z = 0xxxxxxxxX (xxxxxxxxxxxxxxxxxxxxxxxxxxxxxxx0) =           X
ERROR: ADD zero flag failed at time                90000
  Operation: ADD (3'b001)
  Input x = 0x00000001 (00000000000000000000000000000001) =           1
  Input y = 0x00000001 (00000000000000000000000000000001) =           1
  Result z = 0xxxxxxxxX (xxxxxxxxxxxxxxxxxxxxxxxxxxxxxxx0) =           X
  Expected zero = 0, Got = x
ERROR: ADD operation failed at time               100000
  Operation: ADD (3'b001)
  Input x = 0x7fffffff (01111111111111111111111111111111) =  2147483647
  Input y = 0x00000000 (00000000000000000000000000000000) =           0
  Expected z = 0x7fffffff (01111111111111111111111111111111) =  2147483647
  Got      z = 0xxxxxxxxX (xxxxxxxxxxxxxxxxxxxxxxxxxxxxxxx1) =           X
ERROR: ADD operation failed at time               110000
  Operation: ADD (3'b001)
  Input x = 0x80000000 (10000000000000000000000000000000) = -2147483648
  Input y = 0x00000000 (00000000000000000000000000000000) =           0
  Expected z = 0x80000000 (10000000000000000000000000000000) = -2147483648
  Got      z = 0xxxxxxxxX (xxxxxxxxxxxxxxxxxxxxxxxxxxxxxxx0) =           X
ERROR: ADD zero flag failed at time               110000
  Operation: ADD (3'b001)
  Input x = 0x80000000 (10000000000000000000000000000000) = -2147483648
  Input y = 0x00000000 (00000000000000000000000000000000) =           0
  Result z = 0xxxxxxxxX (xxxxxxxxxxxxxxxxxxxxxxxxxxxxxxx0) =           X
  Expected zero = 0, Got = x
Testing ADD overflow cases...
ERROR: ADD operation failed at time               120000
  Operation: ADD (3'b001)
  Input x = 0x7fffffff (01111111111111111111111111111111) =  2147483647
  Input y = 0x00000001 (00000000000000000000000000000001) =           1
  Expected z = 0x80000000 (10000000000000000000000000000000) = -2147483648
  Got      z = 0xxxxxxxxX (xxxxxxxxxxxxxxxxxxxxxxxxxxxxxxx0) =           X
ERROR: ADD zero flag failed at time               120000
  Operation: ADD (3'b001)
  Input x = 0x7fffffff (01111111111111111111111111111111) =  2147483647
  Input y = 0x00000001 (00000000000000000000000000000001) =           1
  Result z = 0xxxxxxxxX (xxxxxxxxxxxxxxxxxxxxxxxxxxxxxxx0) =           X
  Expected zero = 0, Got = x
ERROR: ADD overflow flag failed at time               120000
  Operation: ADD (3'b001)
  Input x = 0x7fffffff (01111111111111111111111111111111) =  2147483647
  Input y = 0x00000001 (00000000000000000000000000000001) =           1
  Result z = 0xxxxxxxxX (xxxxxxxxxxxxxxxxxxxxxxxxxxxxxxx0) =           X
  Expected overflow = 1, Got = 0
ERROR: ADD operation failed at time               130000
  Operation: ADD (3'b001)
  Input x = 0x7fffffff (01111111111111111111111111111111) =  2147483647
  Input y = 0x7fffffff (01111111111111111111111111111111) =  2147483647
  Expected z = 0xfffffffe (11111111111111111111111111111110) =          -2
  Got      z = 0xxxxxxxxX (xxxxxxxxxxxxxxxxxxxxxxxxxxxxxxx0) =           X
ERROR: ADD zero flag failed at time               130000
  Operation: ADD (3'b001)
  Input x = 0x7fffffff (01111111111111111111111111111111) =  2147483647
  Input y = 0x7fffffff (01111111111111111111111111111111) =  2147483647
  Result z = 0xxxxxxxxX (xxxxxxxxxxxxxxxxxxxxxxxxxxxxxxx0) =           X
  Expected zero = 0, Got = x
ERROR: ADD overflow flag failed at time               130000
  Operation: ADD (3'b001)
  Input x = 0x7fffffff (01111111111111111111111111111111) =  2147483647
  Input y = 0x7fffffff (01111111111111111111111111111111) =  2147483647
  Result z = 0xxxxxxxxX (xxxxxxxxxxxxxxxxxxxxxxxxxxxxxxx0) =           X
  Expected overflow = 1, Got = 0
ERROR: ADD operation failed at time               140000
  Operation: ADD (3'b001)
  Input x = 0x80000000 (10000000000000000000000000000000) = -2147483648
  Input y = 0x80000000 (10000000000000000000000000000000) = -2147483648
  Expected z = 0x00000000 (00000000000000000000000000000000) =           0
  Got      z = 0xxxxxxxxX (xxxxxxxxxxxxxxxxxxxxxxxxxxxxxxx0) =           X
ERROR: ADD zero flag failed at time               140000
  Operation: ADD (3'b001)
  Input x = 0x80000000 (10000000000000000000000000000000) = -2147483648
  Input y = 0x80000000 (10000000000000000000000000000000) = -2147483648
  Result z = 0xxxxxxxxX (xxxxxxxxxxxxxxxxxxxxxxxxxxxxxxx0) =           X
  Expected zero = 1, Got = x
ERROR: ADD overflow flag failed at time               140000
  Operation: ADD (3'b001)
  Input x = 0x80000000 (10000000000000000000000000000000) = -2147483648
  Input y = 0x80000000 (10000000000000000000000000000000) = -2147483648
  Result z = 0xxxxxxxxX (xxxxxxxxxxxxxxxxxxxxxxxxxxxxxxx0) =           X
  Expected overflow = 1, Got = 0
ERROR: ADD operation failed at time               150000
  Operation: ADD (3'b001)
  Input x = 0x80000000 (10000000000000000000000000000000) = -2147483648
  Input y = 0xffffffff (11111111111111111111111111111111) =          -1
  Expected z = 0x7fffffff (01111111111111111111111111111111) =  2147483647
  Got      z = 0xxxxxxxxX (xxxxxxxxxxxxxxxxxxxxxxxxxxxxxxx1) =           X
ERROR: ADD overflow flag failed at time               150000
  Operation: ADD (3'b001)
  Input x = 0x80000000 (10000000000000000000000000000000) = -2147483648
  Input y = 0xffffffff (11111111111111111111111111111111) =          -1
  Result z = 0xxxxxxxxX (xxxxxxxxxxxxxxxxxxxxxxxxxxxxxxx1) =           X
  Expected overflow = 1, Got = 0
Testing ADD no-overflow cases...
ERROR: ADD operation failed at time               160000
  Operation: ADD (3'b001)
  Input x = 0x7fffffff (01111111111111111111111111111111) =  2147483647
  Input y = 0x00000000 (00000000000000000000000000000000) =           0
  Expected z = 0x7fffffff (01111111111111111111111111111111) =  2147483647
  Got      z = 0xxxxxxxxX (xxxxxxxxxxxxxxxxxxxxxxxxxxxxxxx1) =           X
ERROR: ADD operation failed at time               170000
  Operation: ADD (3'b001)
  Input x = 0x80000000 (10000000000000000000000000000000) = -2147483648
  Input y = 0x00000001 (00000000000000000000000000000001) =           1
  Expected z = 0x80000001 (10000000000000000000000000000001) = -2147483647
  Got      z = 0xxxxxxxxX (xxxxxxxxxxxxxxxxxxxxxxxxxxxxxxx1) =           X
ERROR: ADD operation failed at time               180000
  Operation: ADD (3'b001)
  Input x = 0x40000000 (01000000000000000000000000000000) =  1073741824
  Input y = 0x40000000 (01000000000000000000000000000000) =  1073741824
  Expected z = 0x80000000 (10000000000000000000000000000000) = -2147483648
  Got      z = 0xxxxxxxxX (xxxxxxxxxxxxxxxxxxxxxxxxxxxxxxx0) =           X
ERROR: ADD zero flag failed at time               180000
  Operation: ADD (3'b001)
  Input x = 0x40000000 (01000000000000000000000000000000) =  1073741824
  Input y = 0x40000000 (01000000000000000000000000000000) =  1073741824
  Result z = 0xxxxxxxxX (xxxxxxxxxxxxxxxxxxxxxxxxxxxxxxx0) =           X
  Expected zero = 0, Got = x
ERROR: ADD overflow flag failed at time               180000
  Operation: ADD (3'b001)
  Input x = 0x40000000 (01000000000000000000000000000000) =  1073741824
  Input y = 0x40000000 (01000000000000000000000000000000) =  1073741824
  Result z = 0xxxxxxxxX (xxxxxxxxxxxxxxxxxxxxxxxxxxxxxxx0) =           X
  Expected overflow = 1, Got = 0

Testing SUB operation...
ERROR: SUB operation failed at time               190000
  Operation: SUB (3'b010)
  Input x = 0x00000000 (00000000000000000000000000000000) =           0
  Input y = 0x00000000 (00000000000000000000000000000000) =           0
  Expected z = 0x00000000 (00000000000000000000000000000000) =           0
  Got      z = 0xxxxxxxxX (xxxxxxxxxxxxxxxxxxxxxxxxxxxxxxx0) =           X
ERROR: SUB zero flag failed at time               190000
  Operation: SUB (3'b010)
  Input x = 0x00000000 (00000000000000000000000000000000) =           0
  Input y = 0x00000000 (00000000000000000000000000000000) =           0
  Result z = 0xxxxxxxxX (xxxxxxxxxxxxxxxxxxxxxxxxxxxxxxx0) =           X
  Expected zero = 1, Got = x
ERROR: SUB operation failed at time               200000
  Operation: SUB (3'b010)
  Input x = 0x00000002 (00000000000000000000000000000010) =           2
  Input y = 0x00000001 (00000000000000000000000000000001) =           1
  Expected z = 0x00000001 (00000000000000000000000000000001) =           1
  Got      z = 0xxxxxxxxX (xxxxxxxxxxxxxxxxxxxxxxxxxxxxxxx1) =           X
ERROR: SUB operation failed at time               210000
  Operation: SUB (3'b010)
  Input x = 0x7fffffff (01111111111111111111111111111111) =  2147483647
  Input y = 0x00000000 (00000000000000000000000000000000) =           0
  Expected z = 0x7fffffff (01111111111111111111111111111111) =  2147483647
  Got      z = 0xxxxxxxxX (xxxxxxxxxxxxxxxxxxxxxxxxxxxxxxx1) =           X
ERROR: SUB operation failed at time               220000
  Operation: SUB (3'b010)
  Input x = 0x80000000 (10000000000000000000000000000000) = -2147483648
  Input y = 0x00000000 (00000000000000000000000000000000) =           0
  Expected z = 0x80000000 (10000000000000000000000000000000) = -2147483648
  Got      z = 0xxxxxxxxX (xxxxxxxxxxxxxxxxxxxxxxxxxxxxxxx0) =           X
ERROR: SUB zero flag failed at time               220000
  Operation: SUB (3'b010)
  Input x = 0x80000000 (10000000000000000000000000000000) = -2147483648
  Input y = 0x00000000 (00000000000000000000000000000000) =           0
  Result z = 0xxxxxxxxX (xxxxxxxxxxxxxxxxxxxxxxxxxxxxxxx0) =           X
  Expected zero = 0, Got = x
Testing SUB overflow cases...
ERROR: SUB operation failed at time               230000
  Operation: SUB (3'b010)
  Input x = 0x80000000 (10000000000000000000000000000000) = -2147483648
  Input y = 0x00000001 (00000000000000000000000000000001) =           1
  Expected z = 0x7fffffff (01111111111111111111111111111111) =  2147483647
  Got      z = 0xxxxxxxxX (xxxxxxxxxxxxxxxxxxxxxxxxxxxxxxx1) =           X
ERROR: SUB overflow flag failed at time               230000
  Operation: SUB (3'b010)
  Input x = 0x80000000 (10000000000000000000000000000000) = -2147483648
  Input y = 0x00000001 (00000000000000000000000000000001) =           1
  Result z = 0xxxxxxxxX (xxxxxxxxxxxxxxxxxxxxxxxxxxxxxxx1) =           X
  Expected overflow = 1, Got = 0
ERROR: SUB operation failed at time               240000
  Operation: SUB (3'b010)
  Input x = 0x80000000 (10000000000000000000000000000000) = -2147483648
  Input y = 0x7fffffff (01111111111111111111111111111111) =  2147483647
  Expected z = 0x00000001 (00000000000000000000000000000001) =           1
  Got      z = 0xxxxxxxxX (xxxxxxxxxxxxxxxxxxxxxxxxxxxxxxx1) =           X
ERROR: SUB overflow flag failed at time               240000
  Operation: SUB (3'b010)
  Input x = 0x80000000 (10000000000000000000000000000000) = -2147483648
  Input y = 0x7fffffff (01111111111111111111111111111111) =  2147483647
  Result z = 0xxxxxxxxX (xxxxxxxxxxxxxxxxxxxxxxxxxxxxxxx1) =           X
  Expected overflow = 1, Got = 0
ERROR: SUB operation failed at time               250000
  Operation: SUB (3'b010)
  Input x = 0x7fffffff (01111111111111111111111111111111) =  2147483647
  Input y = 0x80000000 (10000000000000000000000000000000) = -2147483648
  Expected z = 0xffffffff (11111111111111111111111111111111) =          -1
  Got      z = 0xxxxxxxxX (xxxxxxxxxxxxxxxxxxxxxxxxxxxxxxx1) =           X
ERROR: SUB overflow flag failed at time               250000
  Operation: SUB (3'b010)
  Input x = 0x7fffffff (01111111111111111111111111111111) =  2147483647
  Input y = 0x80000000 (10000000000000000000000000000000) = -2147483648
  Result z = 0xxxxxxxxX (xxxxxxxxxxxxxxxxxxxxxxxxxxxxxxx1) =           X
  Expected overflow = 1, Got = 0
ERROR: SUB operation failed at time               260000
  Operation: SUB (3'b010)
  Input x = 0x00000000 (00000000000000000000000000000000) =           0
  Input y = 0x80000000 (10000000000000000000000000000000) = -2147483648
  Expected z = 0x80000000 (10000000000000000000000000000000) = -2147483648
  Got      z = 0xxxxxxxxX (xxxxxxxxxxxxxxxxxxxxxxxxxxxxxxx0) =           X
ERROR: SUB zero flag failed at time               260000
  Operation: SUB (3'b010)
  Input x = 0x00000000 (00000000000000000000000000000000) =           0
  Input y = 0x80000000 (10000000000000000000000000000000) = -2147483648
  Result z = 0xxxxxxxxX (xxxxxxxxxxxxxxxxxxxxxxxxxxxxxxx0) =           X
  Expected zero = 0, Got = x
ERROR: SUB overflow flag failed at time               260000
  Operation: SUB (3'b010)
  Input x = 0x00000000 (00000000000000000000000000000000) =           0
  Input y = 0x80000000 (10000000000000000000000000000000) = -2147483648
  Result z = 0xxxxxxxxX (xxxxxxxxxxxxxxxxxxxxxxxxxxxxxxx0) =           X
  Expected overflow = 1, Got = 0
Testing SUB no-overflow cases...
ERROR: SUB operation failed at time               270000
  Operation: SUB (3'b010)
  Input x = 0x7fffffff (01111111111111111111111111111111) =  2147483647
  Input y = 0x00000001 (00000000000000000000000000000001) =           1
  Expected z = 0x7ffffffe (01111111111111111111111111111110) =  2147483646
  Got      z = 0xxxxxxxxX (xxxxxxxxxxxxxxxxxxxxxxxxxxxxxxx0) =           X
ERROR: SUB zero flag failed at time               270000
  Operation: SUB (3'b010)
  Input x = 0x7fffffff (01111111111111111111111111111111) =  2147483647
  Input y = 0x00000001 (00000000000000000000000000000001) =           1
  Result z = 0xxxxxxxxX (xxxxxxxxxxxxxxxxxxxxxxxxxxxxxxx0) =           X
  Expected zero = 0, Got = x
ERROR: SUB operation failed at time               280000
  Operation: SUB (3'b010)
  Input x = 0x80000000 (10000000000000000000000000000000) = -2147483648
  Input y = 0xffffffff (11111111111111111111111111111111) =          -1
  Expected z = 0x80000001 (10000000000000000000000000000001) = -2147483647
  Got      z = 0xxxxxxxxX (xxxxxxxxxxxxxxxxxxxxxxxxxxxxxxx1) =           X
ERROR: SUB operation failed at time               290000
  Operation: SUB (3'b010)
  Input x = 0x40000000 (01000000000000000000000000000000) =  1073741824
  Input y = 0x20000000 (00100000000000000000000000000000) =   536870912
  Expected z = 0x20000000 (00100000000000000000000000000000) =   536870912
  Got      z = 0xxxxxxxxX (xxxxxxxxxxxxxxxxxxxxxxxxxxxxxxx0) =           X
ERROR: SUB zero flag failed at time               290000
  Operation: SUB (3'b010)
  Input x = 0x40000000 (01000000000000000000000000000000) =  1073741824
  Input y = 0x20000000 (00100000000000000000000000000000) =   536870912
  Result z = 0xxxxxxxxX (xxxxxxxxxxxxxxxxxxxxxxxxxxxxxxx0) =           X
  Expected zero = 0, Got = x

Testing SLT operation...
ERROR: SLT operation failed at time               300000
  Operation: SLT (3'b011)
  Input x = 0x00000000 (00000000000000000000000000000000) =           0
  Input y = 0x00000000 (00000000000000000000000000000000) =           0
  Expected z = 0x00000000 (00000000000000000000000000000000) =           0
  Got      z = 0x0000000X (0000000000000000000000000000000x) =           X
ERROR: SLT zero flag failed at time               300000
  Operation: SLT (3'b011)
  Input x = 0x00000000 (00000000000000000000000000000000) =           0
  Input y = 0x00000000 (00000000000000000000000000000000) =           0
  Result z = 0x0000000X (0000000000000000000000000000000x) =           X
  Expected zero = 1, Got = x
ERROR: SLT operation failed at time               310000
  Operation: SLT (3'b011)
  Input x = 0x00000001 (00000000000000000000000000000001) =           1
  Input y = 0x00000002 (00000000000000000000000000000010) =           2
  Expected z = 0x00000001 (00000000000000000000000000000001) =           1
  Got      z = 0x0000000X (0000000000000000000000000000000x) =           X
ERROR: SLT zero flag failed at time               310000
  Operation: SLT (3'b011)
  Input x = 0x00000001 (00000000000000000000000000000001) =           1
  Input y = 0x00000002 (00000000000000000000000000000010) =           2
  Result z = 0x0000000X (0000000000000000000000000000000x) =           X
  Expected zero = 0, Got = x
ERROR: SLT operation failed at time               320000
  Operation: SLT (3'b011)
  Input x = 0x00000002 (00000000000000000000000000000010) =           2
  Input y = 0x00000001 (00000000000000000000000000000001) =           1
  Expected z = 0x00000000 (00000000000000000000000000000000) =           0
  Got      z = 0x0000000X (0000000000000000000000000000000x) =           X
ERROR: SLT zero flag failed at time               320000
  Operation: SLT (3'b011)
  Input x = 0x00000002 (00000000000000000000000000000010) =           2
  Input y = 0x00000001 (00000000000000000000000000000001) =           1
  Result z = 0x0000000X (0000000000000000000000000000000x) =           X
  Expected zero = 1, Got = x
ERROR: SLT operation failed at time               330000
  Operation: SLT (3'b011)
  Input x = 0x00000005 (00000000000000000000000000000101) =           5
  Input y = 0x00000003 (00000000000000000000000000000011) =           3
  Expected z = 0x00000000 (00000000000000000000000000000000) =           0
  Got      z = 0x0000000X (0000000000000000000000000000000x) =           X
ERROR: SLT zero flag failed at time               330000
  Operation: SLT (3'b011)
  Input x = 0x00000005 (00000000000000000000000000000101) =           5
  Input y = 0x00000003 (00000000000000000000000000000011) =           3
  Result z = 0x0000000X (0000000000000000000000000000000x) =           X
  Expected zero = 1, Got = x
ERROR: SLT operation failed at time               340000
  Operation: SLT (3'b011)
  Input x = 0x00000003 (00000000000000000000000000000011) =           3
  Input y = 0x00000005 (00000000000000000000000000000101) =           5
  Expected z = 0x00000001 (00000000000000000000000000000001) =           1
  Got      z = 0x0000000X (0000000000000000000000000000000x) =           X
ERROR: SLT zero flag failed at time               340000
  Operation: SLT (3'b011)
  Input x = 0x00000003 (00000000000000000000000000000011) =           3
  Input y = 0x00000005 (00000000000000000000000000000101) =           5
  Result z = 0x0000000X (0000000000000000000000000000000x) =           X
  Expected zero = 0, Got = x
Testing SLT signed comparison cases...
ERROR: SLT operation failed at time               350000
  Operation: SLT (3'b011)
  Input x = 0x00000001 (00000000000000000000000000000001) =           1
  Input y = 0xffffffff (11111111111111111111111111111111) =          -1
  Expected z = 0x00000000 (00000000000000000000000000000000) =           0
  Got      z = 0x0000000X (0000000000000000000000000000000x) =           X
ERROR: SLT zero flag failed at time               350000
  Operation: SLT (3'b011)
  Input x = 0x00000001 (00000000000000000000000000000001) =           1
  Input y = 0xffffffff (11111111111111111111111111111111) =          -1
  Result z = 0x0000000X (0000000000000000000000000000000x) =           X
  Expected zero = 1, Got = x
ERROR: SLT operation failed at time               360000
  Operation: SLT (3'b011)
  Input x = 0xffffffff (11111111111111111111111111111111) =          -1
  Input y = 0x00000001 (00000000000000000000000000000001) =           1
  Expected z = 0x00000001 (00000000000000000000000000000001) =           1
  Got      z = 0x0000000X (0000000000000000000000000000000x) =           X
ERROR: SLT zero flag failed at time               360000
  Operation: SLT (3'b011)
  Input x = 0xffffffff (11111111111111111111111111111111) =          -1
  Input y = 0x00000001 (00000000000000000000000000000001) =           1
  Result z = 0x0000000X (0000000000000000000000000000000x) =           X
  Expected zero = 0, Got = x
ERROR: SLT operation failed at time               370000
  Operation: SLT (3'b011)
  Input x = 0x80000000 (10000000000000000000000000000000) = -2147483648
  Input y = 0x7fffffff (01111111111111111111111111111111) =  2147483647
  Expected z = 0x00000001 (00000000000000000000000000000001) =           1
  Got      z = 0x0000000X (0000000000000000000000000000000x) =           X
ERROR: SLT zero flag failed at time               370000
  Operation: SLT (3'b011)
  Input x = 0x80000000 (10000000000000000000000000000000) = -2147483648
  Input y = 0x7fffffff (01111111111111111111111111111111) =  2147483647
  Result z = 0x0000000X (0000000000000000000000000000000x) =           X
  Expected zero = 0, Got = x
ERROR: SLT operation failed at time               380000
  Operation: SLT (3'b011)
  Input x = 0x7fffffff (01111111111111111111111111111111) =  2147483647
  Input y = 0x80000000 (10000000000000000000000000000000) = -2147483648
  Expected z = 0x00000000 (00000000000000000000000000000000) =           0
  Got      z = 0x0000000X (0000000000000000000000000000000x) =           X
ERROR: SLT zero flag failed at time               380000
  Operation: SLT (3'b011)
  Input x = 0x7fffffff (01111111111111111111111111111111) =  2147483647
  Input y = 0x80000000 (10000000000000000000000000000000) = -2147483648
  Result z = 0x0000000X (0000000000000000000000000000000x) =           X
  Expected zero = 1, Got = x
Testing SLT edge cases...
ERROR: SLT operation failed at time               390000
  Operation: SLT (3'b011)
  Input x = 0x80000000 (10000000000000000000000000000000) = -2147483648
  Input y = 0x00000000 (00000000000000000000000000000000) =           0
  Expected z = 0x00000001 (00000000000000000000000000000001) =           1
  Got      z = 0x0000000X (0000000000000000000000000000000x) =           X
ERROR: SLT zero flag failed at time               390000
  Operation: SLT (3'b011)
  Input x = 0x80000000 (10000000000000000000000000000000) = -2147483648
  Input y = 0x00000000 (00000000000000000000000000000000) =           0
  Result z = 0x0000000X (0000000000000000000000000000000x) =           X
  Expected zero = 0, Got = x
ERROR: SLT operation failed at time               400000
  Operation: SLT (3'b011)
  Input x = 0x00000000 (00000000000000000000000000000000) =           0
  Input y = 0x80000000 (10000000000000000000000000000000) = -2147483648
  Expected z = 0x00000000 (00000000000000000000000000000000) =           0
  Got      z = 0x0000000X (0000000000000000000000000000000x) =           X
ERROR: SLT zero flag failed at time               400000
  Operation: SLT (3'b011)
  Input x = 0x00000000 (00000000000000000000000000000000) =           0
  Input y = 0x80000000 (10000000000000000000000000000000) = -2147483648
  Result z = 0x0000000X (0000000000000000000000000000000x) =           X
  Expected zero = 1, Got = x
ERROR: SLT operation failed at time               410000
  Operation: SLT (3'b011)
  Input x = 0x7fffffff (01111111111111111111111111111111) =  2147483647
  Input y = 0x00000000 (00000000000000000000000000000000) =           0
  Expected z = 0x00000000 (00000000000000000000000000000000) =           0
  Got      z = 0x0000000X (0000000000000000000000000000000x) =           X
ERROR: SLT zero flag failed at time               410000
  Operation: SLT (3'b011)
  Input x = 0x7fffffff (01111111111111111111111111111111) =  2147483647
  Input y = 0x00000000 (00000000000000000000000000000000) =           0
  Result z = 0x0000000X (0000000000000000000000000000000x) =           X
  Expected zero = 1, Got = x
ERROR: SLT operation failed at time               420000
  Operation: SLT (3'b011)
  Input x = 0x00000000 (00000000000000000000000000000000) =           0
  Input y = 0x7fffffff (01111111111111111111111111111111) =  2147483647
  Expected z = 0x00000001 (00000000000000000000000000000001) =           1
  Got      z = 0x0000000X (0000000000000000000000000000000x) =           X
ERROR: SLT zero flag failed at time               420000
  Operation: SLT (3'b011)
  Input x = 0x00000000 (00000000000000000000000000000000) =           0
  Input y = 0x7fffffff (01111111111111111111111111111111) =  2147483647
  Result z = 0x0000000X (0000000000000000000000000000000x) =           X
  Expected zero = 0, Got = x
Testing SLT overflow cases...
ERROR: SLT operation failed at time               430000
  Operation: SLT (3'b011)
  Input x = 0x7fffffff (01111111111111111111111111111111) =  2147483647
  Input y = 0x80000000 (10000000000000000000000000000000) = -2147483648
  Expected z = 0x00000000 (00000000000000000000000000000000) =           0
  Got      z = 0x0000000X (0000000000000000000000000000000x) =           X
ERROR: SLT zero flag failed at time               430000
  Operation: SLT (3'b011)
  Input x = 0x7fffffff (01111111111111111111111111111111) =  2147483647
  Input y = 0x80000000 (10000000000000000000000000000000) = -2147483648
  Result z = 0x0000000X (0000000000000000000000000000000x) =           X
  Expected zero = 1, Got = x
ERROR: SLT operation failed at time               440000
  Operation: SLT (3'b011)
  Input x = 0x80000000 (10000000000000000000000000000000) = -2147483648
  Input y = 0x7fffffff (01111111111111111111111111111111) =  2147483647
  Expected z = 0x00000001 (00000000000000000000000000000001) =           1
  Got      z = 0x0000000X (0000000000000000000000000000000x) =           X
ERROR: SLT zero flag failed at time               440000
  Operation: SLT (3'b011)
  Input x = 0x80000000 (10000000000000000000000000000000) = -2147483648
  Input y = 0x7fffffff (01111111111111111111111111111111) =  2147483647
  Result z = 0x0000000X (0000000000000000000000000000000x) =           X
  Expected zero = 0, Got = x

Testing edge cases...
ERROR: ADD operation failed at time               460000
  Operation: ADD (3'b001)
  Input x = 0x7fffffff (01111111111111111111111111111111) =  2147483647
  Input y = 0x80000000 (10000000000000000000000000000000) = -2147483648
  Expected z = 0xffffffff (11111111111111111111111111111111) =          -1
  Got      z = 0xxxxxxxxX (xxxxxxxxxxxxxxxxxxxxxxxxxxxxxxx1) =           X
ERROR: SUB operation failed at time               470000
  Operation: SUB (3'b010)
  Input x = 0x7fffffff (01111111111111111111111111111111) =  2147483647
  Input y = 0x80000000 (10000000000000000000000000000000) = -2147483648
  Expected z = 0xffffffff (11111111111111111111111111111111) =          -1
  Got      z = 0xxxxxxxxX (xxxxxxxxxxxxxxxxxxxxxxxxxxxxxxx1) =           X
ERROR: SUB overflow flag failed at time               470000
  Operation: SUB (3'b010)
  Input x = 0x7fffffff (01111111111111111111111111111111) =  2147483647
  Input y = 0x80000000 (10000000000000000000000000000000) = -2147483648
  Result z = 0xxxxxxxxX (xxxxxxxxxxxxxxxxxxxxxxxxxxxxxxx1) =           X
  Expected overflow = 1, Got = 0
ERROR: ADD operation failed at time               490000
  Operation: ADD (3'b001)
  Input x = 0x12345678 (00010010001101000101011001111000) =   305419896
  Input y = 0xedcba988 (11101101110010111010100110001000) =  -305419896
  Expected z = 0x00000000 (00000000000000000000000000000000) =           0
  Got      z = 0xxxxxxxxX (xxxxxxxxxxxxxxxxxxxxxxxxxxxxxxx0) =           X
ERROR: ADD zero flag failed at time               490000
  Operation: ADD (3'b001)
  Input x = 0x12345678 (00010010001101000101011001111000) =   305419896
  Input y = 0xedcba988 (11101101110010111010100110001000) =  -305419896
  Result z = 0xxxxxxxxX (xxxxxxxxxxxxxxxxxxxxxxxxxxxxxxx0) =           X
  Expected zero = 1, Got = x
ERROR: SUB operation failed at time               500000
  Operation: SUB (3'b010)
  Input x = 0x12345678 (00010010001101000101011001111000) =   305419896
  Input y = 0x12345678 (00010010001101000101011001111000) =   305419896
  Expected z = 0x00000000 (00000000000000000000000000000000) =           0
  Got      z = 0xxxxxxxxX (xxxxxxxxxxxxxxxxxxxxxxxxxxxxxxx0) =           X
ERROR: SUB zero flag failed at time               500000
  Operation: SUB (3'b010)
  Input x = 0x12345678 (00010010001101000101011001111000) =   305419896
  Input y = 0x12345678 (00010010001101000101011001111000) =   305419896
  Result z = 0xxxxxxxxX (xxxxxxxxxxxxxxxxxxxxxxxxxxxxxxx0) =           X
  Expected zero = 1, Got = x
ERROR: ADD operation failed at time               520000
  Operation: ADD (3'b001)
  Input x = 0x12345678 (00010010001101000101011001111000) =   305419896
  Input y = 0x12345678 (00010010001101000101011001111000) =   305419896
  Expected z = 0x2468acf0 (00100100011010001010110011110000) =   610839792
  Got      z = 0xxxxxxxxX (xxxxxxxxxxxxxxxxxxxxxxxxxxxxxxx0) =           X
ERROR: ADD zero flag failed at time               520000
  Operation: ADD (3'b001)
  Input x = 0x12345678 (00010010001101000101011001111000) =   305419896
  Input y = 0x12345678 (00010010001101000101011001111000) =   305419896
  Result z = 0xxxxxxxxX (xxxxxxxxxxxxxxxxxxxxxxxxxxxxxxx0) =           X
  Expected zero = 0, Got = x
ERROR: SUB operation failed at time               530000
  Operation: SUB (3'b010)
  Input x = 0x12345678 (00010010001101000101011001111000) =   305419896
  Input y = 0x12345678 (00010010001101000101011001111000) =   305419896
  Expected z = 0x00000000 (00000000000000000000000000000000) =           0
  Got      z = 0xxxxxxxxX (xxxxxxxxxxxxxxxxxxxxxxxxxxxxxxx0) =           X
ERROR: SUB zero flag failed at time               530000
  Operation: SUB (3'b010)
  Input x = 0x12345678 (00010010001101000101011001111000) =   305419896
  Input y = 0x12345678 (00010010001101000101011001111000) =   305419896
  Result z = 0xxxxxxxxX (xxxxxxxxxxxxxxxxxxxxxxxxxxxxxxx0) =           X
  Expected zero = 1, Got = x

Testing SRL (Shift Right Logical) operations...
Basic SRL tests:
SRL edge cases:

Testing SRA (Shift Right Arithmetic) operations...
Basic SRA tests (positive numbers - same as SRL):
SRA edge cases (negative numbers - sign-preserving):

Testing SLL (Shift Left Logical) operations...
Basic SLL tests:
SLL edge cases:
SLL overflow cases:

Testing random patterns...
ERROR: ADD operation failed at time              1010000
  Operation: ADD (3'b001)
  Input x = 0x12153524 (00010010000101010011010100100100) =   303379748
  Input y = 0xc0895e81 (11000000100010010101111010000001) = -1064739199
  Expected z = 0xd29e93a5 (11010010100111101001001110100101) =  -761359451
  Got      z = 0xxxxxxxxX (xxxxxxxxxxxxxxxxxxxxxxxxxxxxxxx1) =           X
ERROR: SUB operation failed at time              1020000
  Operation: SUB (3'b010)
  Input x = 0x12153524 (00010010000101010011010100100100) =   303379748
  Input y = 0xc0895e81 (11000000100010010101111010000001) = -1064739199
  Expected z = 0x518bd6a3 (01010001100010111101011010100011) =  1368118947
  Got      z = 0xxxxxxxxX (xxxxxxxxxxxxxxxxxxxxxxxxxxxxxxx1) =           X
ERROR: SLT operation failed at time              1030000
  Operation: SLT (3'b011)
  Input x = 0x12153524 (00010010000101010011010100100100) =   303379748
  Input y = 0xc0895e81 (11000000100010010101111010000001) = -1064739199
  Expected z = 0x00000000 (00000000000000000000000000000000) =           0
  Got      z = 0x0000000X (0000000000000000000000000000000x) =           X
ERROR: SLT zero flag failed at time              1030000
  Operation: SLT (3'b011)
  Input x = 0x12153524 (00010010000101010011010100100100) =   303379748
  Input y = 0xc0895e81 (11000000100010010101111010000001) = -1064739199
  Result z = 0x0000000X (0000000000000000000000000000000x) =           X
  Expected zero = 1, Got = x
ERROR: ADD operation failed at time              1080000
  Operation: ADD (3'b001)
  Input x = 0x8484d609 (10000100100001001101011000001001) = -2071669239
  Input y = 0xb1f05663 (10110001111100000101011001100011) = -1309649309
  Expected z = 0x36752c6c (00110110011101010010110001101100) =   913648748
  Got      z = 0xxxxxxxxX (xxxxxxxxxxxxxxxxxxxxxxxxxxxxxxx0) =           X
ERROR: ADD zero flag failed at time              1080000
  Operation: ADD (3'b001)
  Input x = 0x8484d609 (10000100100001001101011000001001) = -2071669239
  Input y = 0xb1f05663 (10110001111100000101011001100011) = -1309649309
  Result z = 0xxxxxxxxX (xxxxxxxxxxxxxxxxxxxxxxxxxxxxxxx0) =           X
  Expected zero = 0, Got = x
ERROR: ADD overflow flag failed at time              1080000
  Operation: ADD (3'b001)
  Input x = 0x8484d609 (10000100100001001101011000001001) = -2071669239
  Input y = 0xb1f05663 (10110001111100000101011001100011) = -1309649309
  Result z = 0xxxxxxxxX (xxxxxxxxxxxxxxxxxxxxxxxxxxxxxxx0) =           X
  Expected overflow = 1, Got = 0
ERROR: SUB operation failed at time              1090000
  Operation: SUB (3'b010)
  Input x = 0x8484d609 (10000100100001001101011000001001) = -2071669239
  Input y = 0xb1f05663 (10110001111100000101011001100011) = -1309649309
  Expected z = 0xd2947fa6 (11010010100101000111111110100110) =  -762019930
  Got      z = 0xxxxxxxxX (xxxxxxxxxxxxxxxxxxxxxxxxxxxxxxx0) =           X
ERROR: SUB zero flag failed at time              1090000
  Operation: SUB (3'b010)
  Input x = 0x8484d609 (10000100100001001101011000001001) = -2071669239
  Input y = 0xb1f05663 (10110001111100000101011001100011) = -1309649309
  Result z = 0xxxxxxxxX (xxxxxxxxxxxxxxxxxxxxxxxxxxxxxxx0) =           X
  Expected zero = 0, Got = x
ERROR: SLT operation failed at time              1100000
  Operation: SLT (3'b011)
  Input x = 0x8484d609 (10000100100001001101011000001001) = -2071669239
  Input y = 0xb1f05663 (10110001111100000101011001100011) = -1309649309
  Expected z = 0x00000001 (00000000000000000000000000000001) =           1
  Got      z = 0x0000000X (0000000000000000000000000000000x) =           X
ERROR: SLT zero flag failed at time              1100000
  Operation: SLT (3'b011)
  Input x = 0x8484d609 (10000100100001001101011000001001) = -2071669239
  Input y = 0xb1f05663 (10110001111100000101011001100011) = -1309649309
  Result z = 0x0000000X (0000000000000000000000000000000x) =           X
  Expected zero = 0, Got = x
ERROR: ADD operation failed at time              1150000
  Operation: ADD (3'b001)
  Input x = 0x06b97b0d (00000110101110010111101100001101) =   112818957
  Input y = 0x46df998d (01000110110111111001100110001101) =  1189058957
  Expected z = 0x4d99149a (01001101100110010001010010011010) =  1301877914
  Got      z = 0xxxxxxxxX (xxxxxxxxxxxxxxxxxxxxxxxxxxxxxxx0) =           X
ERROR: ADD zero flag failed at time              1150000
  Operation: ADD (3'b001)
  Input x = 0x06b97b0d (00000110101110010111101100001101) =   112818957
  Input y = 0x46df998d (01000110110111111001100110001101) =  1189058957
  Result z = 0xxxxxxxxX (xxxxxxxxxxxxxxxxxxxxxxxxxxxxxxx0) =           X
  Expected zero = 0, Got = x
ERROR: SUB operation failed at time              1160000
  Operation: SUB (3'b010)
  Input x = 0x06b97b0d (00000110101110010111101100001101) =   112818957
  Input y = 0x46df998d (01000110110111111001100110001101) =  1189058957
  Expected z = 0xbfd9e180 (10111111110110011110000110000000) = -1076240000
  Got      z = 0xxxxxxxxX (xxxxxxxxxxxxxxxxxxxxxxxxxxxxxxx0) =           X
ERROR: SUB zero flag failed at time              1160000
  Operation: SUB (3'b010)
  Input x = 0x06b97b0d (00000110101110010111101100001101) =   112818957
  Input y = 0x46df998d (01000110110111111001100110001101) =  1189058957
  Result z = 0xxxxxxxxX (xxxxxxxxxxxxxxxxxxxxxxxxxxxxxxx0) =           X
  Expected zero = 0, Got = x
ERROR: SLT operation failed at time              1170000
  Operation: SLT (3'b011)
  Input x = 0x06b97b0d (00000110101110010111101100001101) =   112818957
  Input y = 0x46df998d (01000110110111111001100110001101) =  1189058957
  Expected z = 0x00000001 (00000000000000000000000000000001) =           1
  Got      z = 0x0000000X (0000000000000000000000000000000x) =           X
ERROR: SLT zero flag failed at time              1170000
  Operation: SLT (3'b011)
  Input x = 0x06b97b0d (00000110101110010111101100001101) =   112818957
  Input y = 0x46df998d (01000110110111111001100110001101) =  1189058957
  Result z = 0x0000000X (0000000000000000000000000000000x) =           X
  Expected zero = 0, Got = x
ERROR: ADD operation failed at time              1220000
  Operation: ADD (3'b001)
  Input x = 0xb2c28465 (10110010110000101000010001100101) = -1295874971
  Input y = 0x89375212 (10001001001101110101001000010010) = -1992863214
  Expected z = 0x3bf9d677 (00111011111110011101011001110111) =  1006229111
  Got      z = 0xxxxxxxxX (xxxxxxxxxxxxxxxxxxxxxxxxxxxxxxx1) =           X
ERROR: ADD overflow flag failed at time              1220000
  Operation: ADD (3'b001)
  Input x = 0xb2c28465 (10110010110000101000010001100101) = -1295874971
  Input y = 0x89375212 (10001001001101110101001000010010) = -1992863214
  Result z = 0xxxxxxxxX (xxxxxxxxxxxxxxxxxxxxxxxxxxxxxxx1) =           X
  Expected overflow = 1, Got = 0
ERROR: SUB operation failed at time              1230000
  Operation: SUB (3'b010)
  Input x = 0xb2c28465 (10110010110000101000010001100101) = -1295874971
  Input y = 0x89375212 (10001001001101110101001000010010) = -1992863214
  Expected z = 0x298b3253 (00101001100010110011001001010011) =   696988243
  Got      z = 0xxxxxxxxX (xxxxxxxxxxxxxxxxxxxxxxxxxxxxxxx1) =           X
ERROR: SLT operation failed at time              1240000
  Operation: SLT (3'b011)
  Input x = 0xb2c28465 (10110010110000101000010001100101) = -1295874971
  Input y = 0x89375212 (10001001001101110101001000010010) = -1992863214
  Expected z = 0x00000000 (00000000000000000000000000000000) =           0
  Got      z = 0x0000000X (0000000000000000000000000000000x) =           X
ERROR: SLT zero flag failed at time              1240000
  Operation: SLT (3'b011)
  Input x = 0xb2c28465 (10110010110000101000010001100101) = -1295874971
  Input y = 0x89375212 (10001001001101110101001000010010) = -1992863214
  Result z = 0x0000000X (0000000000000000000000000000000x) =           X
  Expected zero = 1, Got = x
ERROR: ADD operation failed at time              1290000
  Operation: ADD (3'b001)
  Input x = 0x00f3e301 (00000000111100111110001100000001) =    15983361
  Input y = 0x06d7cd0d (00000110110101111100110100001101) =   114806029
  Expected z = 0x07cbb00e (00000111110010111011000000001110) =   130789390
  Got      z = 0xxxxxxxxX (xxxxxxxxxxxxxxxxxxxxxxxxxxxxxxx0) =           X
ERROR: ADD zero flag failed at time              1290000
  Operation: ADD (3'b001)
  Input x = 0x00f3e301 (00000000111100111110001100000001) =    15983361
  Input y = 0x06d7cd0d (00000110110101111100110100001101) =   114806029
  Result z = 0xxxxxxxxX (xxxxxxxxxxxxxxxxxxxxxxxxxxxxxxx0) =           X
  Expected zero = 0, Got = x
ERROR: SUB operation failed at time              1300000
  Operation: SUB (3'b010)
  Input x = 0x00f3e301 (00000000111100111110001100000001) =    15983361
  Input y = 0x06d7cd0d (00000110110101111100110100001101) =   114806029
  Expected z = 0xfa1c15f4 (11111010000111000001010111110100) =   -98822668
  Got      z = 0xxxxxxxxX (xxxxxxxxxxxxxxxxxxxxxxxxxxxxxxx0) =           X
ERROR: SUB zero flag failed at time              1300000
  Operation: SUB (3'b010)
  Input x = 0x00f3e301 (00000000111100111110001100000001) =    15983361
  Input y = 0x06d7cd0d (00000110110101111100110100001101) =   114806029
  Result z = 0xxxxxxxxX (xxxxxxxxxxxxxxxxxxxxxxxxxxxxxxx0) =           X
  Expected zero = 0, Got = x
ERROR: SLT operation failed at time              1310000
  Operation: SLT (3'b011)
  Input x = 0x00f3e301 (00000000111100111110001100000001) =    15983361
  Input y = 0x06d7cd0d (00000110110101111100110100001101) =   114806029
  Expected z = 0x00000001 (00000000000000000000000000000001) =           1
  Got      z = 0x0000000X (0000000000000000000000000000000x) =           X
ERROR: SLT zero flag failed at time              1310000
  Operation: SLT (3'b011)
  Input x = 0x00f3e301 (00000000111100111110001100000001) =    15983361
  Input y = 0x06d7cd0d (00000110110101111100110100001101) =   114806029
  Result z = 0x0000000X (0000000000000000000000000000000x) =           X
  Expected zero = 0, Got = x
ERROR: ADD operation failed at time              1360000
  Operation: ADD (3'b001)
  Input x = 0x3b23f176 (00111011001000111111000101110110) =   992211318
  Input y = 0x1e8dcd3d (00011110100011011100110100111101) =   512609597
  Expected z = 0x59b1beb3 (01011001101100011011111010110011) =  1504820915
  Got      z = 0xxxxxxxxX (xxxxxxxxxxxxxxxxxxxxxxxxxxxxxxx1) =           X
ERROR: SUB operation failed at time              1370000
  Operation: SUB (3'b010)
  Input x = 0x3b23f176 (00111011001000111111000101110110) =   992211318
  Input y = 0x1e8dcd3d (00011110100011011100110100111101) =   512609597
  Expected z = 0x1c962439 (00011100100101100010010000111001) =   479601721
  Got      z = 0xxxxxxxxX (xxxxxxxxxxxxxxxxxxxxxxxxxxxxxxx1) =           X
ERROR: SLT operation failed at time              1380000
  Operation: SLT (3'b011)
  Input x = 0x3b23f176 (00111011001000111111000101110110) =   992211318
  Input y = 0x1e8dcd3d (00011110100011011100110100111101) =   512609597
  Expected z = 0x00000000 (00000000000000000000000000000000) =           0
  Got      z = 0x0000000X (0000000000000000000000000000000x) =           X
ERROR: SLT zero flag failed at time              1380000
  Operation: SLT (3'b011)
  Input x = 0x3b23f176 (00111011001000111111000101110110) =   992211318
  Input y = 0x1e8dcd3d (00011110100011011100110100111101) =   512609597
  Result z = 0x0000000X (0000000000000000000000000000000x) =           X
  Expected zero = 1, Got = x
ERROR: ADD operation failed at time              1430000
  Operation: ADD (3'b001)
  Input x = 0x76d457ed (01110110110101000101011111101101) =  1993627629
  Input y = 0x462df78c (01000110001011011111011110001100) =  1177417612
  Expected z = 0xbd024f79 (10111101000000100100111101111001) = -1123922055
  Got      z = 0xxxxxxxxX (xxxxxxxxxxxxxxxxxxxxxxxxxxxxxxx1) =           X
ERROR: ADD overflow flag failed at time              1430000
  Operation: ADD (3'b001)
  Input x = 0x76d457ed (01110110110101000101011111101101) =  1993627629
  Input y = 0x462df78c (01000110001011011111011110001100) =  1177417612
  Result z = 0xxxxxxxxX (xxxxxxxxxxxxxxxxxxxxxxxxxxxxxxx1) =           X
  Expected overflow = 1, Got = 0
ERROR: SUB operation failed at time              1440000
  Operation: SUB (3'b010)
  Input x = 0x76d457ed (01110110110101000101011111101101) =  1993627629
  Input y = 0x462df78c (01000110001011011111011110001100) =  1177417612
  Expected z = 0x30a66061 (00110000101001100110000001100001) =   816210017
  Got      z = 0xxxxxxxxX (xxxxxxxxxxxxxxxxxxxxxxxxxxxxxxx1) =           X
ERROR: SLT operation failed at time              1450000
  Operation: SLT (3'b011)
  Input x = 0x76d457ed (01110110110101000101011111101101) =  1993627629
  Input y = 0x462df78c (01000110001011011111011110001100) =  1177417612
  Expected z = 0x00000000 (00000000000000000000000000000000) =           0
  Got      z = 0x0000000X (0000000000000000000000000000000x) =           X
ERROR: SLT zero flag failed at time              1450000
  Operation: SLT (3'b011)
  Input x = 0x76d457ed (01110110110101000101011111101101) =  1993627629
  Input y = 0x462df78c (01000110001011011111011110001100) =  1177417612
  Result z = 0x0000000X (0000000000000000000000000000000x) =           X
  Expected zero = 1, Got = x
ERROR: ADD operation failed at time              1500000
  Operation: ADD (3'b001)
  Input x = 0x7cfde9f9 (01111100111111011110100111111001) =  2097015289
  Input y = 0xe33724c6 (11100011001101110010010011000110) =  -482925370
  Expected z = 0x60350ebf (01100000001101010000111010111111) =  1614089919
  Got      z = 0xxxxxxxxX (xxxxxxxxxxxxxxxxxxxxxxxxxxxxxxx1) =           X
ERROR: SUB operation failed at time              1510000
  Operation: SUB (3'b010)
  Input x = 0x7cfde9f9 (01111100111111011110100111111001) =  2097015289
  Input y = 0xe33724c6 (11100011001101110010010011000110) =  -482925370
  Expected z = 0x99c6c533 (10011001110001101100010100110011) = -1715026637
  Got      z = 0xxxxxxxxX (xxxxxxxxxxxxxxxxxxxxxxxxxxxxxxx1) =           X
ERROR: SUB overflow flag failed at time              1510000
  Operation: SUB (3'b010)
  Input x = 0x7cfde9f9 (01111100111111011110100111111001) =  2097015289
  Input y = 0xe33724c6 (11100011001101110010010011000110) =  -482925370
  Result z = 0xxxxxxxxX (xxxxxxxxxxxxxxxxxxxxxxxxxxxxxxx1) =           X
  Expected overflow = 1, Got = 0
ERROR: SLT operation failed at time              1520000
  Operation: SLT (3'b011)
  Input x = 0x7cfde9f9 (01111100111111011110100111111001) =  2097015289
  Input y = 0xe33724c6 (11100011001101110010010011000110) =  -482925370
  Expected z = 0x00000000 (00000000000000000000000000000000) =           0
  Got      z = 0x0000000X (0000000000000000000000000000000x) =           X
ERROR: SLT zero flag failed at time              1520000
  Operation: SLT (3'b011)
  Input x = 0x7cfde9f9 (01111100111111011110100111111001) =  2097015289
  Input y = 0xe33724c6 (11100011001101110010010011000110) =  -482925370
  Result z = 0x0000000X (0000000000000000000000000000000x) =           X
  Expected zero = 1, Got = x
ERROR: ADD operation failed at time              1570000
  Operation: ADD (3'b001)
  Input x = 0xe2f784c5 (11100010111101111000010011000101) =  -487095099
  Input y = 0xd513d2aa (11010101000100111101001010101010) =  -720121174
  Expected z = 0xb80b576f (10111000000010110101011101101111) = -1207216273
  Got      z = 0xxxxxxxxX (xxxxxxxxxxxxxxxxxxxxxxxxxxxxxxx1) =           X
ERROR: SUB operation failed at time              1580000
  Operation: SUB (3'b010)
  Input x = 0xe2f784c5 (11100010111101111000010011000101) =  -487095099
  Input y = 0xd513d2aa (11010101000100111101001010101010) =  -720121174
  Expected z = 0x0de3b21b (00001101111000111011001000011011) =   233026075
  Got      z = 0xxxxxxxxX (xxxxxxxxxxxxxxxxxxxxxxxxxxxxxxx1) =           X
ERROR: SLT operation failed at time              1590000
  Operation: SLT (3'b011)
  Input x = 0xe2f784c5 (11100010111101111000010011000101) =  -487095099
  Input y = 0xd513d2aa (11010101000100111101001010101010) =  -720121174
  Expected z = 0x00000000 (00000000000000000000000000000000) =           0
  Got      z = 0x0000000X (0000000000000000000000000000000x) =           X
ERROR: SLT zero flag failed at time              1590000
  Operation: SLT (3'b011)
  Input x = 0xe2f784c5 (11100010111101111000010011000101) =  -487095099
  Input y = 0xd513d2aa (11010101000100111101001010101010) =  -720121174
  Result z = 0x0000000X (0000000000000000000000000000000x) =           X
  Expected zero = 1, Got = x
ERROR: ADD operation failed at time              1640000
  Operation: ADD (3'b001)
  Input x = 0x72aff7e5 (01110010101011111111011111100101) =  1924134885
  Input y = 0xbbd27277 (10111011110100100111001001110111) = -1143836041
  Expected z = 0x2e826a5c (00101110100000100110101001011100) =   780298844
  Got      z = 0xxxxxxxxX (xxxxxxxxxxxxxxxxxxxxxxxxxxxxxxx0) =           X
ERROR: ADD zero flag failed at time              1640000
  Operation: ADD (3'b001)
  Input x = 0x72aff7e5 (01110010101011111111011111100101) =  1924134885
  Input y = 0xbbd27277 (10111011110100100111001001110111) = -1143836041
  Result z = 0xxxxxxxxX (xxxxxxxxxxxxxxxxxxxxxxxxxxxxxxx0) =           X
  Expected zero = 0, Got = x
ERROR: SUB operation failed at time              1650000
  Operation: SUB (3'b010)
  Input x = 0x72aff7e5 (01110010101011111111011111100101) =  1924134885
  Input y = 0xbbd27277 (10111011110100100111001001110111) = -1143836041
  Expected z = 0xb6dd856e (10110110110111011000010101101110) = -1226996370
  Got      z = 0xxxxxxxxX (xxxxxxxxxxxxxxxxxxxxxxxxxxxxxxx0) =           X
ERROR: SUB zero flag failed at time              1650000
  Operation: SUB (3'b010)
  Input x = 0x72aff7e5 (01110010101011111111011111100101) =  1924134885
  Input y = 0xbbd27277 (10111011110100100111001001110111) = -1143836041
  Result z = 0xxxxxxxxX (xxxxxxxxxxxxxxxxxxxxxxxxxxxxxxx0) =           X
  Expected zero = 0, Got = x
ERROR: SUB overflow flag failed at time              1650000
  Operation: SUB (3'b010)
  Input x = 0x72aff7e5 (01110010101011111111011111100101) =  1924134885
  Input y = 0xbbd27277 (10111011110100100111001001110111) = -1143836041
  Result z = 0xxxxxxxxX (xxxxxxxxxxxxxxxxxxxxxxxxxxxxxxx0) =           X
  Expected overflow = 1, Got = 0
ERROR: SLT operation failed at time              1660000
  Operation: SLT (3'b011)
  Input x = 0x72aff7e5 (01110010101011111111011111100101) =  1924134885
  Input y = 0xbbd27277 (10111011110100100111001001110111) = -1143836041
  Expected z = 0x00000000 (00000000000000000000000000000000) =           0
  Got      z = 0x0000000X (0000000000000000000000000000000x) =           X
ERROR: SLT zero flag failed at time              1660000
  Operation: SLT (3'b011)
  Input x = 0x72aff7e5 (01110010101011111111011111100101) =  1924134885
  Input y = 0xbbd27277 (10111011110100100111001001110111) = -1143836041
  Result z = 0x0000000X (0000000000000000000000000000000x) =           X
  Expected zero = 1, Got = x
ERROR: ADD operation failed at time              1710000
  Operation: ADD (3'b001)
  Input x = 0x8932d612 (10001001001100101101011000010010) = -1993157102
  Input y = 0x47ecdb8f (01000111111011001101101110001111) =  1206705039
  Expected z = 0xd11fb1a1 (11010001000111111011000110100001) =  -786452063
  Got      z = 0xxxxxxxxX (xxxxxxxxxxxxxxxxxxxxxxxxxxxxxxx1) =           X
ERROR: SUB operation failed at time              1720000
  Operation: SUB (3'b010)
  Input x = 0x8932d612 (10001001001100101101011000010010) = -1993157102
  Input y = 0x47ecdb8f (01000111111011001101101110001111) =  1206705039
  Expected z = 0x4145fa83 (01000001010001011111101010000011) =  1095105155
  Got      z = 0xxxxxxxxX (xxxxxxxxxxxxxxxxxxxxxxxxxxxxxxx1) =           X
ERROR: SUB overflow flag failed at time              1720000
  Operation: SUB (3'b010)
  Input x = 0x8932d612 (10001001001100101101011000010010) = -1993157102
  Input y = 0x47ecdb8f (01000111111011001101101110001111) =  1206705039
  Result z = 0xxxxxxxxX (xxxxxxxxxxxxxxxxxxxxxxxxxxxxxxx1) =           X
  Expected overflow = 1, Got = 0
ERROR: SLT operation failed at time              1730000
  Operation: SLT (3'b011)
  Input x = 0x8932d612 (10001001001100101101011000010010) = -1993157102
  Input y = 0x47ecdb8f (01000111111011001101101110001111) =  1206705039
  Expected z = 0x00000001 (00000000000000000000000000000001) =           1
  Got      z = 0x0000000X (0000000000000000000000000000000x) =           X
ERROR: SLT zero flag failed at time              1730000
  Operation: SLT (3'b011)
  Input x = 0x8932d612 (10001001001100101101011000010010) = -1993157102
  Input y = 0x47ecdb8f (01000111111011001101101110001111) =  1206705039
  Result z = 0x0000000X (0000000000000000000000000000000x) =           X
  Expected zero = 0, Got = x
ERROR: ADD operation failed at time              1780000
  Operation: ADD (3'b001)
  Input x = 0x793069f2 (01111001001100000110100111110010) =  2033215986
  Input y = 0xe77696ce (11100111011101101001011011001110) =  -411658546
  Expected z = 0x60a700c0 (01100000101001110000000011000000) =  1621557440
  Got      z = 0xxxxxxxxX (xxxxxxxxxxxxxxxxxxxxxxxxxxxxxxx0) =           X
ERROR: ADD zero flag failed at time              1780000
  Operation: ADD (3'b001)
  Input x = 0x793069f2 (01111001001100000110100111110010) =  2033215986
  Input y = 0xe77696ce (11100111011101101001011011001110) =  -411658546
  Result z = 0xxxxxxxxX (xxxxxxxxxxxxxxxxxxxxxxxxxxxxxxx0) =           X
  Expected zero = 0, Got = x
ERROR: SUB operation failed at time              1790000
  Operation: SUB (3'b010)
  Input x = 0x793069f2 (01111001001100000110100111110010) =  2033215986
  Input y = 0xe77696ce (11100111011101101001011011001110) =  -411658546
  Expected z = 0x91b9d324 (10010001101110011101001100100100) = -1850092764
  Got      z = 0xxxxxxxxX (xxxxxxxxxxxxxxxxxxxxxxxxxxxxxxx0) =           X
ERROR: SUB zero flag failed at time              1790000
  Operation: SUB (3'b010)
  Input x = 0x793069f2 (01111001001100000110100111110010) =  2033215986
  Input y = 0xe77696ce (11100111011101101001011011001110) =  -411658546
  Result z = 0xxxxxxxxX (xxxxxxxxxxxxxxxxxxxxxxxxxxxxxxx0) =           X
  Expected zero = 0, Got = x
ERROR: SUB overflow flag failed at time              1790000
  Operation: SUB (3'b010)
  Input x = 0x793069f2 (01111001001100000110100111110010) =  2033215986
  Input y = 0xe77696ce (11100111011101101001011011001110) =  -411658546
  Result z = 0xxxxxxxxX (xxxxxxxxxxxxxxxxxxxxxxxxxxxxxxx0) =           X
  Expected overflow = 1, Got = 0
ERROR: SLT operation failed at time              1800000
  Operation: SLT (3'b011)
  Input x = 0x793069f2 (01111001001100000110100111110010) =  2033215986
  Input y = 0xe77696ce (11100111011101101001011011001110) =  -411658546
  Expected z = 0x00000000 (00000000000000000000000000000000) =           0
  Got      z = 0x0000000X (0000000000000000000000000000000x) =           X
ERROR: SLT zero flag failed at time              1800000
  Operation: SLT (3'b011)
  Input x = 0x793069f2 (01111001001100000110100111110010) =  2033215986
  Input y = 0xe77696ce (11100111011101101001011011001110) =  -411658546
  Result z = 0x0000000X (0000000000000000000000000000000x) =           X
  Expected zero = 1, Got = x
ERROR: ADD operation failed at time              1850000
  Operation: ADD (3'b001)
  Input x = 0xf4007ae8 (11110100000000000111101011101000) =  -201295128
  Input y = 0xe2ca4ec5 (11100010110010100100111011000101) =  -490058043
  Expected z = 0xd6cac9ad (11010110110010101100100110101101) =  -691353171
  Got      z = 0xxxxxxxxX (xxxxxxxxxxxxxxxxxxxxxxxxxxxxxxx1) =           X
ERROR: SUB operation failed at time              1860000
  Operation: SUB (3'b010)
  Input x = 0xf4007ae8 (11110100000000000111101011101000) =  -201295128
  Input y = 0xe2ca4ec5 (11100010110010100100111011000101) =  -490058043
  Expected z = 0x11362c23 (00010001001101100010110000100011) =   288762915
  Got      z = 0xxxxxxxxX (xxxxxxxxxxxxxxxxxxxxxxxxxxxxxxx1) =           X
ERROR: SLT operation failed at time              1870000
  Operation: SLT (3'b011)
  Input x = 0xf4007ae8 (11110100000000000111101011101000) =  -201295128
  Input y = 0xe2ca4ec5 (11100010110010100100111011000101) =  -490058043
  Expected z = 0x00000000 (00000000000000000000000000000000) =           0
  Got      z = 0x0000000X (0000000000000000000000000000000x) =           X
ERROR: SLT zero flag failed at time              1870000
  Operation: SLT (3'b011)
  Input x = 0xf4007ae8 (11110100000000000111101011101000) =  -201295128
  Input y = 0xe2ca4ec5 (11100010110010100100111011000101) =  -490058043
  Result z = 0x0000000X (0000000000000000000000000000000x) =           X
  Expected zero = 1, Got = x
ERROR: ADD operation failed at time              1920000
  Operation: ADD (3'b001)
  Input x = 0x2e58495c (00101110010110000100100101011100) =   777537884
  Input y = 0xde8e28bd (11011110100011100010100010111101) =  -561108803
  Expected z = 0x0ce67219 (00001100111001100111001000011001) =   216429081
  Got      z = 0xxxxxxxxX (xxxxxxxxxxxxxxxxxxxxxxxxxxxxxxx1) =           X
ERROR: SUB operation failed at time              1930000
  Operation: SUB (3'b010)
  Input x = 0x2e58495c (00101110010110000100100101011100) =   777537884
  Input y = 0xde8e28bd (11011110100011100010100010111101) =  -561108803
  Expected z = 0x4fca209f (01001111110010100010000010011111) =  1338646687
  Got      z = 0xxxxxxxxX (xxxxxxxxxxxxxxxxxxxxxxxxxxxxxxx1) =           X
ERROR: SLT operation failed at time              1940000
  Operation: SLT (3'b011)
  Input x = 0x2e58495c (00101110010110000100100101011100) =   777537884
  Input y = 0xde8e28bd (11011110100011100010100010111101) =  -561108803
  Expected z = 0x00000000 (00000000000000000000000000000000) =           0
  Got      z = 0x0000000X (0000000000000000000000000000000x) =           X
ERROR: SLT zero flag failed at time              1940000
  Operation: SLT (3'b011)
  Input x = 0x2e58495c (00101110010110000100100101011100) =   777537884
  Input y = 0xde8e28bd (11011110100011100010100010111101) =  -561108803
  Result z = 0x0000000X (0000000000000000000000000000000x) =           X
  Expected zero = 1, Got = x
ERROR: ADD operation failed at time              1990000
  Operation: ADD (3'b001)
  Input x = 0x96ab582d (10010110101010110101100000101101) = -1767155667
  Input y = 0xb2a72665 (10110010101001110010011001100101) = -1297668507
  Expected z = 0x49527e92 (01001001010100100111111010010010) =  1230143122
  Got      z = 0xxxxxxxxX (xxxxxxxxxxxxxxxxxxxxxxxxxxxxxxx0) =           X
ERROR: ADD zero flag failed at time              1990000
  Operation: ADD (3'b001)
  Input x = 0x96ab582d (10010110101010110101100000101101) = -1767155667
  Input y = 0xb2a72665 (10110010101001110010011001100101) = -1297668507
  Result z = 0xxxxxxxxX (xxxxxxxxxxxxxxxxxxxxxxxxxxxxxxx0) =           X
  Expected zero = 0, Got = x
ERROR: ADD overflow flag failed at time              1990000
  Operation: ADD (3'b001)
  Input x = 0x96ab582d (10010110101010110101100000101101) = -1767155667
  Input y = 0xb2a72665 (10110010101001110010011001100101) = -1297668507
  Result z = 0xxxxxxxxX (xxxxxxxxxxxxxxxxxxxxxxxxxxxxxxx0) =           X
  Expected overflow = 1, Got = 0
ERROR: SUB operation failed at time              2000000
  Operation: SUB (3'b010)
  Input x = 0x96ab582d (10010110101010110101100000101101) = -1767155667
  Input y = 0xb2a72665 (10110010101001110010011001100101) = -1297668507
  Expected z = 0xe40431c8 (11100100000001000011000111001000) =  -469487160
  Got      z = 0xxxxxxxxX (xxxxxxxxxxxxxxxxxxxxxxxxxxxxxxx0) =           X
ERROR: SUB zero flag failed at time              2000000
  Operation: SUB (3'b010)
  Input x = 0x96ab582d (10010110101010110101100000101101) = -1767155667
  Input y = 0xb2a72665 (10110010101001110010011001100101) = -1297668507
  Result z = 0xxxxxxxxX (xxxxxxxxxxxxxxxxxxxxxxxxxxxxxxx0) =           X
  Expected zero = 0, Got = x
ERROR: SLT operation failed at time              2010000
  Operation: SLT (3'b011)
  Input x = 0x96ab582d (10010110101010110101100000101101) = -1767155667
  Input y = 0xb2a72665 (10110010101001110010011001100101) = -1297668507
  Expected z = 0x00000001 (00000000000000000000000000000001) =           1
  Got      z = 0x0000000X (0000000000000000000000000000000x) =           X
ERROR: SLT zero flag failed at time              2010000
  Operation: SLT (3'b011)
  Input x = 0x96ab582d (10010110101010110101100000101101) = -1767155667
  Input y = 0xb2a72665 (10110010101001110010011001100101) = -1297668507
  Result z = 0x0000000X (0000000000000000000000000000000x) =           X
  Expected zero = 0, Got = x
ERROR: ADD operation failed at time              2060000
  Operation: ADD (3'b001)
  Input x = 0xb1ef6263 (10110001111011110110001001100011) = -1309711773
  Input y = 0x0573870a (00000101011100111000011100001010) =    91457290
  Expected z = 0xb762e96d (10110111011000101110100101101101) = -1218254483
  Got      z = 0xxxxxxxxX (xxxxxxxxxxxxxxxxxxxxxxxxxxxxxxx1) =           X
ERROR: SUB operation failed at time              2070000
  Operation: SUB (3'b010)
  Input x = 0xb1ef6263 (10110001111011110110001001100011) = -1309711773
  Input y = 0x0573870a (00000101011100111000011100001010) =    91457290
  Expected z = 0xac7bdb59 (10101100011110111101101101011001) = -1401169063
  Got      z = 0xxxxxxxxX (xxxxxxxxxxxxxxxxxxxxxxxxxxxxxxx1) =           X
ERROR: SLT operation failed at time              2080000
  Operation: SLT (3'b011)
  Input x = 0xb1ef6263 (10110001111011110110001001100011) = -1309711773
  Input y = 0x0573870a (00000101011100111000011100001010) =    91457290
  Expected z = 0x00000001 (00000000000000000000000000000001) =           1
  Got      z = 0x0000000X (0000000000000000000000000000000x) =           X
ERROR: SLT zero flag failed at time              2080000
  Operation: SLT (3'b011)
  Input x = 0xb1ef6263 (10110001111011110110001001100011) = -1309711773
  Input y = 0x0573870a (00000101011100111000011100001010) =    91457290
  Result z = 0x0000000X (0000000000000000000000000000000x) =           X
  Expected zero = 0, Got = x
ERROR: ADD operation failed at time              2130000
  Operation: ADD (3'b001)
  Input x = 0xc03b2280 (11000000001110110010001010000000) = -1069866368
  Input y = 0x10642120 (00010000011001000010000100100000) =   274997536
  Expected z = 0xd09f43a0 (11010000100111110100001110100000) =  -794868832
  Got      z = 0xxxxxxxxX (xxxxxxxxxxxxxxxxxxxxxxxxxxxxxxx0) =           X
ERROR: ADD zero flag failed at time              2130000
  Operation: ADD (3'b001)
  Input x = 0xc03b2280 (11000000001110110010001010000000) = -1069866368
  Input y = 0x10642120 (00010000011001000010000100100000) =   274997536
  Result z = 0xxxxxxxxX (xxxxxxxxxxxxxxxxxxxxxxxxxxxxxxx0) =           X
  Expected zero = 0, Got = x
ERROR: SUB operation failed at time              2140000
  Operation: SUB (3'b010)
  Input x = 0xc03b2280 (11000000001110110010001010000000) = -1069866368
  Input y = 0x10642120 (00010000011001000010000100100000) =   274997536
  Expected z = 0xafd70160 (10101111110101110000000101100000) = -1344863904
  Got      z = 0xxxxxxxxX (xxxxxxxxxxxxxxxxxxxxxxxxxxxxxxx0) =           X
ERROR: SUB zero flag failed at time              2140000
  Operation: SUB (3'b010)
  Input x = 0xc03b2280 (11000000001110110010001010000000) = -1069866368
  Input y = 0x10642120 (00010000011001000010000100100000) =   274997536
  Result z = 0xxxxxxxxX (xxxxxxxxxxxxxxxxxxxxxxxxxxxxxxx0) =           X
  Expected zero = 0, Got = x
ERROR: SLT operation failed at time              2150000
  Operation: SLT (3'b011)
  Input x = 0xc03b2280 (11000000001110110010001010000000) = -1069866368
  Input y = 0x10642120 (00010000011001000010000100100000) =   274997536
  Expected z = 0x00000001 (00000000000000000000000000000001) =           1
  Got      z = 0x0000000X (0000000000000000000000000000000x) =           X
ERROR: SLT zero flag failed at time              2150000
  Operation: SLT (3'b011)
  Input x = 0xc03b2280 (11000000001110110010001010000000) = -1069866368
  Input y = 0x10642120 (00010000011001000010000100100000) =   274997536
  Result z = 0x0000000X (0000000000000000000000000000000x) =           X
  Expected zero = 0, Got = x
ERROR: ADD operation failed at time              2200000
  Operation: ADD (3'b001)
  Input x = 0x557845aa (01010101011110000100010110101010) =  1433945514
  Input y = 0xcecccc9d (11001110110011001100110010011101) =  -825439075
  Expected z = 0x24451247 (00100100010001010001001001000111) =   608506439
  Got      z = 0xxxxxxxxX (xxxxxxxxxxxxxxxxxxxxxxxxxxxxxxx1) =           X
ERROR: SUB operation failed at time              2210000
  Operation: SUB (3'b010)
  Input x = 0x557845aa (01010101011110000100010110101010) =  1433945514
  Input y = 0xcecccc9d (11001110110011001100110010011101) =  -825439075
  Expected z = 0x86ab790d (10000110101010110111100100001101) = -2035582707
  Got      z = 0xxxxxxxxX (xxxxxxxxxxxxxxxxxxxxxxxxxxxxxxx1) =           X
ERROR: SUB overflow flag failed at time              2210000
  Operation: SUB (3'b010)
  Input x = 0x557845aa (01010101011110000100010110101010) =  1433945514
  Input y = 0xcecccc9d (11001110110011001100110010011101) =  -825439075
  Result z = 0xxxxxxxxX (xxxxxxxxxxxxxxxxxxxxxxxxxxxxxxx1) =           X
  Expected overflow = 1, Got = 0
ERROR: SLT operation failed at time              2220000
  Operation: SLT (3'b011)
  Input x = 0x557845aa (01010101011110000100010110101010) =  1433945514
  Input y = 0xcecccc9d (11001110110011001100110010011101) =  -825439075
  Expected z = 0x00000000 (00000000000000000000000000000000) =           0
  Got      z = 0x0000000X (0000000000000000000000000000000x) =           X
ERROR: SLT zero flag failed at time              2220000
  Operation: SLT (3'b011)
  Input x = 0x557845aa (01010101011110000100010110101010) =  1433945514
  Input y = 0xcecccc9d (11001110110011001100110010011101) =  -825439075
  Result z = 0x0000000X (0000000000000000000000000000000x) =           X
  Expected zero = 1, Got = x
ERROR: ADD operation failed at time              2270000
  Operation: ADD (3'b001)
  Input x = 0xcb203e96 (11001011001000000011111010010110) =  -887079274
  Input y = 0x8983b813 (10001001100000111011100000010011) = -1987856365
  Expected z = 0x54a3f6a9 (01010100101000111111011010101001) =  1420031657
  Got      z = 0xxxxxxxxX (xxxxxxxxxxxxxxxxxxxxxxxxxxxxxxx1) =           X
ERROR: ADD overflow flag failed at time              2270000
  Operation: ADD (3'b001)
  Input x = 0xcb203e96 (11001011001000000011111010010110) =  -887079274
  Input y = 0x8983b813 (10001001100000111011100000010011) = -1987856365
  Result z = 0xxxxxxxxX (xxxxxxxxxxxxxxxxxxxxxxxxxxxxxxx1) =           X
  Expected overflow = 1, Got = 0
ERROR: SUB operation failed at time              2280000
  Operation: SUB (3'b010)
  Input x = 0xcb203e96 (11001011001000000011111010010110) =  -887079274
  Input y = 0x8983b813 (10001001100000111011100000010011) = -1987856365
  Expected z = 0x419c8683 (01000001100111001000011010000011) =  1100777091
  Got      z = 0xxxxxxxxX (xxxxxxxxxxxxxxxxxxxxxxxxxxxxxxx1) =           X
ERROR: SLT operation failed at time              2290000
  Operation: SLT (3'b011)
  Input x = 0xcb203e96 (11001011001000000011111010010110) =  -887079274
  Input y = 0x8983b813 (10001001100000111011100000010011) = -1987856365
  Expected z = 0x00000000 (00000000000000000000000000000000) =           0
  Got      z = 0x0000000X (0000000000000000000000000000000x) =           X
ERROR: SLT zero flag failed at time              2290000
  Operation: SLT (3'b011)
  Input x = 0xcb203e96 (11001011001000000011111010010110) =  -887079274
  Input y = 0x8983b813 (10001001100000111011100000010011) = -1987856365
  Result z = 0x0000000X (0000000000000000000000000000000x) =           X
  Expected zero = 1, Got = x
ERROR: ADD operation failed at time              2340000
  Operation: ADD (3'b001)
  Input x = 0x86bc380d (10000110101111000011100000001101) = -2034485235
  Input y = 0xa9a7d653 (10101001101001111101011001010011) = -1448618413
  Expected z = 0x30640e60 (00110000011001000000111001100000) =   811863648
  Got      z = 0xxxxxxxxX (xxxxxxxxxxxxxxxxxxxxxxxxxxxxxxx0) =           X
ERROR: ADD zero flag failed at time              2340000
  Operation: ADD (3'b001)
  Input x = 0x86bc380d (10000110101111000011100000001101) = -2034485235
  Input y = 0xa9a7d653 (10101001101001111101011001010011) = -1448618413
  Result z = 0xxxxxxxxX (xxxxxxxxxxxxxxxxxxxxxxxxxxxxxxx0) =           X
  Expected zero = 0, Got = x
ERROR: ADD overflow flag failed at time              2340000
  Operation: ADD (3'b001)
  Input x = 0x86bc380d (10000110101111000011100000001101) = -2034485235
  Input y = 0xa9a7d653 (10101001101001111101011001010011) = -1448618413
  Result z = 0xxxxxxxxX (xxxxxxxxxxxxxxxxxxxxxxxxxxxxxxx0) =           X
  Expected overflow = 1, Got = 0
ERROR: SUB operation failed at time              2350000
  Operation: SUB (3'b010)
  Input x = 0x86bc380d (10000110101111000011100000001101) = -2034485235
  Input y = 0xa9a7d653 (10101001101001111101011001010011) = -1448618413
  Expected z = 0xdd1461ba (11011101000101000110000110111010) =  -585866822
  Got      z = 0xxxxxxxxX (xxxxxxxxxxxxxxxxxxxxxxxxxxxxxxx0) =           X
ERROR: SUB zero flag failed at time              2350000
  Operation: SUB (3'b010)
  Input x = 0x86bc380d (10000110101111000011100000001101) = -2034485235
  Input y = 0xa9a7d653 (10101001101001111101011001010011) = -1448618413
  Result z = 0xxxxxxxxX (xxxxxxxxxxxxxxxxxxxxxxxxxxxxxxx0) =           X
  Expected zero = 0, Got = x
ERROR: SLT operation failed at time              2360000
  Operation: SLT (3'b011)
  Input x = 0x86bc380d (10000110101111000011100000001101) = -2034485235
  Input y = 0xa9a7d653 (10101001101001111101011001010011) = -1448618413
  Expected z = 0x00000001 (00000000000000000000000000000001) =           1
  Got      z = 0x0000000X (0000000000000000000000000000000x) =           X
ERROR: SLT zero flag failed at time              2360000
  Operation: SLT (3'b011)
  Input x = 0x86bc380d (10000110101111000011100000001101) = -2034485235
  Input y = 0xa9a7d653 (10101001101001111101011001010011) = -1448618413
  Result z = 0x0000000X (0000000000000000000000000000000x) =           X
  Expected zero = 0, Got = x

=====================================
Test Results Summary:
Total tests run:         239
AND errors:           0
ADD errors:          34
SUB errors:          34
SLT errors:          35
SRL errors:           0
SRA errors:           0
SLL errors:           0
Flag errors:          88
SOME TESTS FAILED! 
=====================================
$finish called at time : 2390 ns : File "/home/khyang/harvard/cs1410_lab/lab2/lab2_server/tb/alu_tb.sv" Line 705
exit
INFO: [Common 17-206] Exiting xsim at Fri Oct 10 17:14:56 2025...
