#-----------------------------------------------------------
# xsim v2022.2 (64-bit)
# SW Build 3671981 on Fri Oct 14 04:59:54 MDT 2022
# IP Build 3669848 on Fri Oct 14 08:30:02 MDT 2022
# Start of session at: Thu Oct  2 19:41:29 2025
# Process ID: 317560
# Current directory: /home/khyang/harvard/cs1410_lab/lab2/lab2_server
# Command line: xsim -mode tcl -source {xsim.dir/mux_tb_sim/xsim_script.tcl}
# Log file: /home/khyang/harvard/cs1410_lab/lab2/lab2_server/xsim.log
# Journal file: /home/khyang/harvard/cs1410_lab/lab2/lab2_server/xsim.jou
# Running On: sec-academic-1.int.seas.harvard.edu, OS: Linux, CPU Frequency: 1200.091 MHz, CPU Physical cores: 27, Host memory: 539830 MB
#-----------------------------------------------------------
source xsim.dir/mux_tb_sim/xsim_script.tcl
# xsim {mux_tb_sim} -autoloadwcfg -runall
Time resolution is 1 ps
run -all
Starting self-checking testbench...
PASS at time 1000: in=00 sel=0 => out=0
PASS at time 2000: in=00 sel=1 => out=0
PASS at time 3000: in=01 sel=0 => out=1
PASS at time 4000: in=01 sel=1 => out=0
PASS at time 5000: in=10 sel=0 => out=0
PASS at time 6000: in=10 sel=1 => out=1
PASS at time 7000: in=11 sel=0 => out=1
PASS at time 8000: in=11 sel=1 => out=1
All tests completed.
$finish called at time : 8 ns : File "/home/khyang/harvard/cs1410_lab/lab2/lab2_server/tb/mux_tb.sv" Line 53
exit
INFO: [Common 17-206] Exiting xsim at Thu Oct  2 19:41:33 2025...
