#-----------------------------------------------------------
# xsim v2022.2 (64-bit)
# SW Build 3671981 on Fri Oct 14 04:59:54 MDT 2022
# IP Build 3669848 on Fri Oct 14 08:30:02 MDT 2022
# Start of session at: Thu Oct  2 19:37:45 2025
# Process ID: 302800
# Current directory: /home/khyang/harvard/cs1410_lab/lab2/lab2_server
# Command line: xsim -mode tcl -source {xsim.dir/mux_tb_sim/xsim_script.tcl}
# Log file: /home/khyang/harvard/cs1410_lab/lab2/lab2_server/xsim.log
# Journal file: /home/khyang/harvard/cs1410_lab/lab2/lab2_server/xsim.jou
# Running On: sec-academic-1.int.seas.harvard.edu, OS: Linux, CPU Frequency: 1200.000 MHz, CPU Physical cores: 28, Host memory: 539830 MB
#-----------------------------------------------------------
source xsim.dir/mux_tb_sim/xsim_script.tcl
# xsim {mux_tb_sim} -autoloadwcfg -runall
Time resolution is 1 ps
run -all
Starting self-checking testbench...
Error: Mismatch at time 1000: in=00 sel=0 => out=x (expected 0)
Time: 1 ns  Iteration: 0  Process: /mux_tb/check  Scope: mux_tb.check  File: /home/khyang/harvard/cs1410_lab/lab2/lab2_server/tb/mux_tb.sv Line: 27
Error: Mismatch at time 2000: in=00 sel=1 => out=x (expected 0)
Time: 2 ns  Iteration: 0  Process: /mux_tb/check  Scope: mux_tb.check  File: /home/khyang/harvard/cs1410_lab/lab2/lab2_server/tb/mux_tb.sv Line: 27
Error: Mismatch at time 3000: in=01 sel=0 => out=x (expected 1)
Time: 3 ns  Iteration: 0  Process: /mux_tb/check  Scope: mux_tb.check  File: /home/khyang/harvard/cs1410_lab/lab2/lab2_server/tb/mux_tb.sv Line: 27
Error: Mismatch at time 4000: in=01 sel=1 => out=x (expected 0)
Time: 4 ns  Iteration: 0  Process: /mux_tb/check  Scope: mux_tb.check  File: /home/khyang/harvard/cs1410_lab/lab2/lab2_server/tb/mux_tb.sv Line: 27
Error: Mismatch at time 5000: in=10 sel=0 => out=x (expected 0)
Time: 5 ns  Iteration: 0  Process: /mux_tb/check  Scope: mux_tb.check  File: /home/khyang/harvard/cs1410_lab/lab2/lab2_server/tb/mux_tb.sv Line: 27
Error: Mismatch at time 6000: in=10 sel=1 => out=x (expected 1)
Time: 6 ns  Iteration: 0  Process: /mux_tb/check  Scope: mux_tb.check  File: /home/khyang/harvard/cs1410_lab/lab2/lab2_server/tb/mux_tb.sv Line: 27
Error: Mismatch at time 7000: in=11 sel=0 => out=x (expected 1)
Time: 7 ns  Iteration: 0  Process: /mux_tb/check  Scope: mux_tb.check  File: /home/khyang/harvard/cs1410_lab/lab2/lab2_server/tb/mux_tb.sv Line: 27
Error: Mismatch at time 8000: in=11 sel=1 => out=x (expected 1)
Time: 8 ns  Iteration: 0  Process: /mux_tb/check  Scope: mux_tb.check  File: /home/khyang/harvard/cs1410_lab/lab2/lab2_server/tb/mux_tb.sv Line: 27
All tests completed.
$finish called at time : 8 ns : File "/home/khyang/harvard/cs1410_lab/lab2/lab2_server/tb/mux_tb.sv" Line 53
exit
INFO: [Common 17-206] Exiting xsim at Thu Oct  2 19:37:50 2025...
