#-----------------------------------------------------------
# Vivado v2022.2 (64-bit)
# SW Build 3671981 on Fri Oct 14 04:59:54 MDT 2022
# IP Build 3669848 on Fri Oct 14 08:30:02 MDT 2022
# Start of session at: Fri Nov 14 03:11:25 2025
# Process ID: 3845770
# Current directory: /home/khyang/harvard/cs1410_lab
# Command line: vivado .
# Log file: /home/khyang/harvard/cs1410_lab/vivado.log
# Journal file: /home/khyang/harvard/cs1410_lab/vivado.jou
# Running On: sec-academic-1.int.seas.harvard.edu, OS: Linux, CPU Frequency: 3297.666 MHz, CPU Physical cores: 27, Host memory: 539830 MB
#-----------------------------------------------------------
start_gui
WARNING: [Board 49-26] cannot add Board Part xilinx.com:vek280_es:part0:1.0 available at /software/xilinx-tools-2022/Vivado/2022.2/data/xhub/boards/XilinxBoardStore/boards/Xilinx/vek280/es/1.0/board.xml as part xcve2802-vsvh1760-2lp-e-s-es1 specified in board_part file is either invalid or not available
WARNING: [Board 49-26] cannot add Board Part xilinx.com:vhk158_es:part0:1.0 available at /software/xilinx-tools-2022/Vivado/2022.2/data/xhub/boards/XilinxBoardStore/boards/Xilinx/vhk158/es/1.0/board.xml as part xcvh1582-vsva3697-2mp-e-s-es1 specified in board_part file is either invalid or not available
WARNING: [Board 49-26] cannot add Board Part xilinx.com:vpk120_es:part0:1.2 available at /software/xilinx-tools-2022/Vivado/2022.2/data/xhub/boards/XilinxBoardStore/boards/Xilinx/vpk120/es/1.2/board.xml as part xcvp1202-vsva2785-2mp-e-s-es1 specified in board_part file is either invalid or not available
WARNING: [Board 49-26] cannot add Board Part xilinx.com:vpk120_es_revb:part0:1.0 available at /software/xilinx-tools-2022/Vivado/2022.2/data/xhub/boards/XilinxBoardStore/boards/Xilinx/vpk120_revb/es/1.0/board.xml as part xcvp1202-vsva2785-2mp-e-s-es1 specified in board_part file is either invalid or not available
WARNING: [Board 49-26] cannot add Board Part xilinx.com:vpk180_es:part0:1.0 available at /software/xilinx-tools-2022/Vivado/2022.2/data/xhub/boards/XilinxBoardStore/boards/Xilinx/vpk180/es/1.0/board.xml as part xcvp1802-lsvc4072-2mp-e-s-es1 specified in board_part file is either invalid or not available
WARNING: [Board 49-26] cannot add Board Part xilinx.com:zcu208ld:part0:2.0 available at /software/xilinx-tools-2022/Vivado/2022.2/data/xhub/boards/XilinxBoardStore/boards/Xilinx/zcu208ld/production/2.0/board.xml as part xczu58dr-fsvg1517-2-i specified in board_part file is either invalid or not available
WARNING: [Board 49-26] cannot add Board Part xilinx.com:zcu216ld:part0:2.0 available at /software/xilinx-tools-2022/Vivado/2022.2/data/xhub/boards/XilinxBoardStore/boards/Xilinx/zcu216ld/production/2.0/board.xml as part xczu59dr-ffvf1760-2-i specified in board_part file is either invalid or not available
WARNING: [Board 49-26] cannot add Board Part xilinx.com:zcu670:part0:2.0 available at /software/xilinx-tools-2022/Vivado/2022.2/data/xhub/boards/XilinxBoardStore/boards/Xilinx/zcu670/2.0/board.xml as part xczu67dr-fsve1156-2-i specified in board_part file is either invalid or not available
WARNING: [Board 49-26] cannot add Board Part xilinx.com:zcu670ld:part0:1.0 available at /software/xilinx-tools-2022/Vivado/2022.2/data/xhub/boards/XilinxBoardStore/boards/Xilinx/zcu670ld/1.0/board.xml as part xczu57dr-fsve1156-2-i specified in board_part file is either invalid or not available
open_project /home/khyang/harvard/cs1410_lab/lab4_updated/lab4_server/project_1.xpr
CRITICAL WARNING: [Project 1-863] The design checkpoint file /home/khyang/harvard/cs1410_lab/lab4_updated/lab4_server/project_1.gen/sources_1/ip/blk_mem_gen_1/blk_mem_gen_1.dcp was generated for a block design or an IP or BD by an out of context synthesis run and should not directly be used as a source in a Vivado flow to refer to an IP source.  As of 2017.1, the DCP from OOC runs will not contain XDC timing constraints because these are expected to be referred to by the IP .xci or .xcix file source. DCP files prior to 2017.1 will contain incorrect constraints because they were generated with default OOC clock period which will not likely match your top level clock constraints when used in the full design context. 
 
CRITICAL WARNING: [Project 1-19] Could not find the file '/home/khyang/harvard/cs1410_lab/lab4_updated/lab4_server/project_1.sim/sim_1/behav/xsim/glbl.v'.
CRITICAL WARNING: [Project 1-19] Could not find the file '/home/khyang/lab4_STAFF/lab4/lab4_server/source/cpu.sv'.
CRITICAL WARNING: [Project 1-19] Could not find the file '/home/khyang/harvard/cs1410_lab/lab4_updated/lab4_server/project_1.ip_user_files/ip/blk_mem_gen_1/blk_mem_gen_1_stub.v'.
CRITICAL WARNING: [Project 1-19] Could not find the file '/home/khyang/harvard/cs1410_lab/lab4_updated/lab4_server/source/STAFF_mux3.sv'.
CRITICAL WARNING: [Project 1-19] Could not find the file '/home/khyang/harvard/cs1410_lab/lab4_updated/lab4_server/source/STAFF_mux6.sv'.
CRITICAL WARNING: [Project 1-19] Could not find the file '/home/khyang/harvard/cs1410_lab/lab4_updated/lab4_server/source/STAFF_cpu.sv'.
CRITICAL WARNING: [Project 1-19] Could not find the file '/home/khyang/harvard/cs1410_lab/lab4_updated/lab4_server/source/STAFF_cpu_top.sv'.
CRITICAL WARNING: [Project 1-19] Could not find the file '/home/khyang/harvard/cs1410_lab/lab4_updated/lab4_server/source/STAFF_aludec.sv'.
CRITICAL WARNING: [Project 1-19] Could not find the file '/home/khyang/harvard/cs1410_lab/lab4_updated/lab4_server/source/STAFF_controller.sv'.
CRITICAL WARNING: [Project 1-19] Could not find the file '/home/khyang/harvard/cs1410_lab/lab4_updated/lab4_server/source/STAFF_fsm.sv'.
CRITICAL WARNING: [Project 1-19] Could not find the file '/home/khyang/harvard/cs1410_lab/lab4_updated/lab4_server/source/STAFF_mux2.sv'.
CRITICAL WARNING: [Project 1-19] Could not find the file '/home/khyang/harvard/cs1410_lab/lab4_updated/lab4_server/source/STAFF_zeroext.sv'.
CRITICAL WARNING: [Project 1-19] Could not find the file '/home/khyang/harvard/cs1410_lab/lab4_updated/lab4_server/source/STAFF_datapath.sv'.
CRITICAL WARNING: [Project 1-19] Could not find the file '/home/khyang/harvard/cs1410_lab/lab4_updated/lab4_server/source/STAFF_sl2.sv'.
CRITICAL WARNING: [Project 1-19] Could not find the file '/home/khyang/harvard/cs1410_lab/lab4_updated/lab4_server/source/STAFF_signext.sv'.
CRITICAL WARNING: [Project 1-19] Could not find the file '/home/khyang/harvard/cs1410_lab/lab4_updated/lab4_server/source/STAFF_rw_ram.sv'.
Scanning sources...
Finished scanning sources
CRITICAL WARNING: [Project 1-863] The design checkpoint file /home/khyang/harvard/cs1410_lab/lab4_updated/lab4_server/project_1.gen/sources_1/ip/blk_mem_gen_1/blk_mem_gen_1.dcp was generated for a block design or an IP or BD by an out of context synthesis run and should not directly be used as a source in a Vivado flow to refer to an IP source.  As of 2017.1, the DCP from OOC runs will not contain XDC timing constraints because these are expected to be referred to by the IP .xci or .xcix file source. DCP files prior to 2017.1 will contain incorrect constraints because they were generated with default OOC clock period which will not likely match your top level clock constraints when used in the full design context. 
 
CRITICAL WARNING: [Project 1-863] The design checkpoint file /home/khyang/harvard/cs1410_lab/lab4_updated/lab4_server/project_1.gen/sources_1/ip/blk_mem_gen_1/blk_mem_gen_1.dcp was generated for a block design or an IP or BD by an out of context synthesis run and should not directly be used as a source in a Vivado flow to refer to an IP source.  As of 2017.1, the DCP from OOC runs will not contain XDC timing constraints because these are expected to be referred to by the IP .xci or .xcix file source. DCP files prior to 2017.1 will contain incorrect constraints because they were generated with default OOC clock period which will not likely match your top level clock constraints when used in the full design context. 
 
INFO: [IP_Flow 19-234] Refreshing IP repositories
INFO: [IP_Flow 19-1700] Loaded user IP repository '/home/khyang/harvard/cs1410_lab/lab4_updated/lab4_server/project_1.srcs'.
INFO: [IP_Flow 19-1700] Loaded user IP repository '/home/khyang/harvard/cs1410_lab/lab4_updated/lab4_server/project_1.ip_user_files'.
INFO: [IP_Flow 19-2313] Loaded Vivado IP repository '/software/xilinx-tools-2022/Vivado/2022.2/data/ip'.
reset_run synth_1
INFO: [Project 1-1160] Copying file /home/khyang/harvard/cs1410_lab/lab4_updated/lab4_server/project_1.runs/synth_1/cpu_top.dcp to /home/khyang/harvard/cs1410_lab/lab4_updated/lab4_server/project_1.srcs/utils_1/imports/synth_1 and adding it to utils fileset
WARNING: [filemgmt 56-12] File '/home/khyang/harvard/cs1410_lab/lab4_updated/lab4_server/project_1.srcs/utils_1/imports/synth_1/cpu_top.dcp' cannot be added to the project because it already exists in the project, skipping this file
WARNING: [Project 1-1859] Fail to add auto incremental checkpoint /home/khyang/harvard/cs1410_lab/lab4_updated/lab4_server/project_1.runs/synth_1/cpu_top.dcp to utils_1 fileset.
launch_runs impl_1 -jobs 96
INFO: [IP_Flow 19-1686] Generating 'Synthesis' target for IP 'blk_mem_gen_0'...
INFO: [IP_Flow 19-6924] IPCACHE: Running cache check for IP inst: blk_mem_gen_0
INFO: [IP_Flow 19-6922] IPCACHE: Exporting cached entry 9aa2b89a9d695baf to dir: /home/khyang/harvard/cs1410_lab/lab4_updated/lab4_server/project_1.gen/sources_1/ip/blk_mem_gen_0_5
INFO: [IP_Flow 19-6928] IPCACHE: copied cached file /home/khyang/harvard/cs1410_lab/lab4_updated/lab4_server/project_1.cache/ip/2022.2/9/a/9aa2b89a9d695baf/blk_mem_gen_0.dcp to /home/khyang/harvard/cs1410_lab/lab4_updated/lab4_server/project_1.gen/sources_1/ip/blk_mem_gen_0_5/blk_mem_gen_0.dcp.
INFO: [IP_Flow 19-6926] IPCACHE: added file to list for BOM: /home/khyang/harvard/cs1410_lab/lab4_updated/lab4_server/project_1.gen/sources_1/ip/blk_mem_gen_0_5/blk_mem_gen_0.dcp
INFO: [IP_Flow 19-6928] IPCACHE: copied cached file /home/khyang/harvard/cs1410_lab/lab4_updated/lab4_server/project_1.cache/ip/2022.2/9/a/9aa2b89a9d695baf/blk_mem_gen_0_stub.v to /home/khyang/harvard/cs1410_lab/lab4_updated/lab4_server/project_1.gen/sources_1/ip/blk_mem_gen_0_5/blk_mem_gen_0_stub.v.
INFO: [IP_Flow 19-6926] IPCACHE: added file to list for BOM: /home/khyang/harvard/cs1410_lab/lab4_updated/lab4_server/project_1.gen/sources_1/ip/blk_mem_gen_0_5/blk_mem_gen_0_stub.v
INFO: [IP_Flow 19-6928] IPCACHE: copied cached file /home/khyang/harvard/cs1410_lab/lab4_updated/lab4_server/project_1.cache/ip/2022.2/9/a/9aa2b89a9d695baf/blk_mem_gen_0_stub.vhdl to /home/khyang/harvard/cs1410_lab/lab4_updated/lab4_server/project_1.gen/sources_1/ip/blk_mem_gen_0_5/blk_mem_gen_0_stub.vhdl.
INFO: [IP_Flow 19-6926] IPCACHE: added file to list for BOM: /home/khyang/harvard/cs1410_lab/lab4_updated/lab4_server/project_1.gen/sources_1/ip/blk_mem_gen_0_5/blk_mem_gen_0_stub.vhdl
INFO: [IP_Flow 19-6928] IPCACHE: copied cached file /home/khyang/harvard/cs1410_lab/lab4_updated/lab4_server/project_1.cache/ip/2022.2/9/a/9aa2b89a9d695baf/blk_mem_gen_0_sim_netlist.v to /home/khyang/harvard/cs1410_lab/lab4_updated/lab4_server/project_1.gen/sources_1/ip/blk_mem_gen_0_5/blk_mem_gen_0_sim_netlist.v.
INFO: [IP_Flow 19-6926] IPCACHE: added file to list for BOM: /home/khyang/harvard/cs1410_lab/lab4_updated/lab4_server/project_1.gen/sources_1/ip/blk_mem_gen_0_5/blk_mem_gen_0_sim_netlist.v
INFO: [IP_Flow 19-6928] IPCACHE: copied cached file /home/khyang/harvard/cs1410_lab/lab4_updated/lab4_server/project_1.cache/ip/2022.2/9/a/9aa2b89a9d695baf/blk_mem_gen_0_sim_netlist.vhdl to /home/khyang/harvard/cs1410_lab/lab4_updated/lab4_server/project_1.gen/sources_1/ip/blk_mem_gen_0_5/blk_mem_gen_0_sim_netlist.vhdl.
INFO: [IP_Flow 19-6926] IPCACHE: added file to list for BOM: /home/khyang/harvard/cs1410_lab/lab4_updated/lab4_server/project_1.gen/sources_1/ip/blk_mem_gen_0_5/blk_mem_gen_0_sim_netlist.vhdl
INFO: [IP_Flow 19-4993] Using cached IP synthesis design for IP blk_mem_gen_0, cache-ID = 9aa2b89a9d695baf; cache size = 0.669 MB.
INFO: [Vivado 12-4149] The synthesis checkpoint for IP '/home/khyang/harvard/cs1410_lab/lab4_updated/lab4_server/project_1.srcs/sources_1/ip/blk_mem_gen_0_5/blk_mem_gen_0.xci' is already up-to-date
[Fri Nov 14 03:12:01 2025] Launched synth_1...
Run output will be captured here: /home/khyang/harvard/cs1410_lab/lab4_updated/lab4_server/project_1.runs/synth_1/runme.log
[Fri Nov 14 03:12:01 2025] Launched impl_1...
Run output will be captured here: /home/khyang/harvard/cs1410_lab/lab4_updated/lab4_server/project_1.runs/impl_1/runme.log
update_compile_order -fileset sources_1
update_compile_order -fileset sources_1
exit
INFO: [Common 17-206] Exiting Vivado at Fri Nov 14 03:18:00 2025...
