#-----------------------------------------------------------
# Vivado v2022.2 (64-bit)
# SW Build 3671981 on Fri Oct 14 04:59:54 MDT 2022
# IP Build 3669848 on Fri Oct 14 08:30:02 MDT 2022
# Start of session at: Fri Nov 14 02:21:30 2025
# Process ID: 3477624
# Current directory: /home/khyang/harvard/cs1410_lab
# Command line: vivado .
# Log file: /home/khyang/harvard/cs1410_lab/vivado.log
# Journal file: /home/khyang/harvard/cs1410_lab/vivado.jou
# Running On: sec-academic-1.int.seas.harvard.edu, OS: Linux, CPU Frequency: 2039.249 MHz, CPU Physical cores: 26, Host memory: 539830 MB
#-----------------------------------------------------------
start_gui
WARNING: [Board 49-26] cannot add Board Part xilinx.com:vek280_es:part0:1.0 available at /software/xilinx-tools-2022/Vivado/2022.2/data/xhub/boards/XilinxBoardStore/boards/Xilinx/vek280/es/1.0/board.xml as part xcve2802-vsvh1760-2lp-e-s-es1 specified in board_part file is either invalid or not available
WARNING: [Board 49-26] cannot add Board Part xilinx.com:vhk158_es:part0:1.0 available at /software/xilinx-tools-2022/Vivado/2022.2/data/xhub/boards/XilinxBoardStore/boards/Xilinx/vhk158/es/1.0/board.xml as part xcvh1582-vsva3697-2mp-e-s-es1 specified in board_part file is either invalid or not available
WARNING: [Board 49-26] cannot add Board Part xilinx.com:vpk120_es:part0:1.2 available at /software/xilinx-tools-2022/Vivado/2022.2/data/xhub/boards/XilinxBoardStore/boards/Xilinx/vpk120/es/1.2/board.xml as part xcvp1202-vsva2785-2mp-e-s-es1 specified in board_part file is either invalid or not available
WARNING: [Board 49-26] cannot add Board Part xilinx.com:vpk120_es_revb:part0:1.0 available at /software/xilinx-tools-2022/Vivado/2022.2/data/xhub/boards/XilinxBoardStore/boards/Xilinx/vpk120_revb/es/1.0/board.xml as part xcvp1202-vsva2785-2mp-e-s-es1 specified in board_part file is either invalid or not available
WARNING: [Board 49-26] cannot add Board Part xilinx.com:vpk180_es:part0:1.0 available at /software/xilinx-tools-2022/Vivado/2022.2/data/xhub/boards/XilinxBoardStore/boards/Xilinx/vpk180/es/1.0/board.xml as part xcvp1802-lsvc4072-2mp-e-s-es1 specified in board_part file is either invalid or not available
WARNING: [Board 49-26] cannot add Board Part xilinx.com:zcu208ld:part0:2.0 available at /software/xilinx-tools-2022/Vivado/2022.2/data/xhub/boards/XilinxBoardStore/boards/Xilinx/zcu208ld/production/2.0/board.xml as part xczu58dr-fsvg1517-2-i specified in board_part file is either invalid or not available
WARNING: [Board 49-26] cannot add Board Part xilinx.com:zcu216ld:part0:2.0 available at /software/xilinx-tools-2022/Vivado/2022.2/data/xhub/boards/XilinxBoardStore/boards/Xilinx/zcu216ld/production/2.0/board.xml as part xczu59dr-ffvf1760-2-i specified in board_part file is either invalid or not available
WARNING: [Board 49-26] cannot add Board Part xilinx.com:zcu670:part0:2.0 available at /software/xilinx-tools-2022/Vivado/2022.2/data/xhub/boards/XilinxBoardStore/boards/Xilinx/zcu670/2.0/board.xml as part xczu67dr-fsve1156-2-i specified in board_part file is either invalid or not available
WARNING: [Board 49-26] cannot add Board Part xilinx.com:zcu670ld:part0:1.0 available at /software/xilinx-tools-2022/Vivado/2022.2/data/xhub/boards/XilinxBoardStore/boards/Xilinx/zcu670ld/1.0/board.xml as part xczu57dr-fsve1156-2-i specified in board_part file is either invalid or not available
open_project /home/khyang/harvard/cs1410_lab/lab4_updated/lab4_server/project_1.xpr
WARNING: [filemgmt 56-3] IP Repository Path: Could not find the directory '/home/khyang/harvard/cs1410_lab/lab4_updated/lab4_server/project_1.srcs'.
WARNING: [filemgmt 56-3] IP Repository Path: Could not find the directory '/home/khyang/harvard/cs1410_lab/lab4_updated/lab4_server/project_1.ip_user_files'.
INFO: [filemgmt 56-3] Default IP Output Path : Could not find the directory '/home/khyang/harvard/cs1410_lab/lab4_updated/lab4_server/project_1.gen/sources_1'.
WARNING: [filemgmt 56-3] IPUserFilesDir: Could not find the directory '/home/khyang/harvard/cs1410_lab/lab4_updated/lab4_server/project_1.ip_user_files'.
WARNING: [Project 1-865] Could not find the file /home/khyang/harvard/cs1410_lab/lab4_updated/lab4_server/project_1.gen/sources_1/ip/blk_mem_gen_1/blk_mem_gen_1.dcp
CRITICAL WARNING: [Project 1-19] Could not find the file '/home/khyang/harvard/cs1410_lab/lab4_updated/lab4_server/project_1.sim/sim_1/behav/xsim/glbl.v'.
CRITICAL WARNING: [Project 1-19] Could not find the file '/home/khyang/harvard/cs1410_lab/lab4_updated/lab4_server/project_1.srcs/sources_1/new/dead_memory.mem'.
CRITICAL WARNING: [Project 1-19] Could not find the file '/home/khyang/lab4_STAFF/lab4/lab4_server/source/cpu.sv'.
CRITICAL WARNING: [Project 1-19] Could not find the file '/home/khyang/harvard/cs1410_lab/lab4_updated/lab4_server/project_1.ip_user_files/ip/blk_mem_gen_1/blk_mem_gen_1_stub.v'.
CRITICAL WARNING: [Project 1-19] Could not find the file '/home/khyang/harvard/cs1410_lab/lab4_updated/lab4_server/source/STAFF_mux3.sv'.
CRITICAL WARNING: [Project 1-19] Could not find the file '/home/khyang/harvard/cs1410_lab/lab4_updated/lab4_server/source/STAFF_mux6.sv'.
CRITICAL WARNING: [Project 1-19] Could not find the file '/home/khyang/harvard/cs1410_lab/lab4_updated/lab4_server/source/STAFF_cpu.sv'.
CRITICAL WARNING: [Project 1-19] Could not find the file '/home/khyang/harvard/cs1410_lab/lab4_updated/lab4_server/source/STAFF_cpu_top.sv'.
CRITICAL WARNING: [Project 1-19] Could not find the file '/home/khyang/harvard/cs1410_lab/lab4_updated/lab4_server/source/STAFF_aludec.sv'.
CRITICAL WARNING: [Project 1-19] Could not find the file '/home/khyang/harvard/cs1410_lab/lab4_updated/lab4_server/source/STAFF_controller.sv'.
CRITICAL WARNING: [Project 1-19] Could not find the file '/home/khyang/harvard/cs1410_lab/lab4_updated/lab4_server/source/STAFF_fsm.sv'.
CRITICAL WARNING: [Project 1-19] Could not find the file '/home/khyang/harvard/cs1410_lab/lab4_updated/lab4_server/source/STAFF_mux2.sv'.
CRITICAL WARNING: [Project 1-19] Could not find the file '/home/khyang/harvard/cs1410_lab/lab4_updated/lab4_server/source/STAFF_zeroext.sv'.
CRITICAL WARNING: [Project 1-19] Could not find the file '/home/khyang/harvard/cs1410_lab/lab4_updated/lab4_server/source/STAFF_datapath.sv'.
CRITICAL WARNING: [Project 1-19] Could not find the file '/home/khyang/harvard/cs1410_lab/lab4_updated/lab4_server/source/STAFF_sl2.sv'.
CRITICAL WARNING: [Project 1-19] Could not find the file '/home/khyang/harvard/cs1410_lab/lab4_updated/lab4_server/source/STAFF_signext.sv'.
CRITICAL WARNING: [Project 1-19] Could not find the file '/home/khyang/harvard/cs1410_lab/lab4_updated/lab4_server/source/STAFF_rw_ram.sv'.
CRITICAL WARNING: [Project 1-19] Could not find the file '/home/khyang/harvard/cs1410_lab/lab4_updated/lab4_server/project_1.srcs/utils_1/imports/synth_1/cpu_top.dcp'.
WARNING: [Project 1-865] Could not find the file /home/khyang/harvard/cs1410_lab/lab4_updated/lab4_server/project_1.srcs/utils_1/imports/synth_1/cpu_top.dcp
CRITICAL WARNING: [Project 1-19] Could not find the file '/home/khyang/harvard/cs1410_lab/lab4_updated/lab4_server/project_1.srcs/sources_1/ip/blk_mem_gen_0_2/blk_mem_gen_0.xci'.
Scanning sources...
Finished scanning sources
ERROR: [IP_Flow 19-993] Could not find IP file for IP 'blk_mem_gen_0'.
INFO: [IP_Flow 19-234] Refreshing IP repositories
WARNING: [IP_Flow 19-2248] Failed to load user IP repository '/home/khyang/harvard/cs1410_lab/lab4_updated/lab4_server/project_1.srcs'; Can't find the specified path.
If this directory should no longer be in your list of user repositories, go to the IP Settings dialog and remove it.
WARNING: [IP_Flow 19-2248] Failed to load user IP repository '/home/khyang/harvard/cs1410_lab/lab4_updated/lab4_server/project_1.ip_user_files'; Can't find the specified path.
If this directory should no longer be in your list of user repositories, go to the IP Settings dialog and remove it.
INFO: [IP_Flow 19-2313] Loaded Vivado IP repository '/software/xilinx-tools-2022/Vivado/2022.2/data/ip'.
CRITICAL WARNING: [IP_Flow 19-3933] Unable to construct an IP Instance blk_mem_gen_0 using VLNV :::.
ERROR: [Common 17-39] 'open_project' failed due to earlier errors.
launch_runs synth_1 -jobs 96
WARNING: [Vivado 12-7122] Auto Incremental Compile:: No reference checkpoint was found in run synth_1. Auto-incremental flow will not be run, the standard flow will be run instead.
[Fri Nov 14 02:21:56 2025] Launched synth_1...
Run output will be captured here: /home/khyang/harvard/cs1410_lab/lab4_updated/lab4_server/project_1.runs/synth_1/runme.log
update_compile_order -fileset sources_1
reset_run synth_1
launch_runs synth_1 -jobs 96
WARNING: [Vivado 12-7122] Auto Incremental Compile:: No reference checkpoint was found in run synth_1. Auto-incremental flow will not be run, the standard flow will be run instead.
[Fri Nov 14 02:23:31 2025] Launched synth_1...
Run output will be captured here: /home/khyang/harvard/cs1410_lab/lab4_updated/lab4_server/project_1.runs/synth_1/runme.log
add_files -norecurse /home/khyang/harvard/cs1410_lab/lab4_updated/lab4_server/source/cpu.svh
WARNING: [filemgmt 56-12] File '/home/khyang/harvard/cs1410_lab/lab4_updated/lab4_server/source/cpu.svh' cannot be added to the project because it already exists in the project, skipping this file
add_files -norecurse {/home/khyang/harvard/cs1410_lab/lab4_updated/lab4_server/source/rw_ram.sv /home/khyang/harvard/cs1410_lab/lab4_updated/lab4_server/source/alu.sv /home/khyang/harvard/cs1410_lab/lab4_updated/lab4_server/source/cpu.sv /home/khyang/harvard/cs1410_lab/lab4_updated/lab4_server/source/mux.sv /home/khyang/harvard/cs1410_lab/lab4_updated/lab4_server/source/barrel_shifter.sv /home/khyang/harvard/cs1410_lab/lab4_updated/lab4_server/source/reg_reset.sv /home/khyang/harvard/cs1410_lab/lab4_updated/lab4_server/source/control_unit.sv /home/khyang/harvard/cs1410_lab/lab4_updated/lab4_server/source/reg_file.sv /home/khyang/harvard/cs1410_lab/lab4_updated/lab4_server/source/sign_extend.sv /home/khyang/harvard/cs1410_lab/lab4_updated/lab4_server/source/cpu_top.sv /home/khyang/harvard/cs1410_lab/lab4_updated/lab4_server/source/CLK_DIV.sv /home/khyang/harvard/cs1410_lab/lab4_updated/lab4_server/source/reg_en.sv}
WARNING: [filemgmt 56-12] File '/home/khyang/harvard/cs1410_lab/lab4_updated/lab4_server/source/rw_ram.sv' cannot be added to the project because it already exists in the project, skipping this file
WARNING: [filemgmt 56-12] File '/home/khyang/harvard/cs1410_lab/lab4_updated/lab4_server/source/alu.sv' cannot be added to the project because it already exists in the project, skipping this file
WARNING: [filemgmt 56-12] File '/home/khyang/harvard/cs1410_lab/lab4_updated/lab4_server/source/cpu.sv' cannot be added to the project because it already exists in the project, skipping this file
WARNING: [filemgmt 56-12] File '/home/khyang/harvard/cs1410_lab/lab4_updated/lab4_server/source/reg_reset.sv' cannot be added to the project because it already exists in the project, skipping this file
WARNING: [filemgmt 56-12] File '/home/khyang/harvard/cs1410_lab/lab4_updated/lab4_server/source/reg_file.sv' cannot be added to the project because it already exists in the project, skipping this file
WARNING: [filemgmt 56-12] File '/home/khyang/harvard/cs1410_lab/lab4_updated/lab4_server/source/cpu_top.sv' cannot be added to the project because it already exists in the project, skipping this file
WARNING: [filemgmt 56-12] File '/home/khyang/harvard/cs1410_lab/lab4_updated/lab4_server/source/CLK_DIV.sv' cannot be added to the project because it already exists in the project, skipping this file
WARNING: [filemgmt 56-12] File '/home/khyang/harvard/cs1410_lab/lab4_updated/lab4_server/source/reg_en.sv' cannot be added to the project because it already exists in the project, skipping this file
update_compile_order -fileset sources_1
source create_blk_mem_gen_0.tcl
couldn't read file "create_blk_mem_gen_0.tcl": no such file or directory
exit
INFO: [Common 17-206] Exiting Vivado at Fri Nov 14 02:28:26 2025...
