Copyright 1986-2022 Xilinx, Inc. All Rights Reserved.
----------------------------------------------------------------------------------------------------
| Tool Version : Vivado v.2022.2 (lin64) Build 3671981 Fri Oct 14 04:59:54 MDT 2022
| Date         : Fri Sep 19 03:39:21 2025
| Host         : sec-academic-1.int.seas.harvard.edu running 64-bit unknown
| Command      : report_clock_utilization -file logic_analyzer_wrapper_clock_utilization_routed.rpt
| Design       : logic_analyzer_wrapper
| Device       : 7a75t-fgg484
| Speed File   : -1  PRODUCTION 1.23 2018-06-13
| Design State : Routed
----------------------------------------------------------------------------------------------------

Clock Utilization Report

Table of Contents
-----------------
1. Clock Primitive Utilization
2. Global Clock Resources
3. Global Clock Source Details
4. Local Clock Details
5. Clock Regions: Key Resource Utilization
6. Clock Regions : Global Clock Summary
7. Device Cell Placement Summary for Global Clock g0
8. Device Cell Placement Summary for Global Clock g1
9. Device Cell Placement Summary for Global Clock g2
10. Device Cell Placement Summary for Global Clock g3
11. Device Cell Placement Summary for Global Clock g4
12. Clock Region Cell Placement per Global Clock: Region X0Y0
13. Clock Region Cell Placement per Global Clock: Region X0Y1

1. Clock Primitive Utilization
------------------------------

+----------+------+-----------+-----+--------------+--------+
| Type     | Used | Available | LOC | Clock Region | Pblock |
+----------+------+-----------+-----+--------------+--------+
| BUFGCTRL |    5 |        32 |   0 |            0 |      0 |
| BUFH     |    0 |        96 |   0 |            0 |      0 |
| BUFIO    |    0 |        24 |   0 |            0 |      0 |
| BUFMR    |    0 |        12 |   0 |            0 |      0 |
| BUFR     |    0 |        24 |   0 |            0 |      0 |
| MMCM     |    2 |         6 |   0 |            0 |      0 |
| PLL      |    0 |         6 |   0 |            0 |      0 |
+----------+------+-----------+-----+--------------+--------+


2. Global Clock Resources
-------------------------

+-----------+-----------+-----------------+------------+---------------+--------------+-------------------+-------------+-----------------+--------------+--------------------+-----------------------------+--------------------------------------+
| Global Id | Source Id | Driver Type/Pin | Constraint | Site          | Clock Region | Load Clock Region | Clock Loads | Non-Clock Loads | Clock Period | Clock              | Driver Pin                  | Net                                  |
+-----------+-----------+-----------------+------------+---------------+--------------+-------------------+-------------+-----------------+--------------+--------------------+-----------------------------+--------------------------------------+
| g0        | src0      | BUFG/O          | None       | BUFGCTRL_X0Y0 | n/a          |                 1 |         995 |               0 |        9.920 | mmcm0_clk0         | okHI/mmcm0_bufg/O           | okHI/mmcm0_bufg_n_0                  |
| g1        | src1      | BUFG/O          | None       | BUFGCTRL_X0Y1 | n/a          |                 1 |         265 |               0 |        5.000 | clk_out1_clk_wiz_0 | fclk_gen/inst/clkout1_buf/O | fclk_gen/inst/clk_out1               |
| g2        | src2      | BUFG/O          | None       | BUFGCTRL_X0Y2 | n/a          |                 2 |          88 |               0 |        5.000 | sys_clk            | sys_clk_BUFG_inst/O         | sys_clk_BUFG                         |
| g3        | src3      | BUFG/O          | None       | BUFGCTRL_X0Y3 | n/a          |                 1 |           1 |               0 |       10.000 | clkfbout_clk_wiz_0 | fclk_gen/inst/clkf_buf/O    | fclk_gen/inst/clkfbout_buf_clk_wiz_0 |
| g4        | src4      | BUFG/O          | None       | BUFGCTRL_X0Y4 | n/a          |                 1 |           1 |               0 |        9.920 | mmcm0_clkfb        | okHI/mmcm0fb_bufg/O         | okHI/mmcm0_clkfb_bufg                |
+-----------+-----------+-----------------+------------+---------------+--------------+-------------------+-------------+-----------------+--------------+--------------------+-----------------------------+--------------------------------------+
* Clock Loads column represents cell count of net connects that connect to a clock pin. Internal cell leaf pins are not considered
** Non-Clock Loads column represents cell count of non-clock pin loads


3. Global Clock Source Details
------------------------------

+-----------+-----------+---------------------+------------+-----------------+--------------+-------------+-----------------+---------------------+--------------------+--------------------------------------+----------------------------------+
| Source Id | Global Id | Driver Type/Pin     | Constraint | Site            | Clock Region | Clock Loads | Non-Clock Loads | Source Clock Period | Source Clock       | Driver Pin                           | Net                              |
+-----------+-----------+---------------------+------------+-----------------+--------------+-------------+-----------------+---------------------+--------------------+--------------------------------------+----------------------------------+
| src0      | g0        | MMCME2_ADV/CLKOUT0  | None       | MMCME2_ADV_X0Y1 | X0Y1         |           1 |               0 |               9.920 | mmcm0_clk0         | okHI/mmcm0/CLKOUT0                   | okHI/mmcm0_clk0                  |
| src1      | g1        | MMCME2_ADV/CLKOUT0  | None       | MMCME2_ADV_X0Y0 | X0Y0         |           1 |               0 |               5.000 | clk_out1_clk_wiz_0 | fclk_gen/inst/mmcm_adv_inst/CLKOUT0  | fclk_gen/inst/clk_out1_clk_wiz_0 |
| src2      | g2        | IBUFDS/O            | IOB_X0Y26  | IOB_X0Y26       | X0Y0         |           1 |               0 |               5.000 | sys_clk            | osc_clk/O                            | sys_clk                          |
| src3      | g3        | MMCME2_ADV/CLKFBOUT | None       | MMCME2_ADV_X0Y0 | X0Y0         |           1 |               0 |              10.000 | clkfbout_clk_wiz_0 | fclk_gen/inst/mmcm_adv_inst/CLKFBOUT | fclk_gen/inst/clkfbout_clk_wiz_0 |
| src4      | g4        | MMCME2_ADV/CLKFBOUT | None       | MMCME2_ADV_X0Y1 | X0Y1         |           1 |               0 |               9.920 | mmcm0_clkfb        | okHI/mmcm0/CLKFBOUT                  | okHI/mmcm0_clkfb                 |
+-----------+-----------+---------------------+------------+-----------------+--------------+-------------+-----------------+---------------------+--------------------+--------------------------------------+----------------------------------+
* Clock Loads column represents cell count of net connects that connect to a clock pin. Internal cell leaf pins are not considered
** Non-Clock Loads column represents cell count of non-clock pin loads


4. Local Clock Details
----------------------

+----------+-----------------+------------+-------------------+--------------+-------------+-----------------+--------------+-------+-------------------------------------------------------------------+----------------------------------------------------------+
| Local Id | Driver Type/Pin | Constraint | Site/BEL          | Clock Region | Clock Loads | Non-Clock Loads | Clock Period | Clock | Driver Pin                                                        | Net                                                      |
+----------+-----------------+------------+-------------------+--------------+-------------+-----------------+--------------+-------+-------------------------------------------------------------------+----------------------------------------------------------+
| 0        | FDPE/Q          | None       | SLICE_X29Y67/A5FF | X0Y1         |           1 |               6 |              |       | okHI/core0/core0/a0/d0/lc4da648cb12eeeb24e4d199c1195ed93_reg[4]/Q | okHI/core0/core0/a0/d0/l380f95c05ffaf9f64e84defb5d30e949 |
+----------+-----------------+------------+-------------------+--------------+-------------+-----------------+--------------+-------+-------------------------------------------------------------------+----------------------------------------------------------+
* Local Clocks in this context represents only clocks driven by non-global buffers
** Clock Loads column represents cell count of net connects that connect to a clock pin. Internal cell leaf pins are not considered
*** Non-Clock Loads column represents cell count of non-clock pin loads


5. Clock Regions: Key Resource Utilization
------------------------------------------

+-------------------+--------------+--------------+--------------+--------------+--------------+--------------+--------------+--------------+--------------+--------------+--------------+--------------+--------------+--------------+--------------+
|                   | Global Clock |     BUFRs    |    BUFMRs    |    BUFIOs    |     MMCM     |      PLL     |      GT      |      PCI     |    ILOGIC    |    OLOGIC    |      FF      |     LUTM     |    RAMB18    |    RAMB36    |    DSP48E2   |
+-------------------+------+-------+------+-------+------+-------+------+-------+------+-------+------+-------+------+-------+------+-------+------+-------+------+-------+------+-------+------+-------+------+-------+------+-------+------+-------+
| Clock Region Name | Used | Avail | Used | Avail | Used | Avail | Used | Avail | Used | Avail | Used | Avail | Used | Avail | Used | Avail | Used | Avail | Used | Avail | Used | Avail | Used | Avail | Used | Avail | Used | Avail | Used | Avail |
+-------------------+------+-------+------+-------+------+-------+------+-------+------+-------+------+-------+------+-------+------+-------+------+-------+------+-------+------+-------+------+-------+------+-------+------+-------+------+-------+
| X0Y0              |    2 |    12 |    0 |     4 |    0 |     2 |    0 |     4 |    1 |     1 |    0 |     1 |    0 |     0 |    0 |     0 |    0 |    50 |    0 |    50 |    0 |  2600 |    0 |   600 |    0 |    20 |    0 |    10 |    0 |    20 |
| X1Y0              |    0 |    12 |    0 |     0 |    0 |     0 |    0 |     0 |    0 |     0 |    0 |     0 |    0 |     4 |    0 |     0 |    0 |     0 |    0 |     0 |    0 |  1500 |    0 |   550 |    0 |    40 |    0 |    20 |    0 |    40 |
| X0Y1              |    4 |    12 |    0 |     4 |    0 |     2 |    0 |     4 |    1 |     1 |    0 |     1 |    0 |     0 |    0 |     0 |   20 |    50 |   66 |    50 | 1332 |  2000 |  494 |   600 |    1 |    20 |    1 |    10 |    0 |    20 |
| X1Y1              |    0 |    12 |    0 |     4 |    0 |     2 |    0 |     4 |    0 |     1 |    0 |     1 |    0 |     0 |    0 |     0 |    0 |    50 |    0 |    50 |    0 |  1900 |    0 |   650 |    0 |    60 |    0 |    30 |    0 |    40 |
| X0Y2              |    0 |    12 |    0 |     4 |    0 |     2 |    0 |     4 |    0 |     1 |    0 |     1 |    0 |     0 |    0 |     0 |    0 |    50 |    0 |    50 |    0 |  2000 |    0 |   600 |    0 |    20 |    0 |    10 |    0 |    20 |
| X1Y2              |    0 |    12 |    0 |     4 |    0 |     2 |    0 |     4 |    0 |     1 |    0 |     1 |    0 |     0 |    0 |     0 |    0 |    50 |    0 |    50 |    0 |  1900 |    0 |   650 |    0 |    60 |    0 |    30 |    0 |    40 |
| X0Y3              |    0 |    12 |    0 |     4 |    0 |     2 |    0 |     4 |    0 |     1 |    0 |     1 |    0 |     0 |    0 |     0 |    0 |    50 |    0 |    50 |    0 |  2600 |    0 |   600 |    0 |    20 |    0 |    10 |    0 |    20 |
| X1Y3              |    0 |    12 |    0 |     0 |    0 |     0 |    0 |     0 |    0 |     0 |    0 |     0 |    0 |     4 |    0 |     1 |    0 |     0 |    0 |     0 |    0 |  1350 |    0 |   500 |    0 |    30 |    0 |    15 |    0 |    40 |
+-------------------+------+-------+------+-------+------+-------+------+-------+------+-------+------+-------+------+-------+------+-------+------+-------+------+-------+------+-------+------+-------+------+-------+------+-------+------+-------+
* Global Clock column represents track count; while other columns represents cell counts


6. Clock Regions : Global Clock Summary
---------------------------------------

All Modules
+----+----+----+
|    | X0 | X1 |
+----+----+----+
| Y3 |  0 |  0 |
| Y2 |  0 |  0 |
| Y1 |  4 |  0 |
| Y0 |  2 |  0 |
+----+----+----+


7. Device Cell Placement Summary for Global Clock g0
----------------------------------------------------

+-----------+-----------------+-------------------+------------+-------------+---------------+-------------+----------+----------------+----------+---------------------+
| Global Id | Driver Type/Pin | Driver Region (D) | Clock      | Period (ns) | Waveform (ns) | Slice Loads | IO Loads | Clocking Loads | GT Loads | Net                 |
+-----------+-----------------+-------------------+------------+-------------+---------------+-------------+----------+----------------+----------+---------------------+
| g0        | BUFG/O          | n/a               | mmcm0_clk0 |       9.920 | {1.488 6.448} |         983 |        0 |              0 |        0 | okHI/mmcm0_bufg_n_0 |
+-----------+-----------------+-------------------+------------+-------------+---------------+-------------+----------+----------------+----------+---------------------+
* Slice Loads column represents load cell count of all cell types other than IO, GT and clock resources
** IO Loads column represents load cell count of IO types
*** Clocking Loads column represents load cell count that are clock resources (global clock buffer, MMCM, PLL, etc)
**** GT Loads column represents load cell count of GT types


+----+------+----+-----------------------+
|    | X0   | X1 | HORIZONTAL PROG DELAY |
+----+------+----+-----------------------+
| Y3 |    0 |  0 |                     - |
| Y2 |    0 |  0 |                     - |
| Y1 |  983 |  0 |                     0 |
| Y0 |    0 |  0 |                     - |
+----+------+----+-----------------------+


8. Device Cell Placement Summary for Global Clock g1
----------------------------------------------------

+-----------+-----------------+-------------------+--------------------+-------------+---------------+-------------+----------+----------------+----------+------------------------+
| Global Id | Driver Type/Pin | Driver Region (D) | Clock              | Period (ns) | Waveform (ns) | Slice Loads | IO Loads | Clocking Loads | GT Loads | Net                    |
+-----------+-----------------+-------------------+--------------------+-------------+---------------+-------------+----------+----------------+----------+------------------------+
| g1        | BUFG/O          | n/a               | clk_out1_clk_wiz_0 |       5.000 | {0.000 2.500} |         265 |        0 |              0 |        0 | fclk_gen/inst/clk_out1 |
+-----------+-----------------+-------------------+--------------------+-------------+---------------+-------------+----------+----------------+----------+------------------------+
* Slice Loads column represents load cell count of all cell types other than IO, GT and clock resources
** IO Loads column represents load cell count of IO types
*** Clocking Loads column represents load cell count that are clock resources (global clock buffer, MMCM, PLL, etc)
**** GT Loads column represents load cell count of GT types


+----+------+----+-----------------------+
|    | X0   | X1 | HORIZONTAL PROG DELAY |
+----+------+----+-----------------------+
| Y3 |    0 |  0 |                     - |
| Y2 |    0 |  0 |                     - |
| Y1 |  265 |  0 |                     0 |
| Y0 |    0 |  0 |                     - |
+----+------+----+-----------------------+


9. Device Cell Placement Summary for Global Clock g2
----------------------------------------------------

+-----------+-----------------+-------------------+---------+-------------+---------------+-------------+----------+----------------+----------+--------------+
| Global Id | Driver Type/Pin | Driver Region (D) | Clock   | Period (ns) | Waveform (ns) | Slice Loads | IO Loads | Clocking Loads | GT Loads | Net          |
+-----------+-----------------+-------------------+---------+-------------+---------------+-------------+----------+----------------+----------+--------------+
| g2        | BUFG/O          | n/a               | sys_clk |       5.000 | {0.000 2.500} |          87 |        0 |              1 |        0 | sys_clk_BUFG |
+-----------+-----------------+-------------------+---------+-------------+---------------+-------------+----------+----------------+----------+--------------+
* Slice Loads column represents load cell count of all cell types other than IO, GT and clock resources
** IO Loads column represents load cell count of IO types
*** Clocking Loads column represents load cell count that are clock resources (global clock buffer, MMCM, PLL, etc)
**** GT Loads column represents load cell count of GT types


+----+-----+----+-----------------------+
|    | X0  | X1 | HORIZONTAL PROG DELAY |
+----+-----+----+-----------------------+
| Y3 |   0 |  0 |                     - |
| Y2 |   0 |  0 |                     - |
| Y1 |  87 |  0 |                     0 |
| Y0 |   1 |  0 |                     0 |
+----+-----+----+-----------------------+


10. Device Cell Placement Summary for Global Clock g3
-----------------------------------------------------

+-----------+-----------------+-------------------+--------------------+-------------+---------------+-------------+----------+----------------+----------+--------------------------------------+
| Global Id | Driver Type/Pin | Driver Region (D) | Clock              | Period (ns) | Waveform (ns) | Slice Loads | IO Loads | Clocking Loads | GT Loads | Net                                  |
+-----------+-----------------+-------------------+--------------------+-------------+---------------+-------------+----------+----------------+----------+--------------------------------------+
| g3        | BUFG/O          | n/a               | clkfbout_clk_wiz_0 |      10.000 | {0.000 5.000} |           0 |        0 |              1 |        0 | fclk_gen/inst/clkfbout_buf_clk_wiz_0 |
+-----------+-----------------+-------------------+--------------------+-------------+---------------+-------------+----------+----------------+----------+--------------------------------------+
* Slice Loads column represents load cell count of all cell types other than IO, GT and clock resources
** IO Loads column represents load cell count of IO types
*** Clocking Loads column represents load cell count that are clock resources (global clock buffer, MMCM, PLL, etc)
**** GT Loads column represents load cell count of GT types


+----+----+----+-----------------------+
|    | X0 | X1 | HORIZONTAL PROG DELAY |
+----+----+----+-----------------------+
| Y3 |  0 |  0 |                     - |
| Y2 |  0 |  0 |                     - |
| Y1 |  0 |  0 |                     - |
| Y0 |  1 |  0 |                     0 |
+----+----+----+-----------------------+


11. Device Cell Placement Summary for Global Clock g4
-----------------------------------------------------

+-----------+-----------------+-------------------+-------------+-------------+---------------+-------------+----------+----------------+----------+-----------------------+
| Global Id | Driver Type/Pin | Driver Region (D) | Clock       | Period (ns) | Waveform (ns) | Slice Loads | IO Loads | Clocking Loads | GT Loads | Net                   |
+-----------+-----------------+-------------------+-------------+-------------+---------------+-------------+----------+----------------+----------+-----------------------+
| g4        | BUFG/O          | n/a               | mmcm0_clkfb |       9.920 | {0.000 4.960} |           0 |        0 |              1 |        0 | okHI/mmcm0_clkfb_bufg |
+-----------+-----------------+-------------------+-------------+-------------+---------------+-------------+----------+----------------+----------+-----------------------+
* Slice Loads column represents load cell count of all cell types other than IO, GT and clock resources
** IO Loads column represents load cell count of IO types
*** Clocking Loads column represents load cell count that are clock resources (global clock buffer, MMCM, PLL, etc)
**** GT Loads column represents load cell count of GT types


+----+----+----+-----------------------+
|    | X0 | X1 | HORIZONTAL PROG DELAY |
+----+----+----+-----------------------+
| Y3 |  0 |  0 |                     - |
| Y2 |  0 |  0 |                     - |
| Y1 |  1 |  0 |                     0 |
| Y0 |  0 |  0 |                     - |
+----+----+----+-----------------------+


12. Clock Region Cell Placement per Global Clock: Region X0Y0
-------------------------------------------------------------

+-----------+-------+-----------------+------------+-------------+-----------------+----+-------------+------+-----+----+------+-----+---------+--------------------------------------+
| Global Id | Track | Driver Type/Pin | Constraint | Clock Loads | Non-Clock Loads | FF | Memory LUTs | RAMB | DSP | GT | MMCM | PLL | Hard IP | Net                                  |
+-----------+-------+-----------------+------------+-------------+-----------------+----+-------------+------+-----+----+------+-----+---------+--------------------------------------+
| g2        | n/a   | BUFG/O          | None       |           1 |               0 |  0 |           0 |    0 |   0 |  0 |    1 |   0 |       0 | sys_clk_BUFG                         |
| g3        | n/a   | BUFG/O          | None       |           1 |               0 |  0 |           0 |    0 |   0 |  0 |    1 |   0 |       0 | fclk_gen/inst/clkfbout_buf_clk_wiz_0 |
+-----------+-------+-----------------+------------+-------------+-----------------+----+-------------+------+-----+----+------+-----+---------+--------------------------------------+
* Clock Loads column represents cell count of net connects that connect to a clock pin. Internal cell leaf pins are not considered
** Non-Clock Loads column represents cell count of non-clock pin loads
*** Columns FF, LUTRAM, RAMB through 'Hard IP' represents load cell counts


13. Clock Region Cell Placement per Global Clock: Region X0Y1
-------------------------------------------------------------

+-----------+-------+-----------------+------------+-------------+-----------------+-----+-------------+------+-----+----+------+-----+---------+------------------------+
| Global Id | Track | Driver Type/Pin | Constraint | Clock Loads | Non-Clock Loads | FF  | Memory LUTs | RAMB | DSP | GT | MMCM | PLL | Hard IP | Net                    |
+-----------+-------+-----------------+------------+-------------+-----------------+-----+-------------+------+-----+----+------+-----+---------+------------------------+
| g0        | n/a   | BUFG/O          | None       |         983 |               0 | 980 |           0 |    2 |   0 |  0 |    0 |   0 |       0 | okHI/mmcm0_bufg_n_0    |
| g1        | n/a   | BUFG/O          | None       |         265 |               0 | 265 |           0 |    0 |   0 |  0 |    0 |   0 |       0 | fclk_gen/inst/clk_out1 |
| g2        | n/a   | BUFG/O          | None       |          87 |               0 |  87 |           0 |    0 |   0 |  0 |    0 |   0 |       0 | sys_clk_BUFG           |
| g4        | n/a   | BUFG/O          | None       |           1 |               0 |   0 |           0 |    0 |   0 |  0 |    1 |   0 |       0 | okHI/mmcm0_clkfb_bufg  |
+-----------+-------+-----------------+------------+-------------+-----------------+-----+-------------+------+-----+----+------+-----+---------+------------------------+
* Clock Loads column represents cell count of net connects that connect to a clock pin. Internal cell leaf pins are not considered
** Non-Clock Loads column represents cell count of non-clock pin loads
*** Columns FF, LUTRAM, RAMB through 'Hard IP' represents load cell counts



# Location of BUFG Primitives 
set_property LOC BUFGCTRL_X0Y2 [get_cells sys_clk_BUFG_inst]
set_property LOC BUFGCTRL_X0Y4 [get_cells okHI/mmcm0fb_bufg]
set_property LOC BUFGCTRL_X0Y0 [get_cells okHI/mmcm0_bufg]
set_property LOC BUFGCTRL_X0Y3 [get_cells fclk_gen/inst/clkf_buf]
set_property LOC BUFGCTRL_X0Y1 [get_cells fclk_gen/inst/clkout1_buf]

# Location of IO Primitives which is load of clock spine

# Location of clock ports
set_property LOC IOB_X0Y76 [get_ports okUH[0]]
set_property LOC IOB_X0Y25 [get_ports sys_clkn]
set_property LOC IOB_X0Y26 [get_ports sys_clkp]

# Clock net "sys_clk_BUFG" driven by instance "sys_clk_BUFG_inst" located at site "BUFGCTRL_X0Y2"
#startgroup
create_pblock {CLKAG_sys_clk_BUFG}
add_cells_to_pblock [get_pblocks  {CLKAG_sys_clk_BUFG}] [get_cells -filter { PRIMITIVE_GROUP != I/O && IS_PRIMITIVE==1 && PRIMITIVE_LEVEL !=INTERNAL && NAME!=fclk_gen/inst/mmcm_adv_inst} -of_object [get_pins -filter {DIRECTION==IN} -of_objects [get_nets -hierarchical -filter {PARENT=="sys_clk_BUFG"}]]]
resize_pblock [get_pblocks {CLKAG_sys_clk_BUFG}] -add {CLOCKREGION_X0Y1:CLOCKREGION_X0Y1}
#endgroup

# Clock net "okHI/mmcm0_bufg_n_0" driven by instance "okHI/mmcm0_bufg" located at site "BUFGCTRL_X0Y0"
#startgroup
create_pblock {CLKAG_okHI/mmcm0_bufg_n_0}
add_cells_to_pblock [get_pblocks  {CLKAG_okHI/mmcm0_bufg_n_0}] [get_cells -filter { PRIMITIVE_GROUP != I/O && IS_PRIMITIVE==1 && PRIMITIVE_LEVEL !=INTERNAL } -of_object [get_pins -filter {DIRECTION==IN} -of_objects [get_nets -hierarchical -filter {PARENT=="okHI/mmcm0_bufg_n_0"}]]]
resize_pblock [get_pblocks {CLKAG_okHI/mmcm0_bufg_n_0}] -add {CLOCKREGION_X0Y1:CLOCKREGION_X0Y1}
#endgroup

# Clock net "fclk_gen/inst/clk_out1" driven by instance "fclk_gen/inst/clkout1_buf" located at site "BUFGCTRL_X0Y1"
#startgroup
create_pblock {CLKAG_fclk_gen/inst/clk_out1}
add_cells_to_pblock [get_pblocks  {CLKAG_fclk_gen/inst/clk_out1}] [get_cells -filter { PRIMITIVE_GROUP != I/O && IS_PRIMITIVE==1 && PRIMITIVE_LEVEL !=INTERNAL } -of_object [get_pins -filter {DIRECTION==IN} -of_objects [get_nets -hierarchical -filter {PARENT=="fclk_gen/inst/clk_out1"}]]]
resize_pblock [get_pblocks {CLKAG_fclk_gen/inst/clk_out1}] -add {CLOCKREGION_X0Y1:CLOCKREGION_X0Y1}
#endgroup
