
*** Running vivado
    with args -log alu_top.vdi -applog -m64 -product Vivado -messageDb vivado.pb -mode batch -source alu_top.tcl -notrace


****** Vivado v2022.2 (64-bit)
  **** SW Build 3671981 on Fri Oct 14 04:59:54 MDT 2022
  **** IP Build 3669848 on Fri Oct 14 08:30:02 MDT 2022
    ** Copyright 1986-2022 Xilinx, Inc. All Rights Reserved.

source alu_top.tcl -notrace
create_project: Time (s): cpu = 00:00:06 ; elapsed = 00:00:06 . Memory (MB): peak = 1999.746 ; gain = 87.992 ; free physical = 383404 ; free virtual = 394251
Command: link_design -top alu_top -part xc7a75tfgg484-1
Design is defaulting to srcset: sources_1
Design is defaulting to constrset: constrs_1
INFO: [Device 21-403] Loading part xc7a75tfgg484-1
Netlist sorting complete. Time (s): cpu = 00:00:00.01 ; elapsed = 00:00:00.01 . Memory (MB): peak = 2350.879 ; gain = 0.000 ; free physical = 385934 ; free virtual = 396782
INFO: [Netlist 29-17] Analyzing 166 Unisim elements for replacement
INFO: [Netlist 29-28] Unisim Transformation completed in 0 CPU seconds
INFO: [Project 1-479] Netlist was created with Vivado 2022.2
INFO: [Project 1-570] Preparing netlist for logic optimization
Parsing XDC File [/home/khyang/harvard/cs1410_lab/lab2/lab2_server/constraints/xem7310.xdc]
WARNING: [Constraints 18-6211] Setting input delay on a clock pin 'okUH[0]' relative to clock 'okUH0' defined on the same pin is not supported, ignoring it [/home/khyang/harvard/cs1410_lab/lab2/lab2_server/constraints/xem7310.xdc:72]
WARNING: [Constraints 18-6211] Setting input delay on a clock pin 'okUH[0]' relative to clock 'okUH0' defined on the same pin is not supported, ignoring it [/home/khyang/harvard/cs1410_lab/lab2/lab2_server/constraints/xem7310.xdc:73]
WARNING: [Vivado 12-584] No ports matched 'sys_clkp'. [/home/khyang/harvard/cs1410_lab/lab2/lab2_server/constraints/xem7310.xdc:90]
CRITICAL WARNING: [Common 17-55] 'set_property' expects at least one object. [/home/khyang/harvard/cs1410_lab/lab2/lab2_server/constraints/xem7310.xdc:90]
Resolution: If [get_<value>] was used to populate the object, check to make sure this command returns at least one valid object.
WARNING: [Vivado 12-584] No ports matched 'sys_clkp'. [/home/khyang/harvard/cs1410_lab/lab2/lab2_server/constraints/xem7310.xdc:91]
CRITICAL WARNING: [Common 17-55] 'set_property' expects at least one object. [/home/khyang/harvard/cs1410_lab/lab2/lab2_server/constraints/xem7310.xdc:91]
Resolution: If [get_<value>] was used to populate the object, check to make sure this command returns at least one valid object.
WARNING: [Vivado 12-584] No ports matched 'sys_clkn'. [/home/khyang/harvard/cs1410_lab/lab2/lab2_server/constraints/xem7310.xdc:93]
CRITICAL WARNING: [Common 17-55] 'set_property' expects at least one object. [/home/khyang/harvard/cs1410_lab/lab2/lab2_server/constraints/xem7310.xdc:93]
Resolution: If [get_<value>] was used to populate the object, check to make sure this command returns at least one valid object.
WARNING: [Vivado 12-584] No ports matched 'sys_clkn'. [/home/khyang/harvard/cs1410_lab/lab2/lab2_server/constraints/xem7310.xdc:94]
CRITICAL WARNING: [Common 17-55] 'set_property' expects at least one object. [/home/khyang/harvard/cs1410_lab/lab2/lab2_server/constraints/xem7310.xdc:94]
Resolution: If [get_<value>] was used to populate the object, check to make sure this command returns at least one valid object.
WARNING: [Vivado 12-584] No ports matched 'sys_clkp'. [/home/khyang/harvard/cs1410_lab/lab2/lab2_server/constraints/xem7310.xdc:96]
CRITICAL WARNING: [Common 17-55] 'set_property' expects at least one object. [/home/khyang/harvard/cs1410_lab/lab2/lab2_server/constraints/xem7310.xdc:96]
Resolution: If [get_<value>] was used to populate the object, check to make sure this command returns at least one valid object.
WARNING: [Vivado 12-584] No ports matched 'sys_clkp'. [/home/khyang/harvard/cs1410_lab/lab2/lab2_server/constraints/xem7310.xdc:98]
CRITICAL WARNING: [Vivado 12-4739] create_clock:No valid object(s) found for '-objects [get_ports sys_clkp]'. [/home/khyang/harvard/cs1410_lab/lab2/lab2_server/constraints/xem7310.xdc:98]
Resolution: Check if the specified object(s) exists in the current design. If it does, ensure that the correct design hierarchy was specified for the object. If you are working with clocks, make sure create_clock was used to create the clock object before it is referenced.
INFO: [Timing 38-35] Done setting XDC timing constraints. [/home/khyang/harvard/cs1410_lab/lab2/lab2_server/constraints/xem7310.xdc:99]
INFO: [Timing 38-2] Deriving generated clocks [/home/khyang/harvard/cs1410_lab/lab2/lab2_server/constraints/xem7310.xdc:99]
WARNING: [Vivado 12-627] No clocks matched 'sys_clk'. [/home/khyang/harvard/cs1410_lab/lab2/lab2_server/constraints/xem7310.xdc:99]
INFO: [Vivado 12-626] No clocks found. Please use 'create_clock' or 'create_generated_clock' command to create clocks. [/home/khyang/harvard/cs1410_lab/lab2/lab2_server/constraints/xem7310.xdc:99]
get_clocks: Time (s): cpu = 00:00:07 ; elapsed = 00:00:08 . Memory (MB): peak = 3064.102 ; gain = 547.828 ; free physical = 385490 ; free virtual = 396337
CRITICAL WARNING: [Vivado 12-4739] set_clock_groups:No valid object(s) found for '-group [get_clocks sys_clk]'. [/home/khyang/harvard/cs1410_lab/lab2/lab2_server/constraints/xem7310.xdc:99]
Resolution: Check if the specified object(s) exists in the current design. If it does, ensure that the correct design hierarchy was specified for the object. If you are working with clocks, make sure create_clock was used to create the clock object before it is referenced.
CRITICAL WARNING: [Vivado 12-4739] set_clock_groups:No valid object(s) found for '-group '. [/home/khyang/harvard/cs1410_lab/lab2/lab2_server/constraints/xem7310.xdc:99]
Resolution: Check if the specified object(s) exists in the current design. If it does, ensure that the correct design hierarchy was specified for the object. If you are working with clocks, make sure create_clock was used to create the clock object before it is referenced.
CRITICAL WARNING: [Vivado 12-5201] set_clock_groups: cannot set the clock group when only one non-empty group remains. [/home/khyang/harvard/cs1410_lab/lab2/lab2_server/constraints/xem7310.xdc:99]
Finished Parsing XDC File [/home/khyang/harvard/cs1410_lab/lab2/lab2_server/constraints/xem7310.xdc]
INFO: [Opt 31-138] Pushed 0 inverter(s) to 0 load pin(s).
Netlist sorting complete. Time (s): cpu = 00:00:00 ; elapsed = 00:00:00 . Memory (MB): peak = 3064.102 ; gain = 0.000 ; free physical = 385468 ; free virtual = 396316
INFO: [Project 1-111] Unisim Transformation Summary:
  A total of 95 instances were transformed.
  IOBUF => IOBUF (IBUF, OBUFT): 33 instances
  LUT6_2 => LUT6_2 (LUT5, LUT6): 50 instances
  RAM128X1S => RAM128X1S (MUXF7, RAMS64E(x2)): 8 instances
  RAM32M => RAM32M (RAMD32(x6), RAMS32(x2)): 4 instances

10 Infos, 9 Warnings, 9 Critical Warnings and 0 Errors encountered.
link_design completed successfully
link_design: Time (s): cpu = 00:00:13 ; elapsed = 00:00:14 . Memory (MB): peak = 3064.102 ; gain = 1059.355 ; free physical = 385458 ; free virtual = 396306
Command: opt_design
Attempting to get a license for feature 'Implementation' and/or device 'xc7a75t'
INFO: [Common 17-349] Got license for feature 'Implementation' and/or device 'xc7a75t'
Running DRC as a precondition to command opt_design

Starting DRC Task
INFO: [DRC 23-27] Running DRC with 8 threads
INFO: [Project 1-461] DRC finished with 0 Errors
INFO: [Project 1-462] Please refer to the DRC report (report_drc) for more information.

Time (s): cpu = 00:00:01 ; elapsed = 00:00:00.85 . Memory (MB): peak = 3128.133 ; gain = 64.031 ; free physical = 385443 ; free virtual = 396290

Starting Cache Timing Information Task
WARNING: [Constraints 18-6211] Setting input delay on a clock pin 'okUH[0]' relative to clock 'okUH0' defined on the same pin is not supported, ignoring it [/home/khyang/harvard/cs1410_lab/lab2/lab2_server/constraints/xem7310.xdc:72]
WARNING: [Constraints 18-6211] Setting input delay on a clock pin 'okUH[0]' relative to clock 'okUH0' defined on the same pin is not supported, ignoring it [/home/khyang/harvard/cs1410_lab/lab2/lab2_server/constraints/xem7310.xdc:73]
INFO: [Timing 38-35] Done setting XDC timing constraints.
Ending Cache Timing Information Task | Checksum: 157079434

Time (s): cpu = 00:00:00.21 ; elapsed = 00:00:00.08 . Memory (MB): peak = 3128.133 ; gain = 0.000 ; free physical = 385448 ; free virtual = 396295

Starting Logic Optimization Task

Phase 1 Retarget
INFO: [Opt 31-1287] Pulled Inverter okHI/core0/core0/leeb76b405f165a9b4ab0606f3ea0b3c4[7]_i_1 into driver instance okHI/core0/core0/ld307737e57d50d07f937891de086bf8e_i_3, which resulted in an inversion of 7 pins
INFO: [Opt 31-138] Pushed 1 inverter(s) to 14 load pin(s).
INFO: [Opt 31-49] Retargeted 0 cell(s).
Phase 1 Retarget | Checksum: 1cd7bd180

Time (s): cpu = 00:00:00.4 ; elapsed = 00:00:00.13 . Memory (MB): peak = 3376.977 ; gain = 0.000 ; free physical = 385207 ; free virtual = 396055
INFO: [Opt 31-389] Phase Retarget created 18 cells and removed 26 cells
INFO: [Opt 31-1021] In phase Retarget, 5 netlist objects are constrained preventing optimization. Please run opt_design with -debug_log to get more detail. 

Phase 2 Constant propagation
INFO: [Opt 31-138] Pushed 0 inverter(s) to 0 load pin(s).
Phase 2 Constant propagation | Checksum: 181f92cd0

Time (s): cpu = 00:00:00.47 ; elapsed = 00:00:00.17 . Memory (MB): peak = 3376.977 ; gain = 0.000 ; free physical = 385207 ; free virtual = 396054
INFO: [Opt 31-389] Phase Constant propagation created 13 cells and removed 72 cells
INFO: [Opt 31-1021] In phase Constant propagation, 6 netlist objects are constrained preventing optimization. Please run opt_design with -debug_log to get more detail. 

Phase 3 Sweep
Phase 3 Sweep | Checksum: 1a7c243f0

Time (s): cpu = 00:00:00.5 ; elapsed = 00:00:00.2 . Memory (MB): peak = 3376.977 ; gain = 0.000 ; free physical = 385206 ; free virtual = 396054
INFO: [Opt 31-389] Phase Sweep created 1 cells and removed 3 cells
INFO: [Opt 31-1021] In phase Sweep, 12 netlist objects are constrained preventing optimization. Please run opt_design with -debug_log to get more detail. 

Phase 4 BUFG optimization
Phase 4 BUFG optimization | Checksum: 1a7c243f0

Time (s): cpu = 00:00:00.55 ; elapsed = 00:00:00.23 . Memory (MB): peak = 3376.977 ; gain = 0.000 ; free physical = 385205 ; free virtual = 396053
INFO: [Opt 31-662] Phase BUFG optimization created 0 cells of which 0 are BUFGs and removed 0 cells.

Phase 5 Shift Register Optimization
INFO: [Opt 31-1064] SRL Remap converted 0 SRLs to 0 registers and converted 0 registers of register chains to 0 SRLs
Phase 5 Shift Register Optimization | Checksum: 1a7c243f0

Time (s): cpu = 00:00:00.55 ; elapsed = 00:00:00.23 . Memory (MB): peak = 3376.977 ; gain = 0.000 ; free physical = 385205 ; free virtual = 396053
INFO: [Opt 31-389] Phase Shift Register Optimization created 0 cells and removed 0 cells

Phase 6 Post Processing Netlist
Phase 6 Post Processing Netlist | Checksum: 1a7c243f0

Time (s): cpu = 00:00:00.56 ; elapsed = 00:00:00.24 . Memory (MB): peak = 3376.977 ; gain = 0.000 ; free physical = 385205 ; free virtual = 396053
INFO: [Opt 31-389] Phase Post Processing Netlist created 0 cells and removed 0 cells
INFO: [Opt 31-1021] In phase Post Processing Netlist, 4 netlist objects are constrained preventing optimization. Please run opt_design with -debug_log to get more detail. 
Opt_design Change Summary
=========================


-------------------------------------------------------------------------------------------------------------------------
|  Phase                        |  #Cells created  |  #Cells Removed  |  #Constrained objects preventing optimizations  |
-------------------------------------------------------------------------------------------------------------------------
|  Retarget                     |              18  |              26  |                                              5  |
|  Constant propagation         |              13  |              72  |                                              6  |
|  Sweep                        |               1  |               3  |                                             12  |
|  BUFG optimization            |               0  |               0  |                                              0  |
|  Shift Register Optimization  |               0  |               0  |                                              0  |
|  Post Processing Netlist      |               0  |               0  |                                              4  |
-------------------------------------------------------------------------------------------------------------------------



Starting Connectivity Check Task

Time (s): cpu = 00:00:00.04 ; elapsed = 00:00:00 . Memory (MB): peak = 3376.977 ; gain = 0.000 ; free physical = 385205 ; free virtual = 396052
Ending Logic Optimization Task | Checksum: 233e5f6ee

Time (s): cpu = 00:00:00.67 ; elapsed = 00:00:00.27 . Memory (MB): peak = 3376.977 ; gain = 0.000 ; free physical = 385205 ; free virtual = 396052

Starting Power Optimization Task
INFO: [Pwropt 34-132] Skipping clock gating for clocks with a period < 2.00 ns.
INFO: [Power 33-23] Power model is not available for a0/d0/dna0
INFO: [Pwropt 34-9] Applying IDT optimizations ...
INFO: [Pwropt 34-10] Applying ODC optimizations ...
WARNING: [Constraints 18-6211] Setting input delay on a clock pin 'okUH[0]' relative to clock 'okUH0' defined on the same pin is not supported, ignoring it [/home/khyang/harvard/cs1410_lab/lab2/lab2_server/constraints/xem7310.xdc:72]
WARNING: [Constraints 18-6211] Setting input delay on a clock pin 'okUH[0]' relative to clock 'okUH0' defined on the same pin is not supported, ignoring it [/home/khyang/harvard/cs1410_lab/lab2/lab2_server/constraints/xem7310.xdc:73]
INFO: [Timing 38-35] Done setting XDC timing constraints.
Running Vector-less Activity Propagation...

Finished Running Vector-less Activity Propagation


Starting PowerOpt Patch Enables Task
INFO: [Pwropt 34-162] WRITE_MODE attribute of 1 BRAM(s) out of a total of 3 has been updated to save power. Run report_power_opt to get a complete listing of the BRAMs updated.
INFO: [Pwropt 34-201] Structural ODC has moved 1 WE to EN ports
Number of BRAM Ports augmented: 1 newly gated: 1 Total Ports: 6
Number of Flops added for Enable Generation: 3

Ending PowerOpt Patch Enables Task | Checksum: 15a78267c

Time (s): cpu = 00:00:00.05 ; elapsed = 00:00:00.03 . Memory (MB): peak = 3714.316 ; gain = 0.000 ; free physical = 385154 ; free virtual = 396002
Ending Power Optimization Task | Checksum: 15a78267c

Time (s): cpu = 00:00:02 ; elapsed = 00:00:00.84 . Memory (MB): peak = 3714.316 ; gain = 337.340 ; free physical = 385159 ; free virtual = 396006

Starting Final Cleanup Task

Starting Logic Optimization Task
WARNING: [Constraints 18-6211] Setting input delay on a clock pin 'okUH[0]' relative to clock 'okUH0' defined on the same pin is not supported, ignoring it [/home/khyang/harvard/cs1410_lab/lab2/lab2_server/constraints/xem7310.xdc:72]
WARNING: [Constraints 18-6211] Setting input delay on a clock pin 'okUH[0]' relative to clock 'okUH0' defined on the same pin is not supported, ignoring it [/home/khyang/harvard/cs1410_lab/lab2/lab2_server/constraints/xem7310.xdc:73]
INFO: [Timing 38-35] Done setting XDC timing constraints.
Ending Logic Optimization Task | Checksum: 16b133fdc

Time (s): cpu = 00:00:00.42 ; elapsed = 00:00:00.17 . Memory (MB): peak = 3714.316 ; gain = 0.000 ; free physical = 385149 ; free virtual = 395995
Ending Final Cleanup Task | Checksum: 16b133fdc

Time (s): cpu = 00:00:03 ; elapsed = 00:00:03 . Memory (MB): peak = 3714.316 ; gain = 0.000 ; free physical = 385149 ; free virtual = 395995

Starting Netlist Obfuscation Task
Netlist sorting complete. Time (s): cpu = 00:00:00 ; elapsed = 00:00:00 . Memory (MB): peak = 3714.316 ; gain = 0.000 ; free physical = 385149 ; free virtual = 395995
Ending Netlist Obfuscation Task | Checksum: 16b133fdc

Time (s): cpu = 00:00:00 ; elapsed = 00:00:00 . Memory (MB): peak = 3714.316 ; gain = 0.000 ; free physical = 385149 ; free virtual = 395995
INFO: [Common 17-83] Releasing license: Implementation
39 Infos, 15 Warnings, 9 Critical Warnings and 0 Errors encountered.
opt_design completed successfully
opt_design: Time (s): cpu = 00:00:10 ; elapsed = 00:00:08 . Memory (MB): peak = 3714.316 ; gain = 650.215 ; free physical = 385149 ; free virtual = 395995
INFO: [Timing 38-480] Writing timing data to binary archive.
Writing XDEF routing.
Writing XDEF routing logical nets.
Writing XDEF routing special nets.
Write XDEF Complete: Time (s): cpu = 00:00:00.19 ; elapsed = 00:00:00.05 . Memory (MB): peak = 3714.316 ; gain = 0.000 ; free physical = 385134 ; free virtual = 395981
INFO: [Common 17-1381] The checkpoint '/home/khyang/harvard/cs1410_lab/lab2/lab2_server/CS1410_lab2.runs/impl_1/alu_top_opt.dcp' has been generated.
INFO: [runtcl-4] Executing : report_drc -file alu_top_drc_opted.rpt -pb alu_top_drc_opted.pb -rpx alu_top_drc_opted.rpx
Command: report_drc -file alu_top_drc_opted.rpt -pb alu_top_drc_opted.pb -rpx alu_top_drc_opted.rpx
INFO: [IP_Flow 19-234] Refreshing IP repositories
INFO: [IP_Flow 19-1704] No user IP repositories specified
INFO: [IP_Flow 19-2313] Loaded Vivado IP repository '/software/xilinx-tools-2022/Vivado/2022.2/data/ip'.
INFO: [DRC 23-27] Running DRC with 8 threads
INFO: [Vivado_Tcl 2-168] The results of DRC are in file /home/khyang/harvard/cs1410_lab/lab2/lab2_server/CS1410_lab2.runs/impl_1/alu_top_drc_opted.rpt.
report_drc completed successfully
Command: place_design
Attempting to get a license for feature 'Implementation' and/or device 'xc7a75t'
INFO: [Common 17-349] Got license for feature 'Implementation' and/or device 'xc7a75t'
INFO: [DRC 23-27] Running DRC with 8 threads
INFO: [Vivado_Tcl 4-198] DRC finished with 0 Errors
INFO: [Vivado_Tcl 4-199] Please refer to the DRC report (report_drc) for more information.
Running DRC as a precondition to command place_design
INFO: [DRC 23-27] Running DRC with 8 threads
INFO: [Vivado_Tcl 4-198] DRC finished with 0 Errors, 42 Warnings
INFO: [Vivado_Tcl 4-199] Please refer to the DRC report (report_drc) for more information.

Starting Placer Task
INFO: [Place 30-611] Multithreading enabled for place_design using a maximum of 8 CPUs

Phase 1 Placer Initialization

Phase 1.1 Placer Initialization Netlist Sorting
Netlist sorting complete. Time (s): cpu = 00:00:00 ; elapsed = 00:00:00 . Memory (MB): peak = 3770.344 ; gain = 0.000 ; free physical = 385136 ; free virtual = 395983
Phase 1.1 Placer Initialization Netlist Sorting | Checksum: 1310da574

Time (s): cpu = 00:00:00.02 ; elapsed = 00:00:00.03 . Memory (MB): peak = 3770.344 ; gain = 0.000 ; free physical = 385136 ; free virtual = 395983
Netlist sorting complete. Time (s): cpu = 00:00:00 ; elapsed = 00:00:00 . Memory (MB): peak = 3770.344 ; gain = 0.000 ; free physical = 385136 ; free virtual = 395983

Phase 1.2 IO Placement/ Clock Placement/ Build Placer Device
WARNING: [Constraints 18-6211] Setting input delay on a clock pin 'okUH[0]' relative to clock 'okUH0' defined on the same pin is not supported, ignoring it [/home/khyang/harvard/cs1410_lab/lab2/lab2_server/constraints/xem7310.xdc:72]
WARNING: [Constraints 18-6211] Setting input delay on a clock pin 'okUH[0]' relative to clock 'okUH0' defined on the same pin is not supported, ignoring it [/home/khyang/harvard/cs1410_lab/lab2/lab2_server/constraints/xem7310.xdc:73]
INFO: [Timing 38-35] Done setting XDC timing constraints.
Phase 1.2 IO Placement/ Clock Placement/ Build Placer Device | Checksum: c608f660

Time (s): cpu = 00:00:00.98 ; elapsed = 00:00:00.36 . Memory (MB): peak = 3770.344 ; gain = 0.000 ; free physical = 385117 ; free virtual = 395964

Phase 1.3 Build Placer Netlist Model
Phase 1.3 Build Placer Netlist Model | Checksum: 1ae55274c

Time (s): cpu = 00:00:02 ; elapsed = 00:00:00.74 . Memory (MB): peak = 3770.344 ; gain = 0.000 ; free physical = 385117 ; free virtual = 395964

Phase 1.4 Constrain Clocks/Macros
Phase 1.4 Constrain Clocks/Macros | Checksum: 1ae55274c

Time (s): cpu = 00:00:02 ; elapsed = 00:00:00.75 . Memory (MB): peak = 3770.344 ; gain = 0.000 ; free physical = 385117 ; free virtual = 395964
Phase 1 Placer Initialization | Checksum: 1ae55274c

Time (s): cpu = 00:00:02 ; elapsed = 00:00:00.76 . Memory (MB): peak = 3770.344 ; gain = 0.000 ; free physical = 385117 ; free virtual = 395963

Phase 2 Global Placement

Phase 2.1 Floorplanning
Phase 2.1 Floorplanning | Checksum: 102aacf21

Time (s): cpu = 00:00:03 ; elapsed = 00:00:00.93 . Memory (MB): peak = 3770.344 ; gain = 0.000 ; free physical = 385193 ; free virtual = 396040

Phase 2.2 Update Timing before SLR Path Opt
Phase 2.2 Update Timing before SLR Path Opt | Checksum: 1192793c6

Time (s): cpu = 00:00:04 ; elapsed = 00:00:01 . Memory (MB): peak = 3770.344 ; gain = 0.000 ; free physical = 385210 ; free virtual = 396057

Phase 2.3 Post-Processing in Floorplanning
Phase 2.3 Post-Processing in Floorplanning | Checksum: 1192793c6

Time (s): cpu = 00:00:04 ; elapsed = 00:00:01 . Memory (MB): peak = 3770.344 ; gain = 0.000 ; free physical = 385210 ; free virtual = 396056

Phase 2.4 Global Placement Core

Phase 2.4.1 UpdateTiming Before Physical Synthesis
Phase 2.4.1 UpdateTiming Before Physical Synthesis | Checksum: 12ec4c822

Time (s): cpu = 00:00:17 ; elapsed = 00:00:04 . Memory (MB): peak = 3770.344 ; gain = 0.000 ; free physical = 385598 ; free virtual = 396445

Phase 2.4.2 Physical Synthesis In Placer
INFO: [Physopt 32-1035] Found 29 LUTNM shape to break, 107 LUT instances to create LUTNM shape
INFO: [Physopt 32-1044] Break lutnm for timing: one critical 27, two critical 2, total 29, new lutff created 0
INFO: [Physopt 32-1138] End 1 Pass. Optimized 78 nets or LUTs. Breaked 29 LUTs, combined 49 existing LUTs and moved 0 existing LUT
INFO: [Physopt 32-65] No nets found for high-fanout optimization.
INFO: [Physopt 32-232] Optimized 0 net. Created 0 new instance.
INFO: [Physopt 32-775] End 1 Pass. Optimized 0 net or cell. Created 0 new cell, deleted 0 existing cell and moved 0 existing cell
INFO: [Physopt 32-456] No candidate cells for DSP register optimization found in the design.
INFO: [Physopt 32-775] End 2 Pass. Optimized 0 net or cell. Created 0 new cell, deleted 0 existing cell and moved 0 existing cell
INFO: [Physopt 32-1123] No candidate cells found for Shift Register to Pipeline optimization
INFO: [Physopt 32-775] End 2 Pass. Optimized 0 net or cell. Created 0 new cell, deleted 0 existing cell and moved 0 existing cell
INFO: [Physopt 32-677] No candidate cells for Shift Register optimization found in the design
INFO: [Physopt 32-775] End 1 Pass. Optimized 0 net or cell. Created 0 new cell, deleted 0 existing cell and moved 0 existing cell
INFO: [Physopt 32-526] No candidate cells for BRAM register optimization found in the design
INFO: [Physopt 32-775] End 1 Pass. Optimized 0 net or cell. Created 0 new cell, deleted 0 existing cell and moved 0 existing cell
INFO: [Physopt 32-846] No candidate cells for URAM register optimization found in the design
INFO: [Physopt 32-775] End 2 Pass. Optimized 0 net or cell. Created 0 new cell, deleted 0 existing cell and moved 0 existing cell
INFO: [Physopt 32-949] No candidate nets found for dynamic/static region interface net replication
INFO: [Physopt 32-775] End 1 Pass. Optimized 0 net or cell. Created 0 new cell, deleted 0 existing cell and moved 0 existing cell
Netlist sorting complete. Time (s): cpu = 00:00:00 ; elapsed = 00:00:00 . Memory (MB): peak = 3770.344 ; gain = 0.000 ; free physical = 385601 ; free virtual = 396448

Summary of Physical Synthesis Optimizations
============================================


-----------------------------------------------------------------------------------------------------------------------------------------------------------
|  Optimization                                     |  Added Cells  |  Removed Cells  |  Optimized Cells/Nets  |  Dont Touch  |  Iterations  |  Elapsed   |
-----------------------------------------------------------------------------------------------------------------------------------------------------------
|  LUT Combining                                    |           29  |             49  |                    78  |           0  |           1  |  00:00:00  |
|  Retime                                           |            0  |              0  |                     0  |           0  |           1  |  00:00:00  |
|  Very High Fanout                                 |            0  |              0  |                     0  |           0  |           1  |  00:00:00  |
|  DSP Register                                     |            0  |              0  |                     0  |           0  |           1  |  00:00:00  |
|  Shift Register to Pipeline                       |            0  |              0  |                     0  |           0  |           1  |  00:00:00  |
|  Shift Register                                   |            0  |              0  |                     0  |           0  |           1  |  00:00:00  |
|  BRAM Register                                    |            0  |              0  |                     0  |           0  |           1  |  00:00:00  |
|  URAM Register                                    |            0  |              0  |                     0  |           0  |           1  |  00:00:00  |
|  Dynamic/Static Region Interface Net Replication  |            0  |              0  |                     0  |           0  |           1  |  00:00:00  |
|  Total                                            |           29  |             49  |                    78  |           0  |           9  |  00:00:00  |
-----------------------------------------------------------------------------------------------------------------------------------------------------------


Phase 2.4.2 Physical Synthesis In Placer | Checksum: 2b67343cf

Time (s): cpu = 00:00:18 ; elapsed = 00:00:04 . Memory (MB): peak = 3770.344 ; gain = 0.000 ; free physical = 385596 ; free virtual = 396443
Phase 2.4 Global Placement Core | Checksum: 2cd86ff88

Time (s): cpu = 00:00:19 ; elapsed = 00:00:04 . Memory (MB): peak = 3770.344 ; gain = 0.000 ; free physical = 385592 ; free virtual = 396439
Phase 2 Global Placement | Checksum: 2cd86ff88

Time (s): cpu = 00:00:19 ; elapsed = 00:00:04 . Memory (MB): peak = 3770.344 ; gain = 0.000 ; free physical = 385591 ; free virtual = 396438

Phase 3 Detail Placement

Phase 3.1 Commit Multi Column Macros
Phase 3.1 Commit Multi Column Macros | Checksum: 22518f223

Time (s): cpu = 00:00:19 ; elapsed = 00:00:04 . Memory (MB): peak = 3770.344 ; gain = 0.000 ; free physical = 385588 ; free virtual = 396435

Phase 3.2 Commit Most Macros & LUTRAMs
Phase 3.2 Commit Most Macros & LUTRAMs | Checksum: 1b05da046

Time (s): cpu = 00:00:20 ; elapsed = 00:00:05 . Memory (MB): peak = 3770.344 ; gain = 0.000 ; free physical = 385561 ; free virtual = 396408

Phase 3.3 Area Swap Optimization
Phase 3.3 Area Swap Optimization | Checksum: 1a8f69325

Time (s): cpu = 00:00:20 ; elapsed = 00:00:05 . Memory (MB): peak = 3770.344 ; gain = 0.000 ; free physical = 385553 ; free virtual = 396400

Phase 3.4 Pipeline Register Optimization
Phase 3.4 Pipeline Register Optimization | Checksum: 17b38e8c3

Time (s): cpu = 00:00:20 ; elapsed = 00:00:05 . Memory (MB): peak = 3770.344 ; gain = 0.000 ; free physical = 385553 ; free virtual = 396400

Phase 3.5 Fast Optimization
Phase 3.5 Fast Optimization | Checksum: 1db8b5d7b

Time (s): cpu = 00:00:21 ; elapsed = 00:00:05 . Memory (MB): peak = 3770.344 ; gain = 0.000 ; free physical = 385516 ; free virtual = 396363

Phase 3.6 Small Shape Detail Placement
Phase 3.6 Small Shape Detail Placement | Checksum: 1e9c80b84

Time (s): cpu = 00:00:22 ; elapsed = 00:00:06 . Memory (MB): peak = 3770.344 ; gain = 0.000 ; free physical = 385518 ; free virtual = 396365

Phase 3.7 Re-assign LUT pins
Phase 3.7 Re-assign LUT pins | Checksum: 1dc8a3f5b

Time (s): cpu = 00:00:22 ; elapsed = 00:00:06 . Memory (MB): peak = 3770.344 ; gain = 0.000 ; free physical = 385518 ; free virtual = 396365

Phase 3.8 Pipeline Register Optimization
Phase 3.8 Pipeline Register Optimization | Checksum: 20fea80a5

Time (s): cpu = 00:00:22 ; elapsed = 00:00:06 . Memory (MB): peak = 3770.344 ; gain = 0.000 ; free physical = 385517 ; free virtual = 396364

Phase 3.9 Fast Optimization
Phase 3.9 Fast Optimization | Checksum: 24dba9414

Time (s): cpu = 00:00:24 ; elapsed = 00:00:07 . Memory (MB): peak = 3770.344 ; gain = 0.000 ; free physical = 385423 ; free virtual = 396270
Phase 3 Detail Placement | Checksum: 24dba9414

Time (s): cpu = 00:00:24 ; elapsed = 00:00:07 . Memory (MB): peak = 3770.344 ; gain = 0.000 ; free physical = 385423 ; free virtual = 396270

Phase 4 Post Placement Optimization and Clean-Up

Phase 4.1 Post Commit Optimization
WARNING: [Constraints 18-6211] Setting input delay on a clock pin 'okUH[0]' relative to clock 'okUH0' defined on the same pin is not supported, ignoring it [/home/khyang/harvard/cs1410_lab/lab2/lab2_server/constraints/xem7310.xdc:72]
WARNING: [Constraints 18-6211] Setting input delay on a clock pin 'okUH[0]' relative to clock 'okUH0' defined on the same pin is not supported, ignoring it [/home/khyang/harvard/cs1410_lab/lab2/lab2_server/constraints/xem7310.xdc:73]
INFO: [Timing 38-35] Done setting XDC timing constraints.

Phase 4.1.1 Post Placement Optimization
Post Placement Optimization Initialization | Checksum: 1c170b0a1

Phase 4.1.1.1 BUFG Insertion

Starting Physical Synthesis Task

Phase 1 Physical Synthesis Initialization
INFO: [Physopt 32-721] Multithreading enabled for phys_opt_design using a maximum of 8 CPUs
INFO: [Physopt 32-619] Estimated Timing Summary | WNS=-1.248 | TNS=-9.569 |
Phase 1 Physical Synthesis Initialization | Checksum: 1509eaafd

Time (s): cpu = 00:00:00.28 ; elapsed = 00:00:00.07 . Memory (MB): peak = 3770.344 ; gain = 0.000 ; free physical = 385383 ; free virtual = 396230
INFO: [Place 46-56] BUFG insertion identified 0 candidate nets. Inserted BUFG: 0, Replicated BUFG Driver: 0, Skipped due to Placement/Routing Conflicts: 0, Skipped due to Timing Degradation: 0, Skipped due to Illegal Netlist: 0.
Ending Physical Synthesis Task | Checksum: 17d0ab665

Time (s): cpu = 00:00:00.29 ; elapsed = 00:00:00.09 . Memory (MB): peak = 3770.344 ; gain = 0.000 ; free physical = 385383 ; free virtual = 396230
Phase 4.1.1.1 BUFG Insertion | Checksum: 1c170b0a1

Time (s): cpu = 00:00:26 ; elapsed = 00:00:08 . Memory (MB): peak = 3770.344 ; gain = 0.000 ; free physical = 385384 ; free virtual = 396231

Phase 4.1.1.2 Post Placement Timing Optimization
INFO: [Place 30-746] Post Placement Timing Summary WNS=-0.274. For the most accurate timing information please run report_timing.
Phase 4.1.1.2 Post Placement Timing Optimization | Checksum: 1322f34c9

Time (s): cpu = 00:00:31 ; elapsed = 00:00:12 . Memory (MB): peak = 3770.344 ; gain = 0.000 ; free physical = 385368 ; free virtual = 396215

Time (s): cpu = 00:00:31 ; elapsed = 00:00:12 . Memory (MB): peak = 3770.344 ; gain = 0.000 ; free physical = 385368 ; free virtual = 396215
Phase 4.1 Post Commit Optimization | Checksum: 1322f34c9

Time (s): cpu = 00:00:31 ; elapsed = 00:00:12 . Memory (MB): peak = 3770.344 ; gain = 0.000 ; free physical = 385368 ; free virtual = 396215

Phase 4.2 Post Placement Cleanup
Phase 4.2 Post Placement Cleanup | Checksum: 1322f34c9

Time (s): cpu = 00:00:31 ; elapsed = 00:00:12 . Memory (MB): peak = 3770.344 ; gain = 0.000 ; free physical = 385368 ; free virtual = 396215

Phase 4.3 Placer Reporting

Phase 4.3.1 Print Estimated Congestion
INFO: [Place 30-612] Post-Placement Estimated Congestion 
 ____________________________________________________
|           | Global Congestion | Short Congestion  |
| Direction | Region Size       | Region Size       |
|___________|___________________|___________________|
|      North|                1x1|                2x2|
|___________|___________________|___________________|
|      South|                1x1|                2x2|
|___________|___________________|___________________|
|       East|                1x1|                1x1|
|___________|___________________|___________________|
|       West|                1x1|                1x1|
|___________|___________________|___________________|

Phase 4.3.1 Print Estimated Congestion | Checksum: 1322f34c9

Time (s): cpu = 00:00:31 ; elapsed = 00:00:12 . Memory (MB): peak = 3770.344 ; gain = 0.000 ; free physical = 385367 ; free virtual = 396214
Phase 4.3 Placer Reporting | Checksum: 1322f34c9

Time (s): cpu = 00:00:31 ; elapsed = 00:00:12 . Memory (MB): peak = 3770.344 ; gain = 0.000 ; free physical = 385367 ; free virtual = 396214

Phase 4.4 Final Placement Cleanup
Netlist sorting complete. Time (s): cpu = 00:00:00.01 ; elapsed = 00:00:00 . Memory (MB): peak = 3770.344 ; gain = 0.000 ; free physical = 385367 ; free virtual = 396214

Time (s): cpu = 00:00:31 ; elapsed = 00:00:12 . Memory (MB): peak = 3770.344 ; gain = 0.000 ; free physical = 385367 ; free virtual = 396214
Phase 4 Post Placement Optimization and Clean-Up | Checksum: abc6e450

Time (s): cpu = 00:00:31 ; elapsed = 00:00:12 . Memory (MB): peak = 3770.344 ; gain = 0.000 ; free physical = 385367 ; free virtual = 396214
Ending Placer Task | Checksum: 5edf101e

Time (s): cpu = 00:00:31 ; elapsed = 00:00:12 . Memory (MB): peak = 3770.344 ; gain = 0.000 ; free physical = 385367 ; free virtual = 396214
INFO: [Common 17-83] Releasing license: Implementation
81 Infos, 19 Warnings, 9 Critical Warnings and 0 Errors encountered.
place_design completed successfully
place_design: Time (s): cpu = 00:00:33 ; elapsed = 00:00:13 . Memory (MB): peak = 3770.344 ; gain = 0.000 ; free physical = 385388 ; free virtual = 396235
INFO: [Timing 38-480] Writing timing data to binary archive.
Writing XDEF routing.
Writing XDEF routing logical nets.
Writing XDEF routing special nets.
Write XDEF Complete: Time (s): cpu = 00:00:00.5 ; elapsed = 00:00:00.19 . Memory (MB): peak = 3770.344 ; gain = 0.000 ; free physical = 385376 ; free virtual = 396226
INFO: [Common 17-1381] The checkpoint '/home/khyang/harvard/cs1410_lab/lab2/lab2_server/CS1410_lab2.runs/impl_1/alu_top_placed.dcp' has been generated.
INFO: [runtcl-4] Executing : report_io -file alu_top_io_placed.rpt
report_io: Time (s): cpu = 00:00:00.11 ; elapsed = 00:00:00.11 . Memory (MB): peak = 3770.344 ; gain = 0.000 ; free physical = 385379 ; free virtual = 396227
INFO: [runtcl-4] Executing : report_utilization -file alu_top_utilization_placed.rpt -pb alu_top_utilization_placed.pb
INFO: [runtcl-4] Executing : report_control_sets -verbose -file alu_top_control_sets_placed.rpt
report_control_sets: Time (s): cpu = 00:00:00.01 ; elapsed = 00:00:00.01 . Memory (MB): peak = 3770.344 ; gain = 0.000 ; free physical = 385376 ; free virtual = 396224
Command: phys_opt_design
Attempting to get a license for feature 'Implementation' and/or device 'xc7a75t'
INFO: [Common 17-349] Got license for feature 'Implementation' and/or device 'xc7a75t'

Starting Initial Update Timing Task

Time (s): cpu = 00:00:00.82 ; elapsed = 00:00:00.29 . Memory (MB): peak = 3770.344 ; gain = 0.000 ; free physical = 385362 ; free virtual = 396210
INFO: [Vivado_Tcl 4-1435] PhysOpt_Tcl_Interface Runtime Before Starting Physical Synthesis Task | CPU: 0.88s |  WALL: 0.31s
Netlist sorting complete. Time (s): cpu = 00:00:00 ; elapsed = 00:00:00 . Memory (MB): peak = 3770.344 ; gain = 0.000 ; free physical = 385362 ; free virtual = 396210

Starting Physical Synthesis Task

Phase 1 Physical Synthesis Initialization
INFO: [Physopt 32-721] Multithreading enabled for phys_opt_design using a maximum of 8 CPUs
INFO: [Physopt 32-619] Estimated Timing Summary | WNS=-0.274 | TNS=-8.321 |
Phase 1 Physical Synthesis Initialization | Checksum: d241e38f

Time (s): cpu = 00:00:00.93 ; elapsed = 00:00:00.33 . Memory (MB): peak = 3770.344 ; gain = 0.000 ; free physical = 385262 ; free virtual = 396110
INFO: [Physopt 32-619] Estimated Timing Summary | WNS=-0.274 | TNS=-8.321 |

Phase 2 DSP Register Optimization
INFO: [Physopt 32-456] No candidate cells for DSP register optimization found in the design.
INFO: [Physopt 32-775] End 2 Pass. Optimized 0 net or cell. Created 0 new cell, deleted 0 existing cell and moved 0 existing cell
Phase 2 DSP Register Optimization | Checksum: d241e38f

Time (s): cpu = 00:00:01 ; elapsed = 00:00:00.36 . Memory (MB): peak = 3770.344 ; gain = 0.000 ; free physical = 385236 ; free virtual = 396084

Phase 3 Critical Path Optimization
INFO: [Physopt 32-619] Estimated Timing Summary | WNS=-0.274 | TNS=-8.321 |
INFO: [Physopt 32-702] Processed net okHI/p_5_in. Optimizations did not improve timing on the net.
INFO: [Physopt 32-702] Processed net okHI/p_5_in. Optimizations did not improve timing on the net.
INFO: [Physopt 32-619] Estimated Timing Summary | WNS=-0.274 | TNS=-8.321 |
Phase 3 Critical Path Optimization | Checksum: d241e38f

Time (s): cpu = 00:00:01 ; elapsed = 00:00:00.47 . Memory (MB): peak = 3770.344 ; gain = 0.000 ; free physical = 385223 ; free virtual = 396072
Netlist sorting complete. Time (s): cpu = 00:00:00 ; elapsed = 00:00:00 . Memory (MB): peak = 3770.344 ; gain = 0.000 ; free physical = 385223 ; free virtual = 396072
INFO: [Physopt 32-603] Post Physical Optimization Timing Summary | WNS=-0.274 | TNS=-8.321 |

Summary of Physical Synthesis Optimizations
============================================


-------------------------------------------------------------------------------------------------------------------------------------------------------------
|  Optimization   |  WNS Gain (ns)  |  TNS Gain (ns)  |  Added Cells  |  Removed Cells  |  Optimized Cells/Nets  |  Dont Touch  |  Iterations  |  Elapsed   |
-------------------------------------------------------------------------------------------------------------------------------------------------------------
|  DSP Register   |          0.000  |          0.000  |            0  |              0  |                     0  |           0  |           1  |  00:00:00  |
|  Critical Path  |          0.000  |          0.000  |            0  |              0  |                     0  |           0  |           1  |  00:00:00  |
|  Total          |          0.000  |          0.000  |            0  |              0  |                     0  |           0  |           2  |  00:00:00  |
-------------------------------------------------------------------------------------------------------------------------------------------------------------


Netlist sorting complete. Time (s): cpu = 00:00:00 ; elapsed = 00:00:00 . Memory (MB): peak = 3770.344 ; gain = 0.000 ; free physical = 385223 ; free virtual = 396072
Ending Physical Synthesis Task | Checksum: 10ba24082

Time (s): cpu = 00:00:01 ; elapsed = 00:00:00.5 . Memory (MB): peak = 3770.344 ; gain = 0.000 ; free physical = 385223 ; free virtual = 396072
INFO: [Common 17-83] Releasing license: Implementation
99 Infos, 19 Warnings, 9 Critical Warnings and 0 Errors encountered.
phys_opt_design completed successfully
INFO: [Timing 38-480] Writing timing data to binary archive.
Writing XDEF routing.
Writing XDEF routing logical nets.
Writing XDEF routing special nets.
Write XDEF Complete: Time (s): cpu = 00:00:00.47 ; elapsed = 00:00:00.17 . Memory (MB): peak = 3770.344 ; gain = 0.000 ; free physical = 385320 ; free virtual = 396171
INFO: [Common 17-1381] The checkpoint '/home/khyang/harvard/cs1410_lab/lab2/lab2_server/CS1410_lab2.runs/impl_1/alu_top_physopt.dcp' has been generated.
Command: route_design
Attempting to get a license for feature 'Implementation' and/or device 'xc7a75t'
INFO: [Common 17-349] Got license for feature 'Implementation' and/or device 'xc7a75t'
Running DRC as a precondition to command route_design
INFO: [DRC 23-27] Running DRC with 8 threads
INFO: [Vivado_Tcl 4-198] DRC finished with 0 Errors
INFO: [Vivado_Tcl 4-199] Please refer to the DRC report (report_drc) for more information.


Starting Routing Task
INFO: [Route 35-254] Multithreading enabled for route_design using a maximum of 8 CPUs

Phase 1 Build RT Design
Checksum: PlaceDB: 4d19e4a6 ConstDB: 0 ShapeSum: 8482c174 RouteDB: 0
Post Restoration Checksum: NetGraph: c38c392a NumContArr: fe40886e Constraints: 0 Timing: 0
Phase 1 Build RT Design | Checksum: 1c1ccc198

Time (s): cpu = 00:00:30 ; elapsed = 00:00:25 . Memory (MB): peak = 3770.344 ; gain = 0.000 ; free physical = 384118 ; free virtual = 394967

Phase 2 Router Initialization

Phase 2.1 Fix Topology Constraints
Phase 2.1 Fix Topology Constraints | Checksum: 1c1ccc198

Time (s): cpu = 00:00:30 ; elapsed = 00:00:25 . Memory (MB): peak = 3770.344 ; gain = 0.000 ; free physical = 384085 ; free virtual = 394934

Phase 2.2 Pre Route Cleanup
Phase 2.2 Pre Route Cleanup | Checksum: 1c1ccc198

Time (s): cpu = 00:00:30 ; elapsed = 00:00:25 . Memory (MB): peak = 3770.344 ; gain = 0.000 ; free physical = 384085 ; free virtual = 394934
 Number of Nodes with overlaps = 0

Phase 2.3 Update Timing
Phase 2.3 Update Timing | Checksum: 1ee20dabb

Time (s): cpu = 00:00:32 ; elapsed = 00:00:26 . Memory (MB): peak = 3770.344 ; gain = 0.000 ; free physical = 384069 ; free virtual = 394918
INFO: [Route 35-416] Intermediate Timing Summary | WNS=0.209  | TNS=0.000  | WHS=-0.251 | THS=-28.804|


Router Utilization Summary
  Global Vertical Routing Utilization    = 0.000174087 %
  Global Horizontal Routing Utilization  = 0.000213129 %
  Routable Net Status*
  *Does not include unroutable nets such as driverless and loadless.
  Run report_route_status for detailed report.
  Number of Failed Nets               = 2115
    (Failed Nets is the sum of unrouted and partially routed nets)
  Number of Unrouted Nets             = 2114
  Number of Partially Routed Nets     = 1
  Number of Node Overlaps             = 0

Phase 2 Router Initialization | Checksum: 17dc86f49

Time (s): cpu = 00:00:33 ; elapsed = 00:00:26 . Memory (MB): peak = 3770.344 ; gain = 0.000 ; free physical = 383998 ; free virtual = 394847

Phase 3 Initial Routing

Phase 3.1 Global Routing
Phase 3.1 Global Routing | Checksum: 17dc86f49

Time (s): cpu = 00:00:33 ; elapsed = 00:00:26 . Memory (MB): peak = 3770.344 ; gain = 0.000 ; free physical = 383997 ; free virtual = 394846
Phase 3 Initial Routing | Checksum: 1d7908ff0

Time (s): cpu = 00:00:34 ; elapsed = 00:00:27 . Memory (MB): peak = 3770.344 ; gain = 0.000 ; free physical = 383999 ; free virtual = 394848
INFO: [Route 35-580] Design has 1 pins with tight setup and hold constraints.

The top 5 pins with tight setup and hold constraints:

+====================+===================+========================+
| Launch Setup Clock | Launch Hold Clock | Pin                    |
+====================+===================+========================+
| mmcm0_clk0         | mmcm0_clk0        | ep21/wirehold_reg[0]/D |
+--------------------+-------------------+------------------------+

File with complete list of pins: tight_setup_hold_pins.txt


Phase 4 Rip-up And Reroute

Phase 4.1 Global Iteration 0
 Number of Nodes with overlaps = 739
 Number of Nodes with overlaps = 320
 Number of Nodes with overlaps = 176
 Number of Nodes with overlaps = 97
 Number of Nodes with overlaps = 40
 Number of Nodes with overlaps = 17
 Number of Nodes with overlaps = 6
 Number of Nodes with overlaps = 1
 Number of Nodes with overlaps = 0
INFO: [Route 35-416] Intermediate Timing Summary | WNS=0.065  | TNS=0.000  | WHS=N/A    | THS=N/A    |

Phase 4.1 Global Iteration 0 | Checksum: 104c8964c

Time (s): cpu = 00:00:47 ; elapsed = 00:00:32 . Memory (MB): peak = 3770.344 ; gain = 0.000 ; free physical = 383907 ; free virtual = 394756
Phase 4 Rip-up And Reroute | Checksum: 104c8964c

Time (s): cpu = 00:00:47 ; elapsed = 00:00:32 . Memory (MB): peak = 3770.344 ; gain = 0.000 ; free physical = 383907 ; free virtual = 394756

Phase 5 Delay and Skew Optimization

Phase 5.1 Delay CleanUp

Phase 5.1.1 Update Timing
Phase 5.1.1 Update Timing | Checksum: 19a3d8d8f

Time (s): cpu = 00:00:47 ; elapsed = 00:00:32 . Memory (MB): peak = 3770.344 ; gain = 0.000 ; free physical = 383902 ; free virtual = 394751
INFO: [Route 35-416] Intermediate Timing Summary | WNS=0.144  | TNS=0.000  | WHS=N/A    | THS=N/A    |

Phase 5.1 Delay CleanUp | Checksum: 19a3d8d8f

Time (s): cpu = 00:00:47 ; elapsed = 00:00:32 . Memory (MB): peak = 3770.344 ; gain = 0.000 ; free physical = 383902 ; free virtual = 394751

Phase 5.2 Clock Skew Optimization
Phase 5.2 Clock Skew Optimization | Checksum: 19a3d8d8f

Time (s): cpu = 00:00:47 ; elapsed = 00:00:32 . Memory (MB): peak = 3770.344 ; gain = 0.000 ; free physical = 383902 ; free virtual = 394751
Phase 5 Delay and Skew Optimization | Checksum: 19a3d8d8f

Time (s): cpu = 00:00:47 ; elapsed = 00:00:32 . Memory (MB): peak = 3770.344 ; gain = 0.000 ; free physical = 383901 ; free virtual = 394750

Phase 6 Post Hold Fix

Phase 6.1 Hold Fix Iter

Phase 6.1.1 Update Timing
Phase 6.1.1 Update Timing | Checksum: 1954f72dd

Time (s): cpu = 00:00:47 ; elapsed = 00:00:33 . Memory (MB): peak = 3770.344 ; gain = 0.000 ; free physical = 383902 ; free virtual = 394751
INFO: [Route 35-416] Intermediate Timing Summary | WNS=0.144  | TNS=0.000  | WHS=0.054  | THS=0.000  |

Phase 6.1 Hold Fix Iter | Checksum: 14020b523

Time (s): cpu = 00:00:47 ; elapsed = 00:00:33 . Memory (MB): peak = 3770.344 ; gain = 0.000 ; free physical = 383902 ; free virtual = 394751
Phase 6 Post Hold Fix | Checksum: 14020b523

Time (s): cpu = 00:00:47 ; elapsed = 00:00:33 . Memory (MB): peak = 3770.344 ; gain = 0.000 ; free physical = 383902 ; free virtual = 394751

Phase 7 Route finalize

Router Utilization Summary
  Global Vertical Routing Utilization    = 0.37259 %
  Global Horizontal Routing Utilization  = 0.413399 %
  Routable Net Status*
  *Does not include unroutable nets such as driverless and loadless.
  Run report_route_status for detailed report.
  Number of Failed Nets               = 0
    (Failed Nets is the sum of unrouted and partially routed nets)
  Number of Unrouted Nets             = 0
  Number of Partially Routed Nets     = 0
  Number of Node Overlaps             = 0

Phase 7 Route finalize | Checksum: 148a5f5d9

Time (s): cpu = 00:00:48 ; elapsed = 00:00:33 . Memory (MB): peak = 3770.344 ; gain = 0.000 ; free physical = 383901 ; free virtual = 394750

Phase 8 Verifying routed nets

 Verification completed successfully
Phase 8 Verifying routed nets | Checksum: 148a5f5d9

Time (s): cpu = 00:00:48 ; elapsed = 00:00:33 . Memory (MB): peak = 3770.344 ; gain = 0.000 ; free physical = 383899 ; free virtual = 394748

Phase 9 Depositing Routes
Phase 9 Depositing Routes | Checksum: 1d8d0e62a

Time (s): cpu = 00:00:48 ; elapsed = 00:00:33 . Memory (MB): peak = 3770.344 ; gain = 0.000 ; free physical = 383902 ; free virtual = 394751

Phase 10 Post Router Timing
INFO: [Route 35-57] Estimated Timing Summary | WNS=0.144  | TNS=0.000  | WHS=0.054  | THS=0.000  |

INFO: [Route 35-327] The final timing numbers are based on the router estimated timing analysis. For a complete and accurate timing signoff, please run report_timing_summary.
Phase 10 Post Router Timing | Checksum: 1d8d0e62a

Time (s): cpu = 00:00:48 ; elapsed = 00:00:33 . Memory (MB): peak = 3770.344 ; gain = 0.000 ; free physical = 383908 ; free virtual = 394757
INFO: [Route 35-16] Router Completed Successfully

Time (s): cpu = 00:00:48 ; elapsed = 00:00:33 . Memory (MB): peak = 3770.344 ; gain = 0.000 ; free physical = 383946 ; free virtual = 394795

Routing Is Done.
INFO: [Common 17-83] Releasing license: Implementation
115 Infos, 19 Warnings, 9 Critical Warnings and 0 Errors encountered.
route_design completed successfully
route_design: Time (s): cpu = 00:00:50 ; elapsed = 00:00:34 . Memory (MB): peak = 3770.344 ; gain = 0.000 ; free physical = 383946 ; free virtual = 394795
INFO: [Timing 38-480] Writing timing data to binary archive.
Writing XDEF routing.
Writing XDEF routing logical nets.
Writing XDEF routing special nets.
Write XDEF Complete: Time (s): cpu = 00:00:00.51 ; elapsed = 00:00:00.21 . Memory (MB): peak = 3770.344 ; gain = 0.000 ; free physical = 383936 ; free virtual = 394788
INFO: [Common 17-1381] The checkpoint '/home/khyang/harvard/cs1410_lab/lab2/lab2_server/CS1410_lab2.runs/impl_1/alu_top_routed.dcp' has been generated.
INFO: [runtcl-4] Executing : report_drc -file alu_top_drc_routed.rpt -pb alu_top_drc_routed.pb -rpx alu_top_drc_routed.rpx
Command: report_drc -file alu_top_drc_routed.rpt -pb alu_top_drc_routed.pb -rpx alu_top_drc_routed.rpx
INFO: [IP_Flow 19-1839] IP Catalog is up to date.
INFO: [DRC 23-27] Running DRC with 8 threads
INFO: [Vivado_Tcl 2-168] The results of DRC are in file /home/khyang/harvard/cs1410_lab/lab2/lab2_server/CS1410_lab2.runs/impl_1/alu_top_drc_routed.rpt.
report_drc completed successfully
INFO: [runtcl-4] Executing : report_methodology -file alu_top_methodology_drc_routed.rpt -pb alu_top_methodology_drc_routed.pb -rpx alu_top_methodology_drc_routed.rpx
Command: report_methodology -file alu_top_methodology_drc_routed.rpt -pb alu_top_methodology_drc_routed.pb -rpx alu_top_methodology_drc_routed.rpx
WARNING: [Constraints 18-6211] Setting input delay on a clock pin 'okUH[0]' relative to clock 'okUH0' defined on the same pin is not supported, ignoring it [/home/khyang/harvard/cs1410_lab/lab2/lab2_server/constraints/xem7310.xdc:72]
WARNING: [Constraints 18-6211] Setting input delay on a clock pin 'okUH[0]' relative to clock 'okUH0' defined on the same pin is not supported, ignoring it [/home/khyang/harvard/cs1410_lab/lab2/lab2_server/constraints/xem7310.xdc:73]
INFO: [Timing 38-35] Done setting XDC timing constraints.
INFO: [DRC 23-133] Running Methodology with 8 threads
INFO: [Vivado_Tcl 2-1520] The results of Report Methodology are in file /home/khyang/harvard/cs1410_lab/lab2/lab2_server/CS1410_lab2.runs/impl_1/alu_top_methodology_drc_routed.rpt.
report_methodology completed successfully
INFO: [runtcl-4] Executing : report_power -file alu_top_power_routed.rpt -pb alu_top_power_summary_routed.pb -rpx alu_top_power_routed.rpx
Command: report_power -file alu_top_power_routed.rpt -pb alu_top_power_summary_routed.pb -rpx alu_top_power_routed.rpx
INFO: [Power 33-23] Power model is not available for a0/d0/dna0
WARNING: [Constraints 18-6211] Setting input delay on a clock pin 'okUH[0]' relative to clock 'okUH0' defined on the same pin is not supported, ignoring it [/home/khyang/harvard/cs1410_lab/lab2/lab2_server/constraints/xem7310.xdc:72]
WARNING: [Constraints 18-6211] Setting input delay on a clock pin 'okUH[0]' relative to clock 'okUH0' defined on the same pin is not supported, ignoring it [/home/khyang/harvard/cs1410_lab/lab2/lab2_server/constraints/xem7310.xdc:73]
INFO: [Timing 38-35] Done setting XDC timing constraints.
Running Vector-less Activity Propagation...

Finished Running Vector-less Activity Propagation
128 Infos, 23 Warnings, 9 Critical Warnings and 0 Errors encountered.
report_power completed successfully
INFO: [runtcl-4] Executing : report_route_status -file alu_top_route_status.rpt -pb alu_top_route_status.pb
INFO: [runtcl-4] Executing : report_timing_summary -max_paths 10 -report_unconstrained -file alu_top_timing_summary_routed.rpt -pb alu_top_timing_summary_routed.pb -rpx alu_top_timing_summary_routed.rpx -warn_on_violation 
INFO: [Timing 38-91] UpdateTimingParams: Speed grade: -1, Delay Type: min_max.
INFO: [Timing 38-191] Multithreading enabled for timing update using a maximum of 8 CPUs
INFO: [runtcl-4] Executing : report_incremental_reuse -file alu_top_incremental_reuse_routed.rpt
INFO: [Vivado_Tcl 4-1062] Incremental flow is disabled. No incremental reuse Info to report.
INFO: [runtcl-4] Executing : report_clock_utilization -file alu_top_clock_utilization_routed.rpt
INFO: [runtcl-4] Executing : report_bus_skew -warn_on_violation -file alu_top_bus_skew_routed.rpt -pb alu_top_bus_skew_routed.pb -rpx alu_top_bus_skew_routed.rpx
INFO: [Timing 38-91] UpdateTimingParams: Speed grade: -1, Delay Type: min_max.
INFO: [Timing 38-191] Multithreading enabled for timing update using a maximum of 8 CPUs
Command: write_bitstream -force alu_top.bit
Attempting to get a license for feature 'Implementation' and/or device 'xc7a75t'
INFO: [Common 17-349] Got license for feature 'Implementation' and/or device 'xc7a75t'
Running DRC as a precondition to command write_bitstream
INFO: [IP_Flow 19-1839] IP Catalog is up to date.
INFO: [DRC 23-27] Running DRC with 8 threads
WARNING: [DRC CHECK-3] Report rule limit reached: REQP-1839 rule limit reached: 20 violations have been found.
WARNING: [DRC CHECK-3] Report rule limit reached: REQP-1840 rule limit reached: 20 violations have been found.
WARNING: [DRC REQP-1839] RAMB36 async control check: The RAMB36E1 okHI/core0/core0/r0 has an input control pin okHI/core0/core0/r0/ADDRARDADDR[10] (net: okHI/core0/core0/l287f1d33aab074157010cd04cb03cd77_reg_n_0_[5]) which is driven by a register (okHI/core0/core0/l287f1d33aab074157010cd04cb03cd77_reg[5]) that has an active asychronous set or reset. This may cause corruption of the memory contents and/or read values when the set/reset is asserted and is not analyzed by the default static timing analysis. It is suggested to eliminate the use of a set/reset to registers driving this RAMB pin or else use a synchronous reset in which the assertion of the reset is timed by default.
WARNING: [DRC REQP-1839] RAMB36 async control check: The RAMB36E1 okHI/core0/core0/r0 has an input control pin okHI/core0/core0/r0/ADDRARDADDR[11] (net: okHI/core0/core0/l287f1d33aab074157010cd04cb03cd77_reg_n_0_[6]) which is driven by a register (okHI/core0/core0/l287f1d33aab074157010cd04cb03cd77_reg[6]) that has an active asychronous set or reset. This may cause corruption of the memory contents and/or read values when the set/reset is asserted and is not analyzed by the default static timing analysis. It is suggested to eliminate the use of a set/reset to registers driving this RAMB pin or else use a synchronous reset in which the assertion of the reset is timed by default.
WARNING: [DRC REQP-1839] RAMB36 async control check: The RAMB36E1 okHI/core0/core0/r0 has an input control pin okHI/core0/core0/r0/ADDRARDADDR[12] (net: okHI/core0/core0/l287f1d33aab074157010cd04cb03cd77_reg_n_0_[7]) which is driven by a register (okHI/core0/core0/l287f1d33aab074157010cd04cb03cd77_reg[7]) that has an active asychronous set or reset. This may cause corruption of the memory contents and/or read values when the set/reset is asserted and is not analyzed by the default static timing analysis. It is suggested to eliminate the use of a set/reset to registers driving this RAMB pin or else use a synchronous reset in which the assertion of the reset is timed by default.
WARNING: [DRC REQP-1839] RAMB36 async control check: The RAMB36E1 okHI/core0/core0/r0 has an input control pin okHI/core0/core0/r0/ADDRARDADDR[13] (net: okHI/core0/core0/l287f1d33aab074157010cd04cb03cd77_reg_n_0_[8]) which is driven by a register (okHI/core0/core0/l287f1d33aab074157010cd04cb03cd77_reg[8]) that has an active asychronous set or reset. This may cause corruption of the memory contents and/or read values when the set/reset is asserted and is not analyzed by the default static timing analysis. It is suggested to eliminate the use of a set/reset to registers driving this RAMB pin or else use a synchronous reset in which the assertion of the reset is timed by default.
WARNING: [DRC REQP-1839] RAMB36 async control check: The RAMB36E1 okHI/core0/core0/r0 has an input control pin okHI/core0/core0/r0/ADDRARDADDR[5] (net: okHI/core0/core0/l287f1d33aab074157010cd04cb03cd77_reg_n_0_[0]) which is driven by a register (okHI/core0/core0/l287f1d33aab074157010cd04cb03cd77_reg[0]) that has an active asychronous set or reset. This may cause corruption of the memory contents and/or read values when the set/reset is asserted and is not analyzed by the default static timing analysis. It is suggested to eliminate the use of a set/reset to registers driving this RAMB pin or else use a synchronous reset in which the assertion of the reset is timed by default.
WARNING: [DRC REQP-1839] RAMB36 async control check: The RAMB36E1 okHI/core0/core0/r0 has an input control pin okHI/core0/core0/r0/ADDRARDADDR[6] (net: okHI/core0/core0/l287f1d33aab074157010cd04cb03cd77_reg_n_0_[1]) which is driven by a register (okHI/core0/core0/l287f1d33aab074157010cd04cb03cd77_reg[1]) that has an active asychronous set or reset. This may cause corruption of the memory contents and/or read values when the set/reset is asserted and is not analyzed by the default static timing analysis. It is suggested to eliminate the use of a set/reset to registers driving this RAMB pin or else use a synchronous reset in which the assertion of the reset is timed by default.
WARNING: [DRC REQP-1839] RAMB36 async control check: The RAMB36E1 okHI/core0/core0/r0 has an input control pin okHI/core0/core0/r0/ADDRARDADDR[7] (net: okHI/core0/core0/l287f1d33aab074157010cd04cb03cd77_reg_n_0_[2]) which is driven by a register (okHI/core0/core0/l287f1d33aab074157010cd04cb03cd77_reg[2]) that has an active asychronous set or reset. This may cause corruption of the memory contents and/or read values when the set/reset is asserted and is not analyzed by the default static timing analysis. It is suggested to eliminate the use of a set/reset to registers driving this RAMB pin or else use a synchronous reset in which the assertion of the reset is timed by default.
WARNING: [DRC REQP-1839] RAMB36 async control check: The RAMB36E1 okHI/core0/core0/r0 has an input control pin okHI/core0/core0/r0/ADDRARDADDR[8] (net: okHI/core0/core0/l287f1d33aab074157010cd04cb03cd77_reg_n_0_[3]) which is driven by a register (okHI/core0/core0/l287f1d33aab074157010cd04cb03cd77_reg[3]) that has an active asychronous set or reset. This may cause corruption of the memory contents and/or read values when the set/reset is asserted and is not analyzed by the default static timing analysis. It is suggested to eliminate the use of a set/reset to registers driving this RAMB pin or else use a synchronous reset in which the assertion of the reset is timed by default.
WARNING: [DRC REQP-1839] RAMB36 async control check: The RAMB36E1 okHI/core0/core0/r0 has an input control pin okHI/core0/core0/r0/ADDRARDADDR[9] (net: okHI/core0/core0/l287f1d33aab074157010cd04cb03cd77_reg_n_0_[4]) which is driven by a register (okHI/core0/core0/l287f1d33aab074157010cd04cb03cd77_reg[4]) that has an active asychronous set or reset. This may cause corruption of the memory contents and/or read values when the set/reset is asserted and is not analyzed by the default static timing analysis. It is suggested to eliminate the use of a set/reset to registers driving this RAMB pin or else use a synchronous reset in which the assertion of the reset is timed by default.
WARNING: [DRC REQP-1839] RAMB36 async control check: The RAMB36E1 okHI/core0/core0/r0 has an input control pin okHI/core0/core0/r0/ADDRBWRADDR[10] (net: okHI/core0/core0/l287f1d33aab074157010cd04cb03cd77_reg_n_0_[5]) which is driven by a register (okHI/core0/core0/l287f1d33aab074157010cd04cb03cd77_reg[5]) that has an active asychronous set or reset. This may cause corruption of the memory contents and/or read values when the set/reset is asserted and is not analyzed by the default static timing analysis. It is suggested to eliminate the use of a set/reset to registers driving this RAMB pin or else use a synchronous reset in which the assertion of the reset is timed by default.
WARNING: [DRC REQP-1839] RAMB36 async control check: The RAMB36E1 okHI/core0/core0/r0 has an input control pin okHI/core0/core0/r0/ADDRBWRADDR[11] (net: okHI/core0/core0/l287f1d33aab074157010cd04cb03cd77_reg_n_0_[6]) which is driven by a register (okHI/core0/core0/l287f1d33aab074157010cd04cb03cd77_reg[6]) that has an active asychronous set or reset. This may cause corruption of the memory contents and/or read values when the set/reset is asserted and is not analyzed by the default static timing analysis. It is suggested to eliminate the use of a set/reset to registers driving this RAMB pin or else use a synchronous reset in which the assertion of the reset is timed by default.
WARNING: [DRC REQP-1839] RAMB36 async control check: The RAMB36E1 okHI/core0/core0/r0 has an input control pin okHI/core0/core0/r0/ADDRBWRADDR[12] (net: okHI/core0/core0/l287f1d33aab074157010cd04cb03cd77_reg_n_0_[7]) which is driven by a register (okHI/core0/core0/l287f1d33aab074157010cd04cb03cd77_reg[7]) that has an active asychronous set or reset. This may cause corruption of the memory contents and/or read values when the set/reset is asserted and is not analyzed by the default static timing analysis. It is suggested to eliminate the use of a set/reset to registers driving this RAMB pin or else use a synchronous reset in which the assertion of the reset is timed by default.
WARNING: [DRC REQP-1839] RAMB36 async control check: The RAMB36E1 okHI/core0/core0/r0 has an input control pin okHI/core0/core0/r0/ADDRBWRADDR[13] (net: okHI/core0/core0/l287f1d33aab074157010cd04cb03cd77_reg_n_0_[8]) which is driven by a register (okHI/core0/core0/l287f1d33aab074157010cd04cb03cd77_reg[8]) that has an active asychronous set or reset. This may cause corruption of the memory contents and/or read values when the set/reset is asserted and is not analyzed by the default static timing analysis. It is suggested to eliminate the use of a set/reset to registers driving this RAMB pin or else use a synchronous reset in which the assertion of the reset is timed by default.
WARNING: [DRC REQP-1839] RAMB36 async control check: The RAMB36E1 okHI/core0/core0/r0 has an input control pin okHI/core0/core0/r0/ADDRBWRADDR[5] (net: okHI/core0/core0/l287f1d33aab074157010cd04cb03cd77_reg_n_0_[0]) which is driven by a register (okHI/core0/core0/l287f1d33aab074157010cd04cb03cd77_reg[0]) that has an active asychronous set or reset. This may cause corruption of the memory contents and/or read values when the set/reset is asserted and is not analyzed by the default static timing analysis. It is suggested to eliminate the use of a set/reset to registers driving this RAMB pin or else use a synchronous reset in which the assertion of the reset is timed by default.
WARNING: [DRC REQP-1839] RAMB36 async control check: The RAMB36E1 okHI/core0/core0/r0 has an input control pin okHI/core0/core0/r0/ADDRBWRADDR[6] (net: okHI/core0/core0/l287f1d33aab074157010cd04cb03cd77_reg_n_0_[1]) which is driven by a register (okHI/core0/core0/l287f1d33aab074157010cd04cb03cd77_reg[1]) that has an active asychronous set or reset. This may cause corruption of the memory contents and/or read values when the set/reset is asserted and is not analyzed by the default static timing analysis. It is suggested to eliminate the use of a set/reset to registers driving this RAMB pin or else use a synchronous reset in which the assertion of the reset is timed by default.
WARNING: [DRC REQP-1839] RAMB36 async control check: The RAMB36E1 okHI/core0/core0/r0 has an input control pin okHI/core0/core0/r0/ADDRBWRADDR[7] (net: okHI/core0/core0/l287f1d33aab074157010cd04cb03cd77_reg_n_0_[2]) which is driven by a register (okHI/core0/core0/l287f1d33aab074157010cd04cb03cd77_reg[2]) that has an active asychronous set or reset. This may cause corruption of the memory contents and/or read values when the set/reset is asserted and is not analyzed by the default static timing analysis. It is suggested to eliminate the use of a set/reset to registers driving this RAMB pin or else use a synchronous reset in which the assertion of the reset is timed by default.
WARNING: [DRC REQP-1839] RAMB36 async control check: The RAMB36E1 okHI/core0/core0/r0 has an input control pin okHI/core0/core0/r0/ADDRBWRADDR[8] (net: okHI/core0/core0/l287f1d33aab074157010cd04cb03cd77_reg_n_0_[3]) which is driven by a register (okHI/core0/core0/l287f1d33aab074157010cd04cb03cd77_reg[3]) that has an active asychronous set or reset. This may cause corruption of the memory contents and/or read values when the set/reset is asserted and is not analyzed by the default static timing analysis. It is suggested to eliminate the use of a set/reset to registers driving this RAMB pin or else use a synchronous reset in which the assertion of the reset is timed by default.
WARNING: [DRC REQP-1839] RAMB36 async control check: The RAMB36E1 okHI/core0/core0/r0 has an input control pin okHI/core0/core0/r0/ADDRBWRADDR[9] (net: okHI/core0/core0/l287f1d33aab074157010cd04cb03cd77_reg_n_0_[4]) which is driven by a register (okHI/core0/core0/l287f1d33aab074157010cd04cb03cd77_reg[4]) that has an active asychronous set or reset. This may cause corruption of the memory contents and/or read values when the set/reset is asserted and is not analyzed by the default static timing analysis. It is suggested to eliminate the use of a set/reset to registers driving this RAMB pin or else use a synchronous reset in which the assertion of the reset is timed by default.
WARNING: [DRC REQP-1839] RAMB36 async control check: The RAMB36E1 okHI/core0/core0/r0 has an input control pin okHI/core0/core0/r0/ENBWREN (net: okHI/core0/core0/l2fd7e1a4c1a262bf4062db5f061b7878) which is driven by a register (okHI/core0/core0/l2fd7e1a4c1a262bf4062db5f061b7878_reg) that has an active asychronous set or reset. This may cause corruption of the memory contents and/or read values when the set/reset is asserted and is not analyzed by the default static timing analysis. It is suggested to eliminate the use of a set/reset to registers driving this RAMB pin or else use a synchronous reset in which the assertion of the reset is timed by default.
WARNING: [DRC REQP-1839] RAMB36 async control check: The RAMB36E1 okHI/core0/core0/r0 has an input control pin okHI/core0/core0/r0/WEBWE[2] (net: okHI/core0/core0/l2fd7e1a4c1a262bf4062db5f061b7878) which is driven by a register (okHI/core0/core0/l2fd7e1a4c1a262bf4062db5f061b7878_reg) that has an active asychronous set or reset. This may cause corruption of the memory contents and/or read values when the set/reset is asserted and is not analyzed by the default static timing analysis. It is suggested to eliminate the use of a set/reset to registers driving this RAMB pin or else use a synchronous reset in which the assertion of the reset is timed by default.
WARNING: [DRC REQP-1840] RAMB18 async control check: The RAMB18E1 okHI/core0/core0/a0/cb0/U0/inst_fifo_gen/gconvfifo.rf/grf.rf/gntv_or_sync_fifo.mem/gbm.gbmg.gbmga.ngecc.bmg/inst_blk_mem_gen/gnbram.gnativebmg.native_blk_mem_gen/valid.cstr/ramloop[0].ram.r/prim_noinit.ram/DEVICE_7SERIES.NO_BMM_INFO.SDP.WIDE_PRIM18.ram has an input control pin okHI/core0/core0/a0/cb0/U0/inst_fifo_gen/gconvfifo.rf/grf.rf/gntv_or_sync_fifo.mem/gbm.gbmg.gbmga.ngecc.bmg/inst_blk_mem_gen/gnbram.gnativebmg.native_blk_mem_gen/valid.cstr/ramloop[0].ram.r/prim_noinit.ram/DEVICE_7SERIES.NO_BMM_INFO.SDP.WIDE_PRIM18.ram/ADDRARDADDR[10] (net: okHI/core0/core0/a0/cb0/U0/inst_fifo_gen/gconvfifo.rf/grf.rf/p_0_out[5]) which is driven by a register (okHI/core0/core0/a0/cb0/U0/inst_fifo_gen/gconvfifo.rf/grf.rf/gntv_or_sync_fifo.gl0.rd/rpntr/gc0.count_d1_reg[5]) that has an active asychronous set or reset. This may cause corruption of the memory contents and/or read values when the set/reset is asserted and is not analyzed by the default static timing analysis. It is suggested to eliminate the use of a set/reset to registers driving this RAMB pin or else use a synchronous reset in which the assertion of the reset is timed by default.
WARNING: [DRC REQP-1840] RAMB18 async control check: The RAMB18E1 okHI/core0/core0/a0/cb0/U0/inst_fifo_gen/gconvfifo.rf/grf.rf/gntv_or_sync_fifo.mem/gbm.gbmg.gbmga.ngecc.bmg/inst_blk_mem_gen/gnbram.gnativebmg.native_blk_mem_gen/valid.cstr/ramloop[0].ram.r/prim_noinit.ram/DEVICE_7SERIES.NO_BMM_INFO.SDP.WIDE_PRIM18.ram has an input control pin okHI/core0/core0/a0/cb0/U0/inst_fifo_gen/gconvfifo.rf/grf.rf/gntv_or_sync_fifo.mem/gbm.gbmg.gbmga.ngecc.bmg/inst_blk_mem_gen/gnbram.gnativebmg.native_blk_mem_gen/valid.cstr/ramloop[0].ram.r/prim_noinit.ram/DEVICE_7SERIES.NO_BMM_INFO.SDP.WIDE_PRIM18.ram/ADDRARDADDR[5] (net: okHI/core0/core0/a0/cb0/U0/inst_fifo_gen/gconvfifo.rf/grf.rf/p_0_out[0]) which is driven by a register (okHI/core0/core0/a0/cb0/U0/inst_fifo_gen/gconvfifo.rf/grf.rf/gntv_or_sync_fifo.gl0.rd/rpntr/gc0.count_d1_reg[0]) that has an active asychronous set or reset. This may cause corruption of the memory contents and/or read values when the set/reset is asserted and is not analyzed by the default static timing analysis. It is suggested to eliminate the use of a set/reset to registers driving this RAMB pin or else use a synchronous reset in which the assertion of the reset is timed by default.
WARNING: [DRC REQP-1840] RAMB18 async control check: The RAMB18E1 okHI/core0/core0/a0/cb0/U0/inst_fifo_gen/gconvfifo.rf/grf.rf/gntv_or_sync_fifo.mem/gbm.gbmg.gbmga.ngecc.bmg/inst_blk_mem_gen/gnbram.gnativebmg.native_blk_mem_gen/valid.cstr/ramloop[0].ram.r/prim_noinit.ram/DEVICE_7SERIES.NO_BMM_INFO.SDP.WIDE_PRIM18.ram has an input control pin okHI/core0/core0/a0/cb0/U0/inst_fifo_gen/gconvfifo.rf/grf.rf/gntv_or_sync_fifo.mem/gbm.gbmg.gbmga.ngecc.bmg/inst_blk_mem_gen/gnbram.gnativebmg.native_blk_mem_gen/valid.cstr/ramloop[0].ram.r/prim_noinit.ram/DEVICE_7SERIES.NO_BMM_INFO.SDP.WIDE_PRIM18.ram/ADDRARDADDR[6] (net: okHI/core0/core0/a0/cb0/U0/inst_fifo_gen/gconvfifo.rf/grf.rf/p_0_out[1]) which is driven by a register (okHI/core0/core0/a0/cb0/U0/inst_fifo_gen/gconvfifo.rf/grf.rf/gntv_or_sync_fifo.gl0.rd/rpntr/gc0.count_d1_reg[1]) that has an active asychronous set or reset. This may cause corruption of the memory contents and/or read values when the set/reset is asserted and is not analyzed by the default static timing analysis. It is suggested to eliminate the use of a set/reset to registers driving this RAMB pin or else use a synchronous reset in which the assertion of the reset is timed by default.
WARNING: [DRC REQP-1840] RAMB18 async control check: The RAMB18E1 okHI/core0/core0/a0/cb0/U0/inst_fifo_gen/gconvfifo.rf/grf.rf/gntv_or_sync_fifo.mem/gbm.gbmg.gbmga.ngecc.bmg/inst_blk_mem_gen/gnbram.gnativebmg.native_blk_mem_gen/valid.cstr/ramloop[0].ram.r/prim_noinit.ram/DEVICE_7SERIES.NO_BMM_INFO.SDP.WIDE_PRIM18.ram has an input control pin okHI/core0/core0/a0/cb0/U0/inst_fifo_gen/gconvfifo.rf/grf.rf/gntv_or_sync_fifo.mem/gbm.gbmg.gbmga.ngecc.bmg/inst_blk_mem_gen/gnbram.gnativebmg.native_blk_mem_gen/valid.cstr/ramloop[0].ram.r/prim_noinit.ram/DEVICE_7SERIES.NO_BMM_INFO.SDP.WIDE_PRIM18.ram/ADDRARDADDR[7] (net: okHI/core0/core0/a0/cb0/U0/inst_fifo_gen/gconvfifo.rf/grf.rf/p_0_out[2]) which is driven by a register (okHI/core0/core0/a0/cb0/U0/inst_fifo_gen/gconvfifo.rf/grf.rf/gntv_or_sync_fifo.gl0.rd/rpntr/gc0.count_d1_reg[2]) that has an active asychronous set or reset. This may cause corruption of the memory contents and/or read values when the set/reset is asserted and is not analyzed by the default static timing analysis. It is suggested to eliminate the use of a set/reset to registers driving this RAMB pin or else use a synchronous reset in which the assertion of the reset is timed by default.
WARNING: [DRC REQP-1840] RAMB18 async control check: The RAMB18E1 okHI/core0/core0/a0/cb0/U0/inst_fifo_gen/gconvfifo.rf/grf.rf/gntv_or_sync_fifo.mem/gbm.gbmg.gbmga.ngecc.bmg/inst_blk_mem_gen/gnbram.gnativebmg.native_blk_mem_gen/valid.cstr/ramloop[0].ram.r/prim_noinit.ram/DEVICE_7SERIES.NO_BMM_INFO.SDP.WIDE_PRIM18.ram has an input control pin okHI/core0/core0/a0/cb0/U0/inst_fifo_gen/gconvfifo.rf/grf.rf/gntv_or_sync_fifo.mem/gbm.gbmg.gbmga.ngecc.bmg/inst_blk_mem_gen/gnbram.gnativebmg.native_blk_mem_gen/valid.cstr/ramloop[0].ram.r/prim_noinit.ram/DEVICE_7SERIES.NO_BMM_INFO.SDP.WIDE_PRIM18.ram/ADDRARDADDR[8] (net: okHI/core0/core0/a0/cb0/U0/inst_fifo_gen/gconvfifo.rf/grf.rf/p_0_out[3]) which is driven by a register (okHI/core0/core0/a0/cb0/U0/inst_fifo_gen/gconvfifo.rf/grf.rf/gntv_or_sync_fifo.gl0.rd/rpntr/gc0.count_d1_reg[3]) that has an active asychronous set or reset. This may cause corruption of the memory contents and/or read values when the set/reset is asserted and is not analyzed by the default static timing analysis. It is suggested to eliminate the use of a set/reset to registers driving this RAMB pin or else use a synchronous reset in which the assertion of the reset is timed by default.
WARNING: [DRC REQP-1840] RAMB18 async control check: The RAMB18E1 okHI/core0/core0/a0/cb0/U0/inst_fifo_gen/gconvfifo.rf/grf.rf/gntv_or_sync_fifo.mem/gbm.gbmg.gbmga.ngecc.bmg/inst_blk_mem_gen/gnbram.gnativebmg.native_blk_mem_gen/valid.cstr/ramloop[0].ram.r/prim_noinit.ram/DEVICE_7SERIES.NO_BMM_INFO.SDP.WIDE_PRIM18.ram has an input control pin okHI/core0/core0/a0/cb0/U0/inst_fifo_gen/gconvfifo.rf/grf.rf/gntv_or_sync_fifo.mem/gbm.gbmg.gbmga.ngecc.bmg/inst_blk_mem_gen/gnbram.gnativebmg.native_blk_mem_gen/valid.cstr/ramloop[0].ram.r/prim_noinit.ram/DEVICE_7SERIES.NO_BMM_INFO.SDP.WIDE_PRIM18.ram/ADDRARDADDR[9] (net: okHI/core0/core0/a0/cb0/U0/inst_fifo_gen/gconvfifo.rf/grf.rf/p_0_out[4]) which is driven by a register (okHI/core0/core0/a0/cb0/U0/inst_fifo_gen/gconvfifo.rf/grf.rf/gntv_or_sync_fifo.gl0.rd/rpntr/gc0.count_d1_reg[4]) that has an active asychronous set or reset. This may cause corruption of the memory contents and/or read values when the set/reset is asserted and is not analyzed by the default static timing analysis. It is suggested to eliminate the use of a set/reset to registers driving this RAMB pin or else use a synchronous reset in which the assertion of the reset is timed by default.
WARNING: [DRC REQP-1840] RAMB18 async control check: The RAMB18E1 okHI/core0/core0/a0/cb0/U0/inst_fifo_gen/gconvfifo.rf/grf.rf/gntv_or_sync_fifo.mem/gbm.gbmg.gbmga.ngecc.bmg/inst_blk_mem_gen/gnbram.gnativebmg.native_blk_mem_gen/valid.cstr/ramloop[0].ram.r/prim_noinit.ram/DEVICE_7SERIES.NO_BMM_INFO.SDP.WIDE_PRIM18.ram has an input control pin okHI/core0/core0/a0/cb0/U0/inst_fifo_gen/gconvfifo.rf/grf.rf/gntv_or_sync_fifo.mem/gbm.gbmg.gbmga.ngecc.bmg/inst_blk_mem_gen/gnbram.gnativebmg.native_blk_mem_gen/valid.cstr/ramloop[0].ram.r/prim_noinit.ram/DEVICE_7SERIES.NO_BMM_INFO.SDP.WIDE_PRIM18.ram/ADDRBWRADDR[10] (net: okHI/core0/core0/a0/cb0/U0/inst_fifo_gen/gconvfifo.rf/grf.rf/p_12_out[5]) which is driven by a register (okHI/core0/core0/a0/cb0/U0/inst_fifo_gen/gconvfifo.rf/grf.rf/gntv_or_sync_fifo.gl0.wr/wpntr/gcc0.gc0.count_d1_reg[5]) that has an active asychronous set or reset. This may cause corruption of the memory contents and/or read values when the set/reset is asserted and is not analyzed by the default static timing analysis. It is suggested to eliminate the use of a set/reset to registers driving this RAMB pin or else use a synchronous reset in which the assertion of the reset is timed by default.
WARNING: [DRC REQP-1840] RAMB18 async control check: The RAMB18E1 okHI/core0/core0/a0/cb0/U0/inst_fifo_gen/gconvfifo.rf/grf.rf/gntv_or_sync_fifo.mem/gbm.gbmg.gbmga.ngecc.bmg/inst_blk_mem_gen/gnbram.gnativebmg.native_blk_mem_gen/valid.cstr/ramloop[0].ram.r/prim_noinit.ram/DEVICE_7SERIES.NO_BMM_INFO.SDP.WIDE_PRIM18.ram has an input control pin okHI/core0/core0/a0/cb0/U0/inst_fifo_gen/gconvfifo.rf/grf.rf/gntv_or_sync_fifo.mem/gbm.gbmg.gbmga.ngecc.bmg/inst_blk_mem_gen/gnbram.gnativebmg.native_blk_mem_gen/valid.cstr/ramloop[0].ram.r/prim_noinit.ram/DEVICE_7SERIES.NO_BMM_INFO.SDP.WIDE_PRIM18.ram/ADDRBWRADDR[5] (net: okHI/core0/core0/a0/cb0/U0/inst_fifo_gen/gconvfifo.rf/grf.rf/p_12_out[0]) which is driven by a register (okHI/core0/core0/a0/cb0/U0/inst_fifo_gen/gconvfifo.rf/grf.rf/gntv_or_sync_fifo.gl0.wr/wpntr/gcc0.gc0.count_d1_reg[0]) that has an active asychronous set or reset. This may cause corruption of the memory contents and/or read values when the set/reset is asserted and is not analyzed by the default static timing analysis. It is suggested to eliminate the use of a set/reset to registers driving this RAMB pin or else use a synchronous reset in which the assertion of the reset is timed by default.
WARNING: [DRC REQP-1840] RAMB18 async control check: The RAMB18E1 okHI/core0/core0/a0/cb0/U0/inst_fifo_gen/gconvfifo.rf/grf.rf/gntv_or_sync_fifo.mem/gbm.gbmg.gbmga.ngecc.bmg/inst_blk_mem_gen/gnbram.gnativebmg.native_blk_mem_gen/valid.cstr/ramloop[0].ram.r/prim_noinit.ram/DEVICE_7SERIES.NO_BMM_INFO.SDP.WIDE_PRIM18.ram has an input control pin okHI/core0/core0/a0/cb0/U0/inst_fifo_gen/gconvfifo.rf/grf.rf/gntv_or_sync_fifo.mem/gbm.gbmg.gbmga.ngecc.bmg/inst_blk_mem_gen/gnbram.gnativebmg.native_blk_mem_gen/valid.cstr/ramloop[0].ram.r/prim_noinit.ram/DEVICE_7SERIES.NO_BMM_INFO.SDP.WIDE_PRIM18.ram/ADDRBWRADDR[6] (net: okHI/core0/core0/a0/cb0/U0/inst_fifo_gen/gconvfifo.rf/grf.rf/p_12_out[1]) which is driven by a register (okHI/core0/core0/a0/cb0/U0/inst_fifo_gen/gconvfifo.rf/grf.rf/gntv_or_sync_fifo.gl0.wr/wpntr/gcc0.gc0.count_d1_reg[1]) that has an active asychronous set or reset. This may cause corruption of the memory contents and/or read values when the set/reset is asserted and is not analyzed by the default static timing analysis. It is suggested to eliminate the use of a set/reset to registers driving this RAMB pin or else use a synchronous reset in which the assertion of the reset is timed by default.
WARNING: [DRC REQP-1840] RAMB18 async control check: The RAMB18E1 okHI/core0/core0/a0/cb0/U0/inst_fifo_gen/gconvfifo.rf/grf.rf/gntv_or_sync_fifo.mem/gbm.gbmg.gbmga.ngecc.bmg/inst_blk_mem_gen/gnbram.gnativebmg.native_blk_mem_gen/valid.cstr/ramloop[0].ram.r/prim_noinit.ram/DEVICE_7SERIES.NO_BMM_INFO.SDP.WIDE_PRIM18.ram has an input control pin okHI/core0/core0/a0/cb0/U0/inst_fifo_gen/gconvfifo.rf/grf.rf/gntv_or_sync_fifo.mem/gbm.gbmg.gbmga.ngecc.bmg/inst_blk_mem_gen/gnbram.gnativebmg.native_blk_mem_gen/valid.cstr/ramloop[0].ram.r/prim_noinit.ram/DEVICE_7SERIES.NO_BMM_INFO.SDP.WIDE_PRIM18.ram/ADDRBWRADDR[7] (net: okHI/core0/core0/a0/cb0/U0/inst_fifo_gen/gconvfifo.rf/grf.rf/p_12_out[2]) which is driven by a register (okHI/core0/core0/a0/cb0/U0/inst_fifo_gen/gconvfifo.rf/grf.rf/gntv_or_sync_fifo.gl0.wr/wpntr/gcc0.gc0.count_d1_reg[2]) that has an active asychronous set or reset. This may cause corruption of the memory contents and/or read values when the set/reset is asserted and is not analyzed by the default static timing analysis. It is suggested to eliminate the use of a set/reset to registers driving this RAMB pin or else use a synchronous reset in which the assertion of the reset is timed by default.
WARNING: [DRC REQP-1840] RAMB18 async control check: The RAMB18E1 okHI/core0/core0/a0/cb0/U0/inst_fifo_gen/gconvfifo.rf/grf.rf/gntv_or_sync_fifo.mem/gbm.gbmg.gbmga.ngecc.bmg/inst_blk_mem_gen/gnbram.gnativebmg.native_blk_mem_gen/valid.cstr/ramloop[0].ram.r/prim_noinit.ram/DEVICE_7SERIES.NO_BMM_INFO.SDP.WIDE_PRIM18.ram has an input control pin okHI/core0/core0/a0/cb0/U0/inst_fifo_gen/gconvfifo.rf/grf.rf/gntv_or_sync_fifo.mem/gbm.gbmg.gbmga.ngecc.bmg/inst_blk_mem_gen/gnbram.gnativebmg.native_blk_mem_gen/valid.cstr/ramloop[0].ram.r/prim_noinit.ram/DEVICE_7SERIES.NO_BMM_INFO.SDP.WIDE_PRIM18.ram/ADDRBWRADDR[8] (net: okHI/core0/core0/a0/cb0/U0/inst_fifo_gen/gconvfifo.rf/grf.rf/p_12_out[3]) which is driven by a register (okHI/core0/core0/a0/cb0/U0/inst_fifo_gen/gconvfifo.rf/grf.rf/gntv_or_sync_fifo.gl0.wr/wpntr/gcc0.gc0.count_d1_reg[3]) that has an active asychronous set or reset. This may cause corruption of the memory contents and/or read values when the set/reset is asserted and is not analyzed by the default static timing analysis. It is suggested to eliminate the use of a set/reset to registers driving this RAMB pin or else use a synchronous reset in which the assertion of the reset is timed by default.
WARNING: [DRC REQP-1840] RAMB18 async control check: The RAMB18E1 okHI/core0/core0/a0/cb0/U0/inst_fifo_gen/gconvfifo.rf/grf.rf/gntv_or_sync_fifo.mem/gbm.gbmg.gbmga.ngecc.bmg/inst_blk_mem_gen/gnbram.gnativebmg.native_blk_mem_gen/valid.cstr/ramloop[0].ram.r/prim_noinit.ram/DEVICE_7SERIES.NO_BMM_INFO.SDP.WIDE_PRIM18.ram has an input control pin okHI/core0/core0/a0/cb0/U0/inst_fifo_gen/gconvfifo.rf/grf.rf/gntv_or_sync_fifo.mem/gbm.gbmg.gbmga.ngecc.bmg/inst_blk_mem_gen/gnbram.gnativebmg.native_blk_mem_gen/valid.cstr/ramloop[0].ram.r/prim_noinit.ram/DEVICE_7SERIES.NO_BMM_INFO.SDP.WIDE_PRIM18.ram/ADDRBWRADDR[9] (net: okHI/core0/core0/a0/cb0/U0/inst_fifo_gen/gconvfifo.rf/grf.rf/p_12_out[4]) which is driven by a register (okHI/core0/core0/a0/cb0/U0/inst_fifo_gen/gconvfifo.rf/grf.rf/gntv_or_sync_fifo.gl0.wr/wpntr/gcc0.gc0.count_d1_reg[4]) that has an active asychronous set or reset. This may cause corruption of the memory contents and/or read values when the set/reset is asserted and is not analyzed by the default static timing analysis. It is suggested to eliminate the use of a set/reset to registers driving this RAMB pin or else use a synchronous reset in which the assertion of the reset is timed by default.
WARNING: [DRC REQP-1840] RAMB18 async control check: The RAMB18E1 okHI/core0/core0/a0/cb0/U0/inst_fifo_gen/gconvfifo.rf/grf.rf/gntv_or_sync_fifo.mem/gbm.gbmg.gbmga.ngecc.bmg/inst_blk_mem_gen/gnbram.gnativebmg.native_blk_mem_gen/valid.cstr/ramloop[0].ram.r/prim_noinit.ram/DEVICE_7SERIES.NO_BMM_INFO.SDP.WIDE_PRIM18.ram has an input control pin okHI/core0/core0/a0/cb0/U0/inst_fifo_gen/gconvfifo.rf/grf.rf/gntv_or_sync_fifo.mem/gbm.gbmg.gbmga.ngecc.bmg/inst_blk_mem_gen/gnbram.gnativebmg.native_blk_mem_gen/valid.cstr/ramloop[0].ram.r/prim_noinit.ram/DEVICE_7SERIES.NO_BMM_INFO.SDP.WIDE_PRIM18.ram/ENARDEN (net: okHI/core0/core0/a0/cb0/U0/inst_fifo_gen/gconvfifo.rf/grf.rf/gntv_or_sync_fifo.mem/tmp_ram_rd_en) which is driven by a register (okHI/core0/core0/a0/cb0/U0/inst_fifo_gen/gconvfifo.rf/grf.rf/gntv_or_sync_fifo.gl0.rd/grss.rsts/ram_empty_fb_i_reg) that has an active asychronous set or reset. This may cause corruption of the memory contents and/or read values when the set/reset is asserted and is not analyzed by the default static timing analysis. It is suggested to eliminate the use of a set/reset to registers driving this RAMB pin or else use a synchronous reset in which the assertion of the reset is timed by default.
WARNING: [DRC REQP-1840] RAMB18 async control check: The RAMB18E1 okHI/core0/core0/a0/cb0/U0/inst_fifo_gen/gconvfifo.rf/grf.rf/gntv_or_sync_fifo.mem/gbm.gbmg.gbmga.ngecc.bmg/inst_blk_mem_gen/gnbram.gnativebmg.native_blk_mem_gen/valid.cstr/ramloop[0].ram.r/prim_noinit.ram/DEVICE_7SERIES.NO_BMM_INFO.SDP.WIDE_PRIM18.ram has an input control pin okHI/core0/core0/a0/cb0/U0/inst_fifo_gen/gconvfifo.rf/grf.rf/gntv_or_sync_fifo.mem/gbm.gbmg.gbmga.ngecc.bmg/inst_blk_mem_gen/gnbram.gnativebmg.native_blk_mem_gen/valid.cstr/ramloop[0].ram.r/prim_noinit.ram/DEVICE_7SERIES.NO_BMM_INFO.SDP.WIDE_PRIM18.ram/ENARDEN (net: okHI/core0/core0/a0/cb0/U0/inst_fifo_gen/gconvfifo.rf/grf.rf/gntv_or_sync_fifo.mem/tmp_ram_rd_en) which is driven by a register (okHI/core0/core0/a0/cb0/U0/inst_fifo_gen/gconvfifo.rf/grf.rf/rstblk/ngwrdrst.grst.g7serrst.gnsckt_wrst.rst_wr_reg2_inst/arststages_ff_reg[1]) that has an active asychronous set or reset. This may cause corruption of the memory contents and/or read values when the set/reset is asserted and is not analyzed by the default static timing analysis. It is suggested to eliminate the use of a set/reset to registers driving this RAMB pin or else use a synchronous reset in which the assertion of the reset is timed by default.
WARNING: [DRC REQP-1840] RAMB18 async control check: The RAMB18E1 okHI/core0/core0/a0/cb0/U0/inst_fifo_gen/gconvfifo.rf/grf.rf/gntv_or_sync_fifo.mem/gbm.gbmg.gbmga.ngecc.bmg/inst_blk_mem_gen/gnbram.gnativebmg.native_blk_mem_gen/valid.cstr/ramloop[0].ram.r/prim_noinit.ram/DEVICE_7SERIES.NO_BMM_INFO.SDP.WIDE_PRIM18.ram has an input control pin okHI/core0/core0/a0/cb0/U0/inst_fifo_gen/gconvfifo.rf/grf.rf/gntv_or_sync_fifo.mem/gbm.gbmg.gbmga.ngecc.bmg/inst_blk_mem_gen/gnbram.gnativebmg.native_blk_mem_gen/valid.cstr/ramloop[0].ram.r/prim_noinit.ram/DEVICE_7SERIES.NO_BMM_INFO.SDP.WIDE_PRIM18.ram/ENBWREN (net: okHI/core0/core0/a0/cb0/U0/inst_fifo_gen/gconvfifo.rf/grf.rf/p_19_out) which is driven by a register (okHI/core0/core0/a0/cb0/U0/inst_fifo_gen/gconvfifo.rf/grf.rf/gntv_or_sync_fifo.gl0.wr/gwss.wsts/ram_full_fb_i_reg) that has an active asychronous set or reset. This may cause corruption of the memory contents and/or read values when the set/reset is asserted and is not analyzed by the default static timing analysis. It is suggested to eliminate the use of a set/reset to registers driving this RAMB pin or else use a synchronous reset in which the assertion of the reset is timed by default.
WARNING: [DRC REQP-1840] RAMB18 async control check: The RAMB18E1 okHI/core0/core0/a0/cb0/U0/inst_fifo_gen/gconvfifo.rf/grf.rf/gntv_or_sync_fifo.mem/gbm.gbmg.gbmga.ngecc.bmg/inst_blk_mem_gen/gnbram.gnativebmg.native_blk_mem_gen/valid.cstr/ramloop[0].ram.r/prim_noinit.ram/DEVICE_7SERIES.NO_BMM_INFO.SDP.WIDE_PRIM18.ram has an input control pin okHI/core0/core0/a0/cb0/U0/inst_fifo_gen/gconvfifo.rf/grf.rf/gntv_or_sync_fifo.mem/gbm.gbmg.gbmga.ngecc.bmg/inst_blk_mem_gen/gnbram.gnativebmg.native_blk_mem_gen/valid.cstr/ramloop[0].ram.r/prim_noinit.ram/DEVICE_7SERIES.NO_BMM_INFO.SDP.WIDE_PRIM18.ram/RSTRAMARSTRAM (net: okHI/core0/core0/a0/cb0/U0/DEVICE_7SERIES.NO_BMM_INFO.SDP.WIDE_PRIM18.ram_i_3_n_0) which is driven by a register (okHI/core0/core0/a0/cb0/U0/inst_fifo_gen/gconvfifo.rf/grf.rf/rstblk/ngwrdrst.grst.g7serrst.gnsckt_wrst.rst_wr_reg2_inst/arststages_ff_reg[1]) that has an active asychronous set or reset. This may cause corruption of the memory contents and/or read values when the set/reset is asserted and is not analyzed by the default static timing analysis. It is suggested to eliminate the use of a set/reset to registers driving this RAMB pin or else use a synchronous reset in which the assertion of the reset is timed by default.
WARNING: [DRC REQP-1840] RAMB18 async control check: The RAMB18E1 okHI/core0/core0/a0/cb0/U0/inst_fifo_gen/gconvfifo.rf/grf.rf/gntv_or_sync_fifo.mem/gbm.gbmg.gbmga.ngecc.bmg/inst_blk_mem_gen/gnbram.gnativebmg.native_blk_mem_gen/valid.cstr/ramloop[0].ram.r/prim_noinit.ram/DEVICE_7SERIES.NO_BMM_INFO.SDP.WIDE_PRIM18.ram has an input control pin okHI/core0/core0/a0/cb0/U0/inst_fifo_gen/gconvfifo.rf/grf.rf/gntv_or_sync_fifo.mem/gbm.gbmg.gbmga.ngecc.bmg/inst_blk_mem_gen/gnbram.gnativebmg.native_blk_mem_gen/valid.cstr/ramloop[0].ram.r/prim_noinit.ram/DEVICE_7SERIES.NO_BMM_INFO.SDP.WIDE_PRIM18.ram/WEBWE[0] (net: okHI/core0/core0/a0/cb0/U0/inst_fifo_gen/gconvfifo.rf/grf.rf/p_19_out) which is driven by a register (okHI/core0/core0/a0/cb0/U0/inst_fifo_gen/gconvfifo.rf/grf.rf/gntv_or_sync_fifo.gl0.wr/gwss.wsts/ram_full_fb_i_reg) that has an active asychronous set or reset. This may cause corruption of the memory contents and/or read values when the set/reset is asserted and is not analyzed by the default static timing analysis. It is suggested to eliminate the use of a set/reset to registers driving this RAMB pin or else use a synchronous reset in which the assertion of the reset is timed by default.
WARNING: [DRC REQP-1840] RAMB18 async control check: The RAMB18E1 okHI/core0/core0/a0/cb0/U0/inst_fifo_gen/gconvfifo.rf/grf.rf/gntv_or_sync_fifo.mem/gbm.gbmg.gbmga.ngecc.bmg/inst_blk_mem_gen/gnbram.gnativebmg.native_blk_mem_gen/valid.cstr/ramloop[0].ram.r/prim_noinit.ram/DEVICE_7SERIES.NO_BMM_INFO.SDP.WIDE_PRIM18.ram has an input control pin okHI/core0/core0/a0/cb0/U0/inst_fifo_gen/gconvfifo.rf/grf.rf/gntv_or_sync_fifo.mem/gbm.gbmg.gbmga.ngecc.bmg/inst_blk_mem_gen/gnbram.gnativebmg.native_blk_mem_gen/valid.cstr/ramloop[0].ram.r/prim_noinit.ram/DEVICE_7SERIES.NO_BMM_INFO.SDP.WIDE_PRIM18.ram/WEBWE[1] (net: okHI/core0/core0/a0/cb0/U0/inst_fifo_gen/gconvfifo.rf/grf.rf/p_19_out) which is driven by a register (okHI/core0/core0/a0/cb0/U0/inst_fifo_gen/gconvfifo.rf/grf.rf/gntv_or_sync_fifo.gl0.wr/gwss.wsts/ram_full_fb_i_reg) that has an active asychronous set or reset. This may cause corruption of the memory contents and/or read values when the set/reset is asserted and is not analyzed by the default static timing analysis. It is suggested to eliminate the use of a set/reset to registers driving this RAMB pin or else use a synchronous reset in which the assertion of the reset is timed by default.
WARNING: [DRC REQP-1840] RAMB18 async control check: The RAMB18E1 okHI/core0/core0/a0/cb0/U0/inst_fifo_gen/gconvfifo.rf/grf.rf/gntv_or_sync_fifo.mem/gbm.gbmg.gbmga.ngecc.bmg/inst_blk_mem_gen/gnbram.gnativebmg.native_blk_mem_gen/valid.cstr/ramloop[0].ram.r/prim_noinit.ram/DEVICE_7SERIES.NO_BMM_INFO.SDP.WIDE_PRIM18.ram has an input control pin okHI/core0/core0/a0/cb0/U0/inst_fifo_gen/gconvfifo.rf/grf.rf/gntv_or_sync_fifo.mem/gbm.gbmg.gbmga.ngecc.bmg/inst_blk_mem_gen/gnbram.gnativebmg.native_blk_mem_gen/valid.cstr/ramloop[0].ram.r/prim_noinit.ram/DEVICE_7SERIES.NO_BMM_INFO.SDP.WIDE_PRIM18.ram/WEBWE[2] (net: okHI/core0/core0/a0/cb0/U0/inst_fifo_gen/gconvfifo.rf/grf.rf/p_19_out) which is driven by a register (okHI/core0/core0/a0/cb0/U0/inst_fifo_gen/gconvfifo.rf/grf.rf/gntv_or_sync_fifo.gl0.wr/gwss.wsts/ram_full_fb_i_reg) that has an active asychronous set or reset. This may cause corruption of the memory contents and/or read values when the set/reset is asserted and is not analyzed by the default static timing analysis. It is suggested to eliminate the use of a set/reset to registers driving this RAMB pin or else use a synchronous reset in which the assertion of the reset is timed by default.
WARNING: [DRC REQP-1840] RAMB18 async control check: The RAMB18E1 okHI/core0/core0/a0/cb0/U0/inst_fifo_gen/gconvfifo.rf/grf.rf/gntv_or_sync_fifo.mem/gbm.gbmg.gbmga.ngecc.bmg/inst_blk_mem_gen/gnbram.gnativebmg.native_blk_mem_gen/valid.cstr/ramloop[0].ram.r/prim_noinit.ram/DEVICE_7SERIES.NO_BMM_INFO.SDP.WIDE_PRIM18.ram has an input control pin okHI/core0/core0/a0/cb0/U0/inst_fifo_gen/gconvfifo.rf/grf.rf/gntv_or_sync_fifo.mem/gbm.gbmg.gbmga.ngecc.bmg/inst_blk_mem_gen/gnbram.gnativebmg.native_blk_mem_gen/valid.cstr/ramloop[0].ram.r/prim_noinit.ram/DEVICE_7SERIES.NO_BMM_INFO.SDP.WIDE_PRIM18.ram/WEBWE[3] (net: okHI/core0/core0/a0/cb0/U0/inst_fifo_gen/gconvfifo.rf/grf.rf/p_19_out) which is driven by a register (okHI/core0/core0/a0/cb0/U0/inst_fifo_gen/gconvfifo.rf/grf.rf/gntv_or_sync_fifo.gl0.wr/gwss.wsts/ram_full_fb_i_reg) that has an active asychronous set or reset. This may cause corruption of the memory contents and/or read values when the set/reset is asserted and is not analyzed by the default static timing analysis. It is suggested to eliminate the use of a set/reset to registers driving this RAMB pin or else use a synchronous reset in which the assertion of the reset is timed by default.
WARNING: [DRC RTSTAT-10] No routable loads: 2 net(s) have no routable loads. The problem bus(es) and/or net(s) are okHI/core0/core0/a0/cb0/U0/inst_fifo_gen/gconvfifo.rf/grf.rf/gntv_or_sync_fifo.gl0.wr/gwss.wsts/ram_afull_fb, and okHI/core0/core0/a0/cb0/U0/inst_fifo_gen/gconvfifo.rf/grf.rf/gntv_or_sync_fifo.gl0.wr/gwss.wsts/ram_afull_i.
INFO: [Vivado 12-3199] DRC finished with 0 Errors, 43 Warnings
INFO: [Vivado 12-3200] Please refer to the DRC report (report_drc) for more information.
INFO: [Designutils 20-2272] Running write_bitstream with 8 threads.
Loading data files...
Loading site data...
Loading route data...
Processing options...
Creating bitmap...
Creating bitstream...
Bitstream compression saved 25766208 bits.
Writing bitstream ./alu_top.bit...
INFO: [Vivado 12-1842] Bitgen Completed Successfully.
INFO: [Project 1-1876] WebTalk data collection is mandatory when using a ULT device. To see the specific WebTalk data collected for your design, open the usage_statistics_webtalk.html or usage_statistics_webtalk.xml file in the implementation directory.
INFO: [Common 17-83] Releasing license: Implementation
12 Infos, 43 Warnings, 0 Critical Warnings and 0 Errors encountered.
write_bitstream completed successfully
write_bitstream: Time (s): cpu = 00:00:12 ; elapsed = 00:00:20 . Memory (MB): peak = 4063.512 ; gain = 257.023 ; free physical = 383579 ; free virtual = 394432
INFO: [Common 17-206] Exiting Vivado at Fri Oct 10 00:36:50 2025...
