Copyright 1986-2022 Xilinx, Inc. All Rights Reserved.
------------------------------------------------------------------------------------
| Tool Version : Vivado v.2022.2 (lin64) Build 3671981 Fri Oct 14 04:59:54 MDT 2022
| Date         : Fri Oct  3 08:57:08 2025
| Host         : sec-academic-1.int.seas.harvard.edu running 64-bit unknown
| Command      : report_control_sets -verbose -file alu_top_control_sets_placed.rpt
| Design       : alu_top
| Device       : xc7a75t
------------------------------------------------------------------------------------

Control Set Information

Table of Contents
-----------------
1. Summary
2. Histogram
3. Flip-Flop Distribution
4. Detailed Control Set Information

1. Summary
----------

+----------------------------------------------------------+-------+
|                          Status                          | Count |
+----------------------------------------------------------+-------+
| Total control sets                                       |    52 |
|    Minimum number of control sets                        |    52 |
|    Addition due to synthesis replication                 |     0 |
|    Addition due to physical synthesis replication        |     0 |
| Unused register locations in slices containing registers |   119 |
+----------------------------------------------------------+-------+
* Control sets can be merged at opt_design using control_set_merge or merge_equivalent_drivers
** Run report_qor_suggestions for automated merging and remapping suggestions


2. Histogram
------------

+--------------------+-------+
|       Fanout       | Count |
+--------------------+-------+
| Total control sets |    52 |
| >= 0 to < 4        |     7 |
| >= 4 to < 6        |     8 |
| >= 6 to < 8        |     4 |
| >= 8 to < 10       |    10 |
| >= 10 to < 12      |     1 |
| >= 12 to < 14      |     3 |
| >= 14 to < 16      |     0 |
| >= 16              |    19 |
+--------------------+-------+
* Control sets can be remapped at either synth_design or opt_design


3. Flip-Flop Distribution
-------------------------

+--------------+-----------------------+------------------------+-----------------+--------------+
| Clock Enable | Synchronous Set/Reset | Asynchronous Set/Reset | Total Registers | Total Slices |
+--------------+-----------------------+------------------------+-----------------+--------------+
| No           | No                    | No                     |             140 |           57 |
| No           | No                    | Yes                    |              38 |           21 |
| No           | Yes                   | No                     |              22 |           10 |
| Yes          | No                    | No                     |             371 |          146 |
| Yes          | No                    | Yes                    |             158 |           40 |
| Yes          | Yes                   | No                     |             120 |           38 |
+--------------+-----------------------+------------------------+-----------------+--------------+


4. Detailed Control Set Information
-----------------------------------

+----------------------+------------------------------------------------------------------------------+------------------------------------------------------------------------------------------------------------------------------------------+------------------+----------------+--------------+
|     Clock Signal     |                                 Enable Signal                                |                                                             Set/Reset Signal                                                             | Slice Load Count | Bel Load Count | Bels / Slice |
+----------------------+------------------------------------------------------------------------------+------------------------------------------------------------------------------------------------------------------------------------------+------------------+----------------+--------------+
|  okHI/mmcm0_bufg_n_0 | okHI/core0/core0/a0/pc0/flag_enable                                          | okHI/core0/core0/a0/pc0/I1                                                                                                               |                2 |              2 |         1.00 |
|  okHI/mmcm0_bufg_n_0 |                                                                              | okHI/core0/core0/a0/cb0/U0/inst_fifo_gen/gconvfifo.rf/grf.rf/rstblk/rst_d2                                                               |                1 |              2 |         2.00 |
|  okHI/mmcm0_bufg_n_0 |                                                                              | okHI/core0/core0/a0/l62a5479e7989ce7f4d5507c695cc69cf                                                                                    |                1 |              2 |         2.00 |
|  okHI/mmcm0_bufg_n_0 |                                                                              | okHI/core0/core0/a0/cb0/U0/DEVICE_7SERIES.NO_BMM_INFO.SDP.WIDE_PRIM18.ram_i_3_n_0                                                        |                1 |              2 |         2.00 |
|  okHI/mmcm0_bufg_n_0 |                                                                              | okHI/core0/core0/a0/cb0/U0/inst_fifo_gen/gconvfifo.rf/grf.rf/rstblk/ngwrdrst.grst.g7serrst.gnsckt_wrst.rst_wr_reg2_inst/arststages_ff[1] |                1 |              3 |         3.00 |
|  okHI/mmcm0_bufg_n_0 |                                                                              | okHI/core0/core0/a0/lc12c7095b9bc056c60880aeb6055afb1                                                                                    |                2 |              3 |         1.50 |
|  okHI/mmcm0_bufg_n_0 | ep02/ep_datahold[31]_i_1_n_0                                                 |                                                                                                                                          |                1 |              3 |         3.00 |
|  okHI/mmcm0_bufg_n_0 |                                                                              | okHI/core0/core0/l40d74558a9789e6c998b44ab9d6b8ab8[5]_i_1_n_0                                                                            |                1 |              4 |         4.00 |
|  okHI/mmcm0_bufg_n_0 |                                                                              | okHI/core0/core0/ld307737e57d50d07f937891de086bf8e_i_1_n_0                                                                               |                1 |              4 |         4.00 |
|  okHI/mmcm0_bufg_n_0 | okHI/core0/core0/leeb76b405f165a9b4ab0606f3ea0b3c4[7]_i_1_n_0                |                                                                                                                                          |                2 |              4 |         2.00 |
|  okHI/mmcm0_bufg_n_0 | okHI/core0/core0/FSM_sequential_l8ff940a6bfc33211f22a7ff95e39fe60[3]_i_1_n_0 |                                                                                                                                          |                3 |              4 |         1.33 |
|  okHI/mmcm0_bufg_n_0 | okHI/core0/core0/l885bbeb94996347da66a8546671e4990[19]_i_1_n_0               |                                                                                                                                          |                1 |              4 |         4.00 |
|  okHI/mmcm0_bufg_n_0 | okHI/core0/core0/a0/p_0_in0                                                  |                                                                                                                                          |                1 |              4 |         4.00 |
|  okHI/mmcm0_bufg_n_0 | okHI/core0/core0/a0/l90ce46b343647bab4d280b5afc506219                        | okHI/core0/core0/a0/lc12c7095b9bc056c60880aeb6055afb1                                                                                    |                1 |              4 |         4.00 |
|  okHI/mmcm0_bufg_n_0 | okHI/core0/core0/lb6baf4ff3bf7fd83f0e79fbcb46cd849                           |                                                                                                                                          |                1 |              4 |         4.00 |
|  okHI/mmcm0_bufg_n_0 | okHI/core0/core0/l6d7b501652de6ba8ba55082874707b2a[5]_i_1_n_0                | okHI/okHC[38]                                                                                                                            |                5 |              6 |         1.20 |
|  okHI/mmcm0_bufg_n_0 | okHI/core0/core0/a0/d0/lfd4ae1d2a2f83cc540ba2af5c1891381                     | okHI/okHC[38]                                                                                                                            |                2 |              6 |         3.00 |
|  okHI/mmcm0_bufg_n_0 |                                                                              | okHI/core0/core0/a0/pc0/I1                                                                                                               |                3 |              6 |         2.00 |
|  okHI/mmcm0_bufg_n_0 | okHI/core0/core0/l92ae5a5037b0cc87c9562f3e505d14cf[6]_i_1_n_0                |                                                                                                                                          |                2 |              7 |         3.50 |
|  okHI/mmcm0_bufg_n_0 |                                                                              | okHI/core0/core0/a0/l770e51175fa898662b06f9e3b71c7bff[7]                                                                                 |                5 |              8 |         1.60 |
|  okHI/mmcm0_bufg_n_0 | okHI/core0/core0/a0/l37dbd1aafb403530c46407234a8f7286                        |                                                                                                                                          |                2 |              8 |         4.00 |
|  okHI/mmcm0_bufg_n_0 | okHI/core0/core0/l99ec1ebd2d898e73a64819e166db6b96[7]_i_1_n_0                |                                                                                                                                          |                3 |              8 |         2.67 |
|  okHI/mmcm0_bufg_n_0 | okHI/core0/core0/lbe59f904be1e8440c2d6333521aaa29a[7]_i_1_n_0                |                                                                                                                                          |                1 |              8 |         8.00 |
|  okHI/mmcm0_bufg_n_0 | okHI/core0/core0/lbe9e64305a7a66df6a9cf6dc987a1803[7]_i_1_n_0                |                                                                                                                                          |                3 |              8 |         2.67 |
|  okHI/mmcm0_bufg_n_0 | okHI/core0/core0/la3c64aadb28b65d3d578c9e403522ecb                           | okHI/okHC[38]                                                                                                                            |                3 |              8 |         2.67 |
|  okHI/mmcm0_bufg_n_0 | okHI/core0/core0/l9f43dc9d3787a4c1395542a254aee157[7]_i_1_n_0                |                                                                                                                                          |                6 |              8 |         1.33 |
|  okHI/mmcm0_bufg_n_0 | okHI/core0/core0/l885bbeb94996347da66a8546671e4990[7]_i_1_n_0                |                                                                                                                                          |                1 |              8 |         8.00 |
|  okHI/mmcm0_bufg_n_0 | okHI/core0/core0/l885bbeb94996347da66a8546671e4990[15]_i_1_n_0               |                                                                                                                                          |                1 |              8 |         8.00 |
|  okHI/mmcm0_bufg_n_0 | okHI/core0/core0/l350d3a095faafcfcc80a82d9f84ae4e0[7]_i_1_n_0                |                                                                                                                                          |                4 |              8 |         2.00 |
|  okHI/mmcm0_bufg_n_0 | okHI/mmcm0_locked                                                            | okHI/core0/core0/l6f2981c23c5f98e0d9d0e1d5acd3307d[31]_i_1_n_0                                                                           |                5 |             10 |         2.00 |
|  okHI/mmcm0_bufg_n_0 | okHI/core0/core0/a0/cb0/U0/inst_fifo_gen/gconvfifo.rf/grf.rf/p_19_out        | okHI/core0/core0/a0/cb0/U0/DEVICE_7SERIES.NO_BMM_INFO.SDP.WIDE_PRIM18.ram_i_3_n_0                                                        |                2 |             12 |         6.00 |
|  okHI/mmcm0_bufg_n_0 | okHI/core0/core0/a0/pc0/t_state_0                                            | okHI/core0/core0/a0/pc0/I1                                                                                                               |                3 |             12 |         4.00 |
|  okHI/mmcm0_bufg_n_0 | okHI/core0/core0/a0/cb0/U0/inst_fifo_gen/gconvfifo.rf/grf.rf/p_8_out         | okHI/core0/core0/a0/cb0/U0/DEVICE_7SERIES.NO_BMM_INFO.SDP.WIDE_PRIM18.ram_i_3_n_0                                                        |                2 |             12 |         6.00 |
|  okHI/mmcm0_bufg_n_0 | okHI/core0/core0/l436c8acfce09b790a2efb624a7c06514[15]_i_1_n_0               |                                                                                                                                          |                4 |             16 |         4.00 |
|  okHI/mmcm0_bufg_n_0 | okHI/core0/core0/lfa89f4c19946cfeedd23723568de9e12                           |                                                                                                                                          |                5 |             16 |         3.20 |
|  okHI/mmcm0_bufg_n_0 | okHI/core0/core0/a0/pc0/register_enable                                      |                                                                                                                                          |                2 |             16 |         8.00 |
|  okHI/mmcm0_bufg_n_0 | okHI/core0/core0/a0/pc0/spm_enable                                           |                                                                                                                                          |                4 |             16 |         4.00 |
|  okHI/mmcm0_bufg_n_0 | okHI/core0/core0/a0/pc0/t_state_0                                            |                                                                                                                                          |                2 |             16 |         8.00 |
|  okHI/mmcm0_bufg_n_0 | okHI/core0/core0/l4f8cd1ab062f5571ff66db47e3d281bf[19]_i_1_n_0               | okHI/core0/core0/a0/lc12c7095b9bc056c60880aeb6055afb1                                                                                    |                4 |             21 |         5.25 |
|  okHI/mmcm0_bufg_n_0 | okHI/mmcm0_locked                                                            |                                                                                                                                          |               12 |             23 |         1.92 |
|  okHI/mmcm0_bufg_n_0 | okHI/core0/core0/l84a7b0e1b51dfdd46f041d49e77ce017[23]_i_1_n_0               |                                                                                                                                          |               13 |             24 |         1.85 |
|  okHI/mmcm0_bufg_n_0 |                                                                              | okHI/okHC[38]                                                                                                                            |               15 |             26 |         1.73 |
|  okHI/mmcm0_bufg_n_0 | okHI/core0/core0/l0c94b19b36beba84283b1c1a65aa73f3[0]_i_1_n_0                | okHI/core0/core0/a0/lc12c7095b9bc056c60880aeb6055afb1                                                                                    |                8 |             32 |         4.00 |
|  okHI/mmcm0_bufg_n_0 | okHI/core0/core0/l0881048b06017db25aafb0dba883beb2[31]_i_2_n_0               | okHI/core0/core0/l0881048b06017db25aafb0dba883beb2[31]_i_1_n_0                                                                           |                9 |             32 |         3.56 |
|  okHI/mmcm0_bufg_n_0 | ep01/ep_datahold[31]_i_1_n_0                                                 |                                                                                                                                          |               10 |             32 |         3.20 |
|  okHI/mmcm0_bufg_n_0 | ep00/ep_datahold[31]_i_1_n_0                                                 |                                                                                                                                          |               14 |             32 |         2.29 |
|  okHI/mmcm0_bufg_n_0 | okHI/core0/core0/la531863f270e103597e1d9609a1ccaa8[31]_i_2_n_0               | okHI/core0/core0/la531863f270e103597e1d9609a1ccaa8[31]_i_1_n_0                                                                           |                9 |             32 |         3.56 |
|  okHI/mmcm0_bufg_n_0 | okHI/core0/core0/lab8c81cec3709c0416d0acf79f37f087[31]_i_2_n_0               | okHI/core0/core0/lab8c81cec3709c0416d0acf79f37f087[31]_i_1_n_0                                                                           |               10 |             32 |         3.20 |
|  okHI/mmcm0_bufg_n_0 | okHI/core0/core0/le78b033d3a3b15350c4085b407bdacef[31]_i_1_n_0               |                                                                                                                                          |               17 |             32 |         1.88 |
|  okHI/mmcm0_bufg_n_0 | okHI/core0/core0/a0/d0/le5e2e6110dd7478b8ed0143f21b04d30                     | okHI/okHC[38]                                                                                                                            |               13 |             57 |         4.38 |
|  okHI/mmcm0_bufg_n_0 | okHI/core0/core0/la3961964bfb74e16d8f10c3007437f68[44]                       |                                                                                                                                          |               39 |            102 |         2.62 |
|  okHI/mmcm0_bufg_n_0 |                                                                              |                                                                                                                                          |               57 |            140 |         2.46 |
+----------------------+------------------------------------------------------------------------------+------------------------------------------------------------------------------------------------------------------------------------------+------------------+----------------+--------------+


