#-----------------------------------------------------------
# Vivado v2022.2 (64-bit)
# SW Build 3671981 on Fri Oct 14 04:59:54 MDT 2022
# IP Build 3669848 on Fri Oct 14 08:30:02 MDT 2022
# Start of session at: Thu Oct  2 18:42:23 2025
# Process ID: 80386
# Current directory: /home/khyang/harvard/cs1410_lab/lab2
# Command line: vivado
# Log file: /home/khyang/harvard/cs1410_lab/lab2/vivado.log
# Journal file: /home/khyang/harvard/cs1410_lab/lab2/vivado.jou
# Running On: sec-academic-1.int.seas.harvard.edu, OS: Linux, CPU Frequency: 3100.044 MHz, CPU Physical cores: 26, Host memory: 539830 MB
#-----------------------------------------------------------
start_gui
WARNING: [Board 49-26] cannot add Board Part xilinx.com:vek280_es:part0:1.0 available at /software/xilinx-tools-2022/Vivado/2022.2/data/xhub/boards/XilinxBoardStore/boards/Xilinx/vek280/es/1.0/board.xml as part xcve2802-vsvh1760-2lp-e-s-es1 specified in board_part file is either invalid or not available
WARNING: [Board 49-26] cannot add Board Part xilinx.com:vhk158_es:part0:1.0 available at /software/xilinx-tools-2022/Vivado/2022.2/data/xhub/boards/XilinxBoardStore/boards/Xilinx/vhk158/es/1.0/board.xml as part xcvh1582-vsva3697-2mp-e-s-es1 specified in board_part file is either invalid or not available
WARNING: [Board 49-26] cannot add Board Part xilinx.com:vpk120_es:part0:1.2 available at /software/xilinx-tools-2022/Vivado/2022.2/data/xhub/boards/XilinxBoardStore/boards/Xilinx/vpk120/es/1.2/board.xml as part xcvp1202-vsva2785-2mp-e-s-es1 specified in board_part file is either invalid or not available
WARNING: [Board 49-26] cannot add Board Part xilinx.com:vpk120_es_revb:part0:1.0 available at /software/xilinx-tools-2022/Vivado/2022.2/data/xhub/boards/XilinxBoardStore/boards/Xilinx/vpk120_revb/es/1.0/board.xml as part xcvp1202-vsva2785-2mp-e-s-es1 specified in board_part file is either invalid or not available
WARNING: [Board 49-26] cannot add Board Part xilinx.com:vpk180_es:part0:1.0 available at /software/xilinx-tools-2022/Vivado/2022.2/data/xhub/boards/XilinxBoardStore/boards/Xilinx/vpk180/es/1.0/board.xml as part xcvp1802-lsvc4072-2mp-e-s-es1 specified in board_part file is either invalid or not available
WARNING: [Board 49-26] cannot add Board Part xilinx.com:zcu208ld:part0:2.0 available at /software/xilinx-tools-2022/Vivado/2022.2/data/xhub/boards/XilinxBoardStore/boards/Xilinx/zcu208ld/production/2.0/board.xml as part xczu58dr-fsvg1517-2-i specified in board_part file is either invalid or not available
WARNING: [Board 49-26] cannot add Board Part xilinx.com:zcu216ld:part0:2.0 available at /software/xilinx-tools-2022/Vivado/2022.2/data/xhub/boards/XilinxBoardStore/boards/Xilinx/zcu216ld/production/2.0/board.xml as part xczu59dr-ffvf1760-2-i specified in board_part file is either invalid or not available
WARNING: [Board 49-26] cannot add Board Part xilinx.com:zcu670:part0:2.0 available at /software/xilinx-tools-2022/Vivado/2022.2/data/xhub/boards/XilinxBoardStore/boards/Xilinx/zcu670/2.0/board.xml as part xczu67dr-fsve1156-2-i specified in board_part file is either invalid or not available
WARNING: [Board 49-26] cannot add Board Part xilinx.com:zcu670ld:part0:1.0 available at /software/xilinx-tools-2022/Vivado/2022.2/data/xhub/boards/XilinxBoardStore/boards/Xilinx/zcu670ld/1.0/board.xml as part xczu57dr-fsve1156-2-i specified in board_part file is either invalid or not available
open_project /home/khyang/harvard/cs1410_lab/lab2/lab2_server/CS1410_lab2.xpr
INFO: [Project 1-313] Project file moved from '/home/victorcai/cs1410_lab/lab2/lab2_server' since last save.
INFO: [filemgmt 56-3] Default IP Output Path : Could not find the directory '/home/khyang/harvard/cs1410_lab/lab2/lab2_server/CS1410_lab2.gen/sources_1'.
WARNING: [filemgmt 56-3] IPUserFilesDir: Could not find the directory '/home/khyang/harvard/cs1410_lab/lab2/lab2_server/CS1410_lab2.ip_user_files'.
Scanning sources...
Finished scanning sources
WARNING: [Project 1-509] GeneratedRun file for 'synth_1' not found
WARNING: [Project 1-509] GeneratedRun file for 'impl_1' not found
INFO: [IP_Flow 19-234] Refreshing IP repositories
INFO: [IP_Flow 19-1704] No user IP repositories specified
INFO: [IP_Flow 19-2313] Loaded Vivado IP repository '/software/xilinx-tools-2022/Vivado/2022.2/data/ip'.
update_compile_order -fileset sources_1
file mkdir /home/khyang/harvard/cs1410_lab/lab2/lab2_server/CS1410_lab2.srcs/sources_1/new
close [ open /home/khyang/harvard/cs1410_lab/lab2/lab2_server/CS1410_lab2.srcs/sources_1/new/mux_2x1.v w ]
add_files /home/khyang/harvard/cs1410_lab/lab2/lab2_server/CS1410_lab2.srcs/sources_1/new/mux_2x1.v
update_compile_order -fileset sources_1
set_property source_mgmt_mode DisplayOnly [current_project]
reorder_files -front /home/khyang/harvard/cs1410_lab/lab2/lab2_server/CS1410_lab2.srcs/sources_1/new/mux_2x1.v
export_ip_user_files -of_objects  [get_files /home/khyang/harvard/cs1410_lab/lab2/lab2_server/CS1410_lab2.srcs/sources_1/new/mux_2x1.v] -no_script -reset -force -quiet
remove_files  /home/khyang/harvard/cs1410_lab/lab2/lab2_server/CS1410_lab2.srcs/sources_1/new/mux_2x1.v
exit
INFO: [Common 17-206] Exiting Vivado at Thu Oct  2 19:23:59 2025...
